<?xml version="1.0" encoding="UTF-8"?>
<!-- Generated by org.testng.reporters.JUnitXMLReporter -->
<testsuite ignored="0" hostname="DESKTOP-AJNVIH5" failures="0" tests="3" name="Announcement Updation" time="31.872" errors="0" timestamp="2024-02-01T14:58:56 IST">
  <testcase classname="Admin_Configuration_UpdateFlow.Update_Announcement" name="Update_AnnouncementStatus" time="2.605"/>
  <testcase classname="Admin_Configuration_UpdateFlow.Update_Announcement" name="Update_AnnouncementMessage" time="4.181"/>
  <testcase classname="Admin_Configuration_UpdateFlow.Update_Announcement" name="Update_AnnouncementCampaign" time="4.846"/>
</testsuite> <!-- Announcement Updation -->
