<?xml version="1.0" encoding="UTF-8"?>
<!-- Generated by org.testng.reporters.JUnitXMLReporter -->
<testsuite ignored="0" hostname="DESKTOP-AJNVIH5" failures="0" tests="3" name="Announcement Updation" time="35.625" errors="0" timestamp="2024-01-30T22:53:12 IST">
  <testcase classname="Admin_Configuration_UpdateFlow.Update_Announcement" name="Update_AnnouncementStatus" time="2.743"/>
  <testcase classname="Admin_Configuration_UpdateFlow.Update_Announcement" name="Update_AnnouncementMessage" time="4.399"/>
  <testcase classname="Admin_Configuration_UpdateFlow.Update_Announcement" name="Update_AnnouncementCampaign" time="5.018"/>
</testsuite> <!-- Announcement Updation -->
