<?xml version="1.0" encoding="UTF-8"?>
<!-- Generated by org.testng.reporters.JUnitXMLReporter -->
<testsuite ignored="0" hostname="DESKTOP-AJNVIH5" failures="0" tests="3" name="Queue Updation" time="34.004" errors="0" timestamp="2024-02-01T14:56:09 IST">
  <testcase classname="Admin_Configuration_UpdateFlow.Update_Queue" name="Update_QueueStrategy" time="3.597"/>
  <testcase classname="Admin_Configuration_UpdateFlow.Update_Queue" name="Update_QueueWaitTime" time="2.82"/>
  <testcase classname="Admin_Configuration_UpdateFlow.Update_Queue" name="Update_QueueRestart" time="4.929"/>
</testsuite> <!-- Queue Updation -->
