<?xml version="1.0" encoding="UTF-8"?>
<!-- Generated by org.testng.reporters.JUnitXMLReporter -->
<testsuite ignored="0" hostname="DESKTOP-AJNVIH5" failures="0" tests="1" name="Announcement Creation" time="0.007" errors="0" timestamp="2024-01-10T23:06:20 IST">
  <testcase classname="Configuration_CreationFlow.Create_Announcement" name="@BeforeMethod Setup" time="0.001">
    <failure type="java.lang.NullPointerException" message="Cannot invoke &amp;quot;org.openqa.selenium.WebDriver.findElement(org.openqa.selenium.By)&amp;quot; because &amp;quot;this.driver&amp;quot; is null">
      <![CDATA[java.lang.NullPointerException: Cannot invoke "org.openqa.selenium.WebDriver.findElement(org.openqa.selenium.By)" because "this.driver" is null
at Configuration_CreationFlow.Create_Announcement.Setup(Create_Announcement.java:21)
at java.base/java.util.ArrayList.forEach(ArrayList.java:1511)
... Removed 31 stack frames]]>
    </failure>
  </testcase> <!-- @BeforeMethod Setup -->
  <testcase classname="Configuration_CreationFlow.Create_Announcement" name="Create_Announcement" time="0.0">
    <skipped/>
  </testcase> <!-- Create_Announcement -->
</testsuite> <!-- Announcement Creation -->
