<?xml version="1.0" encoding="UTF-8"?>
<!-- Generated by org.testng.reporters.JUnitXMLReporter -->
<testsuite ignored="0" hostname="DESKTOP-AJNVIH5" failures="0" tests="1" name="BlockList Upload" time="0.027" errors="0" timestamp="2024-01-11T09:44:48 IST">
  <testcase classname="Configuration_CreationFlow.BlockList" name="@BeforeTest Setup" time="0.002">
    <failure type="java.lang.NullPointerException" message="Cannot invoke &amp;quot;org.openqa.selenium.WebDriver.findElement(org.openqa.selenium.By)&amp;quot; because &amp;quot;this.driver&amp;quot; is null">
      <![CDATA[java.lang.NullPointerException: Cannot invoke "org.openqa.selenium.WebDriver.findElement(org.openqa.selenium.By)" because "this.driver" is null
at Configuration_CreationFlow.BlockList.Setup(BlockList.java:24)
... Removed 24 stack frames]]>
    </failure>
  </testcase> <!-- @BeforeTest Setup -->
  <testcase classname="Configuration_CreationFlow.BlockList" name="Uplode_BlockList" time="0.0">
    <skipped/>
  </testcase> <!-- Uplode_BlockList -->
</testsuite> <!-- BlockList Upload -->
