<?xml version="1.0" encoding="UTF-8"?>
<!-- Generated by org.testng.reporters.JUnitXMLReporter -->
<testsuite ignored="0" hostname="DESKTOP-AJNVIH5" failures="0" tests="1" name="DID Number Upload" time="0.008" errors="0" timestamp="2024-01-10T23:06:20 IST">
  <testcase classname="Configuration_CreationFlow.Uplode_DIDNumber" name="@BeforeMethod Setup" time="0.001">
    <failure type="java.lang.NullPointerException" message="Cannot invoke &amp;quot;org.openqa.selenium.WebDriver.findElement(org.openqa.selenium.By)&amp;quot; because &amp;quot;this.driver&amp;quot; is null">
      <![CDATA[java.lang.NullPointerException: Cannot invoke "org.openqa.selenium.WebDriver.findElement(org.openqa.selenium.By)" because "this.driver" is null
at Configuration_CreationFlow.Uplode_DIDNumber.Setup(Uplode_DIDNumber.java:23)
at java.base/java.util.ArrayList.forEach(ArrayList.java:1511)
... Removed 31 stack frames]]>
    </failure>
  </testcase> <!-- @BeforeMethod Setup -->
  <testcase classname="Configuration_CreationFlow.Uplode_DIDNumber" name="Uplode_DID" time="0.0">
    <skipped/>
  </testcase> <!-- Uplode_DID -->
</testsuite> <!-- DID Number Upload -->
