<?xml version="1.0" encoding="UTF-8"?>
<!-- Generated by org.testng.reporters.JUnitXMLReporter -->
<testsuite ignored="0" hostname="DESKTOP-AJNVIH5" failures="0" tests="1" name="Disposition Creation" time="0.021" errors="0" timestamp="2024-01-10T19:46:18 IST">
  <testcase classname="Disposition.Dispo_Creation" name="@BeforeMethod Setup" time="-1.704896178002E9">
    <skipped/>
  </testcase> <!-- @BeforeMethod Setup -->
  <testcase classname="Disposition.Dispo_Creation" name="Create_Disposition" time="0.0">
    <skipped/>
  </testcase> <!-- Create_Disposition -->
</testsuite> <!-- Disposition Creation -->
