<?xml version="1.0" encoding="UTF-8"?>
<!-- Generated by org.testng.reporters.JUnitXMLReporter -->
<testsuite ignored="0" hostname="DESKTOP-AJNVIH5" failures="0" tests="1" name="Manual DID Creation" time="0.007" errors="0" timestamp="2024-01-11T09:44:48 IST">
  <testcase classname="Configuration_CreationFlow.Manual_DID_Creation" name="@BeforeTest Setup" time="0.0">
    <failure type="java.lang.NullPointerException" message="Cannot invoke &amp;quot;org.openqa.selenium.WebDriver.findElement(org.openqa.selenium.By)&amp;quot; because &amp;quot;this.driver&amp;quot; is null">
      <![CDATA[java.lang.NullPointerException: Cannot invoke "org.openqa.selenium.WebDriver.findElement(org.openqa.selenium.By)" because "this.driver" is null
at Configuration_CreationFlow.Manual_DID_Creation.Setup(Manual_DID_Creation.java:19)
... Removed 24 stack frames]]>
    </failure>
  </testcase> <!-- @BeforeTest Setup -->
  <testcase classname="Configuration_CreationFlow.Manual_DID_Creation" name="Manual_DID_Creation" time="0.0">
    <skipped/>
  </testcase> <!-- Manual_DID_Creation -->
</testsuite> <!-- Manual DID Creation -->
