<?xml version="1.0" encoding="UTF-8"?>
<testng-results ignored="0" total="1" passed="1" failed="0" skipped="0">
  <reporter-output>
  </reporter-output>
  <suite started-at="2024-01-20T00:19:05 IST" name="Default suite" finished-at="2024-01-20T00:19:34 IST" duration-ms="28653">
    <groups>
    </groups>
    <test started-at="2024-01-20T00:19:05 IST" name="Default test" finished-at="2024-01-20T00:19:34 IST" duration-ms="28653">
      <class name="Channel.Delete_Channel">
        <test-method is-config="true" signature="Login()[pri:0, instance:Channel.Delete_Channel@6fd83fc1]" started-at="2024-01-20T00:19:06 IST" name="Login" finished-at="2024-01-20T00:19:27 IST" duration-ms="21507" status="PASS">
          <reporter-output>
          </reporter-output>
        </test-method> <!-- Login -->
        <test-method is-config="true" signature="Setip()[pri:0, instance:Channel.Delete_Channel@6fd83fc1]" started-at="2024-01-20T00:19:27 IST" name="Setip" finished-at="2024-01-20T00:19:29 IST" duration-ms="1460" status="PASS">
          <reporter-output>
          </reporter-output>
        </test-method> <!-- Setip -->
        <test-method signature="Delete_Channel()[pri:0, instance:Channel.Delete_Channel@6fd83fc1]" started-at="2024-01-20T00:19:29 IST" name="Delete_Channel" finished-at="2024-01-20T00:19:33 IST" duration-ms="4325" status="PASS">
          <reporter-output>
          </reporter-output>
        </test-method> <!-- Delete_Channel -->
        <test-method is-config="true" signature="Quit()[pri:0, instance:Channel.Delete_Channel@6fd83fc1]" started-at="2024-01-20T00:19:33 IST" name="Quit" finished-at="2024-01-20T00:19:34 IST" duration-ms="1296" status="PASS">
          <reporter-output>
          </reporter-output>
        </test-method> <!-- Quit -->
      </class> <!-- Channel.Delete_Channel -->
    </test> <!-- Default test -->
  </suite> <!-- Default suite -->
</testng-results>
