<?xml version="1.0" encoding="UTF-8"?>
<testng-results ignored="0" total="5" passed="4" failed="1" skipped="0">
  <reporter-output>
  </reporter-output>
  <suite started-at="2024-02-13T17:11:58 IST" name="CRM Deletion Flow Testing" finished-at="2024-02-13T17:13:09 IST" duration-ms="71469">
    <groups>
    </groups>
    <test started-at="2024-02-13T17:11:58 IST" name="Preview Campaign Deletion" finished-at="2024-02-13T17:12:15 IST" duration-ms="17362">
      <class name="Admin_CRM_DeleteFlow.Delete_Campaign">
        <test-method is-config="true" signature="Login()[pri:0, instance:Admin_CRM_DeleteFlow.Delete_Campaign@c88a337]" started-at="2024-02-13T17:11:58 IST" name="Login" finished-at="2024-02-13T17:12:09 IST" duration-ms="11831" status="PASS">
          <reporter-output>
          </reporter-output>
        </test-method> <!-- Login -->
        <test-method is-config="true" signature="Setup()[pri:0, instance:Admin_CRM_DeleteFlow.Delete_Campaign@c88a337]" started-at="2024-02-13T17:12:09 IST" name="Setup" finished-at="2024-02-13T17:12:11 IST" depends-on-methods="Login.AdminLogin.Login" duration-ms="1541" status="PASS">
          <reporter-output>
          </reporter-output>
        </test-method> <!-- Setup -->
        <test-method signature="Delete_Campaign(java.lang.String)[pri:0, instance:Admin_CRM_DeleteFlow.Delete_Campaign@c88a337]" started-at="2024-02-13T17:12:11 IST" name="Delete_Campaign" finished-at="2024-02-13T17:12:14 IST" duration-ms="2562" status="PASS">
          <params>
            <param index="0">
              <value>
                <![CDATA[Preview Campaign]]>
              </value>
            </param>
          </params>
          <reporter-output>
          </reporter-output>
        </test-method> <!-- Delete_Campaign -->
        <test-method is-config="true" signature="Quit()[pri:0, instance:Admin_CRM_DeleteFlow.Delete_Campaign@c88a337]" started-at="2024-02-13T17:12:14 IST" name="Quit" finished-at="2024-02-13T17:12:15 IST" duration-ms="1387" status="PASS">
          <reporter-output>
          </reporter-output>
        </test-method> <!-- Quit -->
      </class> <!-- Admin_CRM_DeleteFlow.Delete_Campaign -->
    </test> <!-- Preview Campaign Deletion -->
    <test started-at="2024-02-13T17:12:15 IST" name="Inbound Campaign Deletion" finished-at="2024-02-13T17:12:29 IST" duration-ms="14422">
      <class name="Admin_CRM_DeleteFlow.Delete_Campaign">
        <test-method is-config="true" signature="Login()[pri:0, instance:Admin_CRM_DeleteFlow.Delete_Campaign@6bd61f98]" started-at="2024-02-13T17:12:15 IST" name="Login" finished-at="2024-02-13T17:12:24 IST" duration-ms="9051" status="PASS">
          <reporter-output>
          </reporter-output>
        </test-method> <!-- Login -->
        <test-method is-config="true" signature="Setup()[pri:0, instance:Admin_CRM_DeleteFlow.Delete_Campaign@6bd61f98]" started-at="2024-02-13T17:12:24 IST" name="Setup" finished-at="2024-02-13T17:12:26 IST" depends-on-methods="Login.AdminLogin.Login" duration-ms="1548" status="PASS">
          <reporter-output>
          </reporter-output>
        </test-method> <!-- Setup -->
        <test-method signature="Delete_Campaign(java.lang.String)[pri:0, instance:Admin_CRM_DeleteFlow.Delete_Campaign@6bd61f98]" started-at="2024-02-13T17:12:26 IST" name="Delete_Campaign" finished-at="2024-02-13T17:12:28 IST" duration-ms="2433" status="PASS">
          <params>
            <param index="0">
              <value>
                <![CDATA[Inbound Campaign]]>
              </value>
            </param>
          </params>
          <reporter-output>
          </reporter-output>
        </test-method> <!-- Delete_Campaign -->
        <test-method is-config="true" signature="Quit()[pri:0, instance:Admin_CRM_DeleteFlow.Delete_Campaign@6bd61f98]" started-at="2024-02-13T17:12:28 IST" name="Quit" finished-at="2024-02-13T17:12:29 IST" duration-ms="1387" status="PASS">
          <reporter-output>
          </reporter-output>
        </test-method> <!-- Quit -->
      </class> <!-- Admin_CRM_DeleteFlow.Delete_Campaign -->
    </test> <!-- Inbound Campaign Deletion -->
    <test started-at="2024-02-13T17:12:29 IST" name="Predictive Campaign Deletion" finished-at="2024-02-13T17:12:43 IST" duration-ms="13888">
      <class name="Admin_CRM_DeleteFlow.Delete_Campaign">
        <test-method is-config="true" signature="Login()[pri:0, instance:Admin_CRM_DeleteFlow.Delete_Campaign@54e1c68b]" started-at="2024-02-13T17:12:29 IST" name="Login" finished-at="2024-02-13T17:12:38 IST" duration-ms="8595" status="PASS">
          <reporter-output>
          </reporter-output>
        </test-method> <!-- Login -->
        <test-method is-config="true" signature="Setup()[pri:0, instance:Admin_CRM_DeleteFlow.Delete_Campaign@54e1c68b]" started-at="2024-02-13T17:12:38 IST" name="Setup" finished-at="2024-02-13T17:12:39 IST" depends-on-methods="Login.AdminLogin.Login" duration-ms="1526" status="PASS">
          <reporter-output>
          </reporter-output>
        </test-method> <!-- Setup -->
        <test-method signature="Delete_Campaign(java.lang.String)[pri:0, instance:Admin_CRM_DeleteFlow.Delete_Campaign@54e1c68b]" started-at="2024-02-13T17:12:39 IST" name="Delete_Campaign" finished-at="2024-02-13T17:12:42 IST" duration-ms="2463" status="PASS">
          <params>
            <param index="0">
              <value>
                <![CDATA[Predictive Campaign]]>
              </value>
            </param>
          </params>
          <reporter-output>
          </reporter-output>
        </test-method> <!-- Delete_Campaign -->
        <test-method is-config="true" signature="Quit()[pri:0, instance:Admin_CRM_DeleteFlow.Delete_Campaign@54e1c68b]" started-at="2024-02-13T17:12:42 IST" name="Quit" finished-at="2024-02-13T17:12:43 IST" duration-ms="1300" status="PASS">
          <reporter-output>
          </reporter-output>
        </test-method> <!-- Quit -->
      </class> <!-- Admin_CRM_DeleteFlow.Delete_Campaign -->
    </test> <!-- Predictive Campaign Deletion -->
    <test started-at="2024-02-13T17:12:43 IST" name="Power Campaign Deletion" finished-at="2024-02-13T17:12:58 IST" duration-ms="14288">
      <class name="Admin_CRM_DeleteFlow.Delete_Campaign">
        <test-method is-config="true" signature="Login()[pri:0, instance:Admin_CRM_DeleteFlow.Delete_Campaign@73e9cf30]" started-at="2024-02-13T17:12:43 IST" name="Login" finished-at="2024-02-13T17:12:52 IST" duration-ms="8967" status="PASS">
          <reporter-output>
          </reporter-output>
        </test-method> <!-- Login -->
        <test-method is-config="true" signature="Setup()[pri:0, instance:Admin_CRM_DeleteFlow.Delete_Campaign@73e9cf30]" started-at="2024-02-13T17:12:52 IST" name="Setup" finished-at="2024-02-13T17:12:54 IST" depends-on-methods="Login.AdminLogin.Login" duration-ms="1576" status="PASS">
          <reporter-output>
          </reporter-output>
        </test-method> <!-- Setup -->
        <test-method signature="Delete_Campaign(java.lang.String)[pri:0, instance:Admin_CRM_DeleteFlow.Delete_Campaign@73e9cf30]" started-at="2024-02-13T17:12:54 IST" name="Delete_Campaign" finished-at="2024-02-13T17:12:56 IST" duration-ms="2436" status="PASS">
          <params>
            <param index="0">
              <value>
                <![CDATA[Power Campaign]]>
              </value>
            </param>
          </params>
          <reporter-output>
          </reporter-output>
        </test-method> <!-- Delete_Campaign -->
        <test-method is-config="true" signature="Quit()[pri:0, instance:Admin_CRM_DeleteFlow.Delete_Campaign@73e9cf30]" started-at="2024-02-13T17:12:56 IST" name="Quit" finished-at="2024-02-13T17:12:58 IST" duration-ms="1306" status="PASS">
          <reporter-output>
          </reporter-output>
        </test-method> <!-- Quit -->
      </class> <!-- Admin_CRM_DeleteFlow.Delete_Campaign -->
    </test> <!-- Power Campaign Deletion -->
    <test started-at="2024-02-13T17:12:58 IST" name="VoiceBlast Campaign Deletion" finished-at="2024-02-13T17:13:09 IST" duration-ms="11421">
      <class name="Admin_CRM_DeleteFlow.Delete_Campaign">
        <test-method is-config="true" signature="Login()[pri:0, instance:Admin_CRM_DeleteFlow.Delete_Campaign@1ed6388a]" started-at="2024-02-13T17:12:58 IST" name="Login" finished-at="2024-02-13T17:13:06 IST" duration-ms="8531" status="PASS">
          <reporter-output>
          </reporter-output>
        </test-method> <!-- Login -->
        <test-method is-config="true" signature="Setup()[pri:0, instance:Admin_CRM_DeleteFlow.Delete_Campaign@1ed6388a]" started-at="2024-02-13T17:13:06 IST" name="Setup" finished-at="2024-02-13T17:13:08 IST" depends-on-methods="Login.AdminLogin.Login" duration-ms="1537" status="PASS">
          <reporter-output>
          </reporter-output>
        </test-method> <!-- Setup -->
        <test-method signature="Delete_Campaign(java.lang.String)[pri:0, instance:Admin_CRM_DeleteFlow.Delete_Campaign@1ed6388a]" started-at="2024-02-13T17:13:08 IST" name="Delete_Campaign" finished-at="2024-02-13T17:13:08 IST" duration-ms="24" status="FAIL">
          <params>
            <param index="0">
              <value>
                <![CDATA[VoiceBlast Campaign]]>
              </value>
            </param>
          </params>
          <exception class="org.openqa.selenium.NoSuchElementException">
            <message>
              <![CDATA[no such element: Unable to locate element: {"method":"xpath","selector":"//td[text()='VoiceBlast Campaign']//following-sibling::td[8]//i[@class='v-icon mr-2 v-icon--link material-icons theme--light red--text']"}
  (Session info: chrome=121.0.6167.161)
For documentation on this error, please visit: https://www.selenium.dev/documentation/webdriver/troubleshooting/errors#no-such-element-exception
Build info: version: '4.16.1', revision: '9b4c83354e'
System info: os.name: 'Windows 10', os.arch: 'amd64', os.version: '10.0', java.version: '17.0.8.1'
Driver info: org.openqa.selenium.chrome.ChromeDriver
Command: [e2c9b70c568a8b64e8b9439810ba615d, findElement {using=xpath, value=//td[text()='VoiceBlast Campaign']//following-sibling::td[8]//i[@class='v-icon mr-2 v-icon--link material-icons theme--light red--text']}]
Capabilities {acceptInsecureCerts: false, browserName: chrome, browserVersion: 121.0.6167.161, chrome: {chromedriverVersion: 121.0.6167.85 (3f98d690ad7e..., userDataDir: C:\Users\User\AppData\Local...}, fedcm:accounts: true, goog:chromeOptions: {debuggerAddress: localhost:53487}, networkConnectionEnabled: false, pageLoadStrategy: normal, platformName: windows, proxy: Proxy(), se:cdp: ws://localhost:53487/devtoo..., se:cdpVersion: 121.0.6167.161, setWindowRect: true, strictFileInteractability: false, timeouts: {implicit: 0, pageLoad: 300000, script: 30000}, unhandledPromptBehavior: dismiss and notify, webauthn:extension:credBlob: true, webauthn:extension:largeBlob: true, webauthn:extension:minPinLength: true, webauthn:extension:prf: true, webauthn:virtualAuthenticators: true}
Session ID: e2c9b70c568a8b64e8b9439810ba615d]]>
            </message>
            <full-stacktrace>
              <![CDATA[org.openqa.selenium.NoSuchElementException: no such element: Unable to locate element: {"method":"xpath","selector":"//td[text()='VoiceBlast Campaign']//following-sibling::td[8]//i[@class='v-icon mr-2 v-icon--link material-icons theme--light red--text']"}
  (Session info: chrome=121.0.6167.161)
For documentation on this error, please visit: https://www.selenium.dev/documentation/webdriver/troubleshooting/errors#no-such-element-exception
Build info: version: '4.16.1', revision: '9b4c83354e'
System info: os.name: 'Windows 10', os.arch: 'amd64', os.version: '10.0', java.version: '17.0.8.1'
Driver info: org.openqa.selenium.chrome.ChromeDriver
Command: [e2c9b70c568a8b64e8b9439810ba615d, findElement {using=xpath, value=//td[text()='VoiceBlast Campaign']//following-sibling::td[8]//i[@class='v-icon mr-2 v-icon--link material-icons theme--light red--text']}]
Capabilities {acceptInsecureCerts: false, browserName: chrome, browserVersion: 121.0.6167.161, chrome: {chromedriverVersion: 121.0.6167.85 (3f98d690ad7e..., userDataDir: C:\Users\User\AppData\Local...}, fedcm:accounts: true, goog:chromeOptions: {debuggerAddress: localhost:53487}, networkConnectionEnabled: false, pageLoadStrategy: normal, platformName: windows, proxy: Proxy(), se:cdp: ws://localhost:53487/devtoo..., se:cdpVersion: 121.0.6167.161, setWindowRect: true, strictFileInteractability: false, timeouts: {implicit: 0, pageLoad: 300000, script: 30000}, unhandledPromptBehavior: dismiss and notify, webauthn:extension:credBlob: true, webauthn:extension:largeBlob: true, webauthn:extension:minPinLength: true, webauthn:extension:prf: true, webauthn:virtualAuthenticators: true}
Session ID: e2c9b70c568a8b64e8b9439810ba615d
at java.base/jdk.internal.reflect.NativeConstructorAccessorImpl.newInstance0(Native Method)
at java.base/jdk.internal.reflect.NativeConstructorAccessorImpl.newInstance(NativeConstructorAccessorImpl.java:77)
at java.base/jdk.internal.reflect.DelegatingConstructorAccessorImpl.newInstance(DelegatingConstructorAccessorImpl.java:45)
at java.base/java.lang.reflect.Constructor.newInstanceWithCaller(Constructor.java:499)
at java.base/java.lang.reflect.Constructor.newInstance(Constructor.java:480)
at org.openqa.selenium.remote.codec.w3c.W3CHttpResponseCodec.createException(W3CHttpResponseCodec.java:200)
at org.openqa.selenium.remote.codec.w3c.W3CHttpResponseCodec.decode(W3CHttpResponseCodec.java:133)
at org.openqa.selenium.remote.codec.w3c.W3CHttpResponseCodec.decode(W3CHttpResponseCodec.java:52)
at org.openqa.selenium.remote.HttpCommandExecutor.execute(HttpCommandExecutor.java:191)
at org.openqa.selenium.remote.service.DriverCommandExecutor.invokeExecute(DriverCommandExecutor.java:200)
at org.openqa.selenium.remote.service.DriverCommandExecutor.execute(DriverCommandExecutor.java:175)
at org.openqa.selenium.remote.RemoteWebDriver.execute(RemoteWebDriver.java:523)
at org.openqa.selenium.remote.ElementLocation$ElementFinder$2.findElement(ElementLocation.java:165)
at org.openqa.selenium.remote.ElementLocation.findElement(ElementLocation.java:59)
at org.openqa.selenium.remote.RemoteWebDriver.findElement(RemoteWebDriver.java:360)
at org.openqa.selenium.remote.RemoteWebDriver.findElement(RemoteWebDriver.java:354)
at Admin_CRM_DeleteFlow.Delete_Campaign.Delete_Campaign(Delete_Campaign.java:47)
at java.base/jdk.internal.reflect.NativeMethodAccessorImpl.invoke0(Native Method)
at java.base/jdk.internal.reflect.NativeMethodAccessorImpl.invoke(NativeMethodAccessorImpl.java:77)
at java.base/jdk.internal.reflect.DelegatingMethodAccessorImpl.invoke(DelegatingMethodAccessorImpl.java:43)
at java.base/java.lang.reflect.Method.invoke(Method.java:568)
at org.testng.internal.MethodInvocationHelper.invokeMethod(MethodInvocationHelper.java:133)
at org.testng.internal.TestInvoker.invokeMethod(TestInvoker.java:598)
at org.testng.internal.TestInvoker.invokeTestMethod(TestInvoker.java:173)
at org.testng.internal.MethodRunner.runInSequence(MethodRunner.java:46)
at org.testng.internal.TestInvoker$MethodInvocationAgent.invoke(TestInvoker.java:824)
at org.testng.internal.TestInvoker.invokeTestMethods(TestInvoker.java:146)
at org.testng.internal.TestMethodWorker.invokeTestMethods(TestMethodWorker.java:146)
at org.testng.internal.TestMethodWorker.run(TestMethodWorker.java:128)
at java.base/java.util.ArrayList.forEach(ArrayList.java:1511)
at org.testng.TestRunner.privateRun(TestRunner.java:794)
at org.testng.TestRunner.run(TestRunner.java:596)
at org.testng.SuiteRunner.runTest(SuiteRunner.java:377)
at org.testng.SuiteRunner.runSequentially(SuiteRunner.java:371)
at org.testng.SuiteRunner.privateRun(SuiteRunner.java:332)
at org.testng.SuiteRunner.run(SuiteRunner.java:276)
at org.testng.SuiteRunnerWorker.runSuite(SuiteRunnerWorker.java:53)
at org.testng.SuiteRunnerWorker.run(SuiteRunnerWorker.java:96)
at org.testng.TestNG.runSuitesSequentially(TestNG.java:1212)
at org.testng.TestNG.runSuitesLocally(TestNG.java:1134)
at org.testng.TestNG.runSuites(TestNG.java:1063)
at org.testng.TestNG.run(TestNG.java:1031)
at org.testng.remote.AbstractRemoteTestNG.run(AbstractRemoteTestNG.java:115)
at org.testng.remote.RemoteTestNG.initAndRun(RemoteTestNG.java:251)
at org.testng.remote.RemoteTestNG.main(RemoteTestNG.java:77)
]]>
            </full-stacktrace>
          </exception> <!-- org.openqa.selenium.NoSuchElementException -->
          <reporter-output>
          </reporter-output>
        </test-method> <!-- Delete_Campaign -->
        <test-method is-config="true" signature="Quit()[pri:0, instance:Admin_CRM_DeleteFlow.Delete_Campaign@1ed6388a]" started-at="2024-02-13T17:13:08 IST" name="Quit" finished-at="2024-02-13T17:13:09 IST" duration-ms="1322" status="PASS">
          <reporter-output>
          </reporter-output>
        </test-method> <!-- Quit -->
      </class> <!-- Admin_CRM_DeleteFlow.Delete_Campaign -->
    </test> <!-- VoiceBlast Campaign Deletion -->
  </suite> <!-- CRM Deletion Flow Testing -->
</testng-results>
