<?xml version="1.0" encoding="UTF-8"?>
<testng-results ignored="0" total="63" passed="61" failed="1" skipped="1">
  <reporter-output>
  </reporter-output>
  <suite started-at="2024-01-31T14:23:37 IST" name="Admin Smoke Test" finished-at="2024-01-31T14:42:03 IST" duration-ms="1106214">
    <groups>
    </groups>
    <test started-at="2024-01-31T14:23:37 IST" name="Queue Creation" finished-at="2024-01-31T14:24:33 IST" duration-ms="56792">
      <class name="Admin_Configuration_CreateFlow.Create_Queue">
        <test-method is-config="true" signature="Login()[pri:0, instance:Admin_Configuration_CreateFlow.Create_Queue@7bd4937b]" started-at="2024-01-31T14:23:37 IST" name="Login" finished-at="2024-01-31T14:24:08 IST" duration-ms="31713" status="PASS">
          <reporter-output>
          </reporter-output>
        </test-method> <!-- Login -->
        <test-method is-config="true" signature="Setup()[pri:0, instance:Admin_Configuration_CreateFlow.Create_Queue@7bd4937b]" started-at="2024-01-31T14:24:09 IST" name="Setup" finished-at="2024-01-31T14:24:11 IST" duration-ms="1927" status="PASS">
          <reporter-output>
          </reporter-output>
        </test-method> <!-- Setup -->
        <test-method signature="Create_Queue(java.lang.String,java.lang.String,java.lang.String)[pri:0, instance:Admin_Configuration_CreateFlow.Create_Queue@7bd4937b]" started-at="2024-01-31T14:24:11 IST" name="Create_Queue" finished-at="2024-01-31T14:24:30 IST" duration-ms="19813" status="PASS">
          <params>
            <param index="0">
              <value>
                <![CDATA[QA]]>
              </value>
            </param>
            <param index="1">
              <value>
                <![CDATA[25]]>
              </value>
            </param>
            <param index="2">
              <value>
                <![CDATA[Leastrecent]]>
              </value>
            </param>
          </params>
          <reporter-output>
          </reporter-output>
        </test-method> <!-- Create_Queue -->
        <test-method is-config="true" signature="Quit()[pri:0, instance:Admin_Configuration_CreateFlow.Create_Queue@7bd4937b]" started-at="2024-01-31T14:24:30 IST" name="Quit" finished-at="2024-01-31T14:24:33 IST" duration-ms="2968" status="PASS">
          <reporter-output>
          </reporter-output>
        </test-method> <!-- Quit -->
      </class> <!-- Admin_Configuration_CreateFlow.Create_Queue -->
    </test> <!-- Queue Creation -->
    <test started-at="2024-01-31T14:24:34 IST" name="Disposition Creation" finished-at="2024-01-31T14:24:55 IST" duration-ms="20934">
      <class name="Admin_Configuration_CreateFlow.Create_Dispo">
        <test-method is-config="true" signature="Login()[pri:0, instance:Admin_Configuration_CreateFlow.Create_Dispo@1151e434]" started-at="2024-01-31T14:24:34 IST" name="Login" finished-at="2024-01-31T14:24:47 IST" duration-ms="13014" status="PASS">
          <reporter-output>
          </reporter-output>
        </test-method> <!-- Login -->
        <test-method is-config="true" signature="Setup()[pri:0, instance:Admin_Configuration_CreateFlow.Create_Dispo@1151e434]" started-at="2024-01-31T14:24:47 IST" name="Setup" finished-at="2024-01-31T14:24:48 IST" duration-ms="1392" status="PASS">
          <reporter-output>
          </reporter-output>
        </test-method> <!-- Setup -->
        <test-method signature="Create_Disposition(java.lang.String,java.lang.String,java.lang.String)[pri:0, instance:Admin_Configuration_CreateFlow.Create_Dispo@1151e434]" started-at="2024-01-31T14:24:48 IST" name="Create_Disposition" finished-at="2024-01-31T14:24:53 IST" duration-ms="5190" status="PASS">
          <params>
            <param index="0">
              <value>
                <![CDATA[QA]]>
              </value>
            </param>
            <param index="1">
              <value>
                <![CDATA[Testing Purpose]]>
              </value>
            </param>
            <param index="2">
              <value>
                <![CDATA[No Action]]>
              </value>
            </param>
          </params>
          <reporter-output>
          </reporter-output>
        </test-method> <!-- Create_Disposition -->
        <test-method is-config="true" signature="Quit()[pri:0, instance:Admin_Configuration_CreateFlow.Create_Dispo@1151e434]" started-at="2024-01-31T14:24:53 IST" name="Quit" finished-at="2024-01-31T14:24:55 IST" duration-ms="1335" status="PASS">
          <reporter-output>
          </reporter-output>
        </test-method> <!-- Quit -->
      </class> <!-- Admin_Configuration_CreateFlow.Create_Dispo -->
    </test> <!-- Disposition Creation -->
    <test started-at="2024-01-31T14:24:55 IST" name="SubDisposition Creation" finished-at="2024-01-31T14:25:12 IST" duration-ms="17619">
      <class name="Admin_Configuration_CreateFlow.Create_SubDisposition">
        <test-method is-config="true" signature="Login()[pri:0, instance:Admin_Configuration_CreateFlow.Create_SubDisposition@d9345cd]" started-at="2024-01-31T14:24:55 IST" name="Login" finished-at="2024-01-31T14:25:04 IST" duration-ms="9711" status="PASS">
          <reporter-output>
          </reporter-output>
        </test-method> <!-- Login -->
        <test-method is-config="true" signature="Setup()[pri:0, instance:Admin_Configuration_CreateFlow.Create_SubDisposition@d9345cd]" started-at="2024-01-31T14:25:04 IST" name="Setup" finished-at="2024-01-31T14:25:06 IST" duration-ms="1398" status="PASS">
          <reporter-output>
          </reporter-output>
        </test-method> <!-- Setup -->
        <test-method signature="Create_SubDisposition(java.lang.String,java.lang.String,java.lang.String)[pri:0, instance:Admin_Configuration_CreateFlow.Create_SubDisposition@d9345cd]" started-at="2024-01-31T14:25:06 IST" name="Create_SubDisposition" finished-at="2024-01-31T14:25:11 IST" duration-ms="5234" status="PASS">
          <params>
            <param index="0">
              <value>
                <![CDATA[QA]]>
              </value>
            </param>
            <param index="1">
              <value>
                <![CDATA[Demo]]>
              </value>
            </param>
            <param index="2">
              <value>
                <![CDATA[Testing Purpose]]>
              </value>
            </param>
          </params>
          <reporter-output>
          </reporter-output>
        </test-method> <!-- Create_SubDisposition -->
        <test-method is-config="true" signature="Quit()[pri:0, instance:Admin_Configuration_CreateFlow.Create_SubDisposition@d9345cd]" started-at="2024-01-31T14:25:11 IST" name="Quit" finished-at="2024-01-31T14:25:12 IST" duration-ms="1272" status="PASS">
          <reporter-output>
          </reporter-output>
        </test-method> <!-- Quit -->
      </class> <!-- Admin_Configuration_CreateFlow.Create_SubDisposition -->
    </test> <!-- SubDisposition Creation -->
    <test started-at="2024-01-31T14:25:12 IST" name="TicketStatus Creation" finished-at="2024-01-31T14:25:29 IST" duration-ms="16780">
      <class name="Admin_Configuration_CreateFlow.Create_TicketStatus">
        <test-method is-config="true" signature="Login()[pri:0, instance:Admin_Configuration_CreateFlow.Create_TicketStatus@13fd2ccd]" started-at="2024-01-31T14:25:12 IST" name="Login" finished-at="2024-01-31T14:25:23 IST" duration-ms="10148" status="PASS">
          <reporter-output>
          </reporter-output>
        </test-method> <!-- Login -->
        <test-method is-config="true" signature="Setup()[pri:0, instance:Admin_Configuration_CreateFlow.Create_TicketStatus@13fd2ccd]" started-at="2024-01-31T14:25:23 IST" name="Setup" finished-at="2024-01-31T14:25:24 IST" duration-ms="1381" status="PASS">
          <reporter-output>
          </reporter-output>
        </test-method> <!-- Setup -->
        <test-method signature="Create_TicketStatus(java.lang.String,java.lang.String)[pri:0, instance:Admin_Configuration_CreateFlow.Create_TicketStatus@13fd2ccd]" started-at="2024-01-31T14:25:24 IST" name="Create_TicketStatus" finished-at="2024-01-31T14:25:28 IST" duration-ms="3969" status="PASS">
          <params>
            <param index="0">
              <value>
                <![CDATA[QA]]>
              </value>
            </param>
            <param index="1">
              <value>
                <![CDATA[Testing Purpose]]>
              </value>
            </param>
          </params>
          <reporter-output>
          </reporter-output>
        </test-method> <!-- Create_TicketStatus -->
        <test-method is-config="true" signature="Quit()[pri:0, instance:Admin_Configuration_CreateFlow.Create_TicketStatus@13fd2ccd]" started-at="2024-01-31T14:25:28 IST" name="Quit" finished-at="2024-01-31T14:25:29 IST" duration-ms="1277" status="PASS">
          <reporter-output>
          </reporter-output>
        </test-method> <!-- Quit -->
      </class> <!-- Admin_Configuration_CreateFlow.Create_TicketStatus -->
    </test> <!-- TicketStatus Creation -->
    <test started-at="2024-01-31T14:25:29 IST" name="PauseCode Creation" finished-at="2024-01-31T14:25:51 IST" duration-ms="21341">
      <class name="Admin_Configuration_CreateFlow.Create_PauseCode">
        <test-method is-config="true" signature="Login()[pri:0, instance:Admin_Configuration_CreateFlow.Create_PauseCode@52b1beb6]" started-at="2024-01-31T14:25:29 IST" name="Login" finished-at="2024-01-31T14:25:41 IST" duration-ms="12173" status="PASS">
          <reporter-output>
          </reporter-output>
        </test-method> <!-- Login -->
        <test-method is-config="true" signature="Setup()[pri:0, instance:Admin_Configuration_CreateFlow.Create_PauseCode@52b1beb6]" started-at="2024-01-31T14:25:41 IST" name="Setup" finished-at="2024-01-31T14:25:43 IST" duration-ms="1407" status="PASS">
          <reporter-output>
          </reporter-output>
        </test-method> <!-- Setup -->
        <test-method signature="Create_PauseCode(java.lang.String,java.lang.String,int,int)[pri:0, instance:Admin_Configuration_CreateFlow.Create_PauseCode@52b1beb6]" started-at="2024-01-31T14:25:43 IST" name="Create_PauseCode" finished-at="2024-01-31T14:25:49 IST" duration-ms="6446" status="PASS">
          <params>
            <param index="0">
              <value>
                <![CDATA[QA]]>
              </value>
            </param>
            <param index="1">
              <value>
                <![CDATA[Testing Purpose]]>
              </value>
            </param>
            <param index="2">
              <value>
                <![CDATA[1]]>
              </value>
            </param>
            <param index="3">
              <value>
                <![CDATA[30]]>
              </value>
            </param>
          </params>
          <reporter-output>
          </reporter-output>
        </test-method> <!-- Create_PauseCode -->
        <test-method is-config="true" signature="Quit()[pri:0, instance:Admin_Configuration_CreateFlow.Create_PauseCode@52b1beb6]" started-at="2024-01-31T14:25:49 IST" name="Quit" finished-at="2024-01-31T14:25:51 IST" duration-ms="1311" status="PASS">
          <reporter-output>
          </reporter-output>
        </test-method> <!-- Quit -->
      </class> <!-- Admin_Configuration_CreateFlow.Create_PauseCode -->
    </test> <!-- PauseCode Creation -->
    <test started-at="2024-01-31T14:25:51 IST" name="BlockList Upload" finished-at="2024-01-31T14:26:10 IST" duration-ms="19710">
      <class name="Admin_Configuration_CreateFlow.Upload_BlockList">
        <test-method is-config="true" signature="Login()[pri:0, instance:Admin_Configuration_CreateFlow.Upload_BlockList@2d52216b]" started-at="2024-01-31T14:25:51 IST" name="Login" finished-at="2024-01-31T14:26:00 IST" duration-ms="9716" status="PASS">
          <reporter-output>
          </reporter-output>
        </test-method> <!-- Login -->
        <test-method is-config="true" signature="Setup()[pri:0, instance:Admin_Configuration_CreateFlow.Upload_BlockList@2d52216b]" started-at="2024-01-31T14:26:00 IST" name="Setup" finished-at="2024-01-31T14:26:02 IST" duration-ms="1340" status="PASS">
          <reporter-output>
          </reporter-output>
        </test-method> <!-- Setup -->
        <test-method signature="Uplode_BlockList(java.lang.String,java.lang.String)[pri:0, instance:Admin_Configuration_CreateFlow.Upload_BlockList@2d52216b]" started-at="2024-01-31T14:26:02 IST" name="Uplode_BlockList" finished-at="2024-01-31T14:26:09 IST" duration-ms="7339" status="PASS">
          <params>
            <param index="0">
              <value>
                <![CDATA[D:\Testing File\sample_blocklist.csv]]>
              </value>
            </param>
            <param index="1">
              <value>
                <![CDATA[9090909092]]>
              </value>
            </param>
          </params>
          <reporter-output>
          </reporter-output>
        </test-method> <!-- Uplode_BlockList -->
        <test-method is-config="true" signature="Quit()[pri:0, instance:Admin_Configuration_CreateFlow.Upload_BlockList@2d52216b]" started-at="2024-01-31T14:26:09 IST" name="Quit" finished-at="2024-01-31T14:26:10 IST" duration-ms="1312" status="PASS">
          <reporter-output>
          </reporter-output>
        </test-method> <!-- Quit -->
      </class> <!-- Admin_Configuration_CreateFlow.Upload_BlockList -->
    </test> <!-- BlockList Upload -->
    <test started-at="2024-01-31T14:26:10 IST" name="DID Number Creation" finished-at="2024-01-31T14:26:26 IST" duration-ms="15550">
      <class name="Admin_Configuration_CreateFlow.Create_DIDNumber">
        <test-method is-config="true" signature="Login()[pri:0, instance:Admin_Configuration_CreateFlow.Create_DIDNumber@534a5a98]" started-at="2024-01-31T14:26:10 IST" name="Login" finished-at="2024-01-31T14:26:20 IST" duration-ms="9277" status="PASS">
          <reporter-output>
          </reporter-output>
        </test-method> <!-- Login -->
        <test-method is-config="true" signature="Setup()[pri:0, instance:Admin_Configuration_CreateFlow.Create_DIDNumber@534a5a98]" started-at="2024-01-31T14:26:20 IST" name="Setup" finished-at="2024-01-31T14:26:21 IST" duration-ms="1333" status="PASS">
          <reporter-output>
          </reporter-output>
        </test-method> <!-- Setup -->
        <test-method signature="Manual_DID_Creation(java.lang.String,java.lang.String)[pri:0, instance:Admin_Configuration_CreateFlow.Create_DIDNumber@534a5a98]" started-at="2024-01-31T14:26:21 IST" name="Manual_DID_Creation" finished-at="2024-01-31T14:26:25 IST" duration-ms="3686" status="PASS">
          <params>
            <param index="0">
              <value>
                <![CDATA[9876543209]]>
              </value>
            </param>
            <param index="1">
              <value>
                <![CDATA[QA]]>
              </value>
            </param>
          </params>
          <reporter-output>
          </reporter-output>
        </test-method> <!-- Manual_DID_Creation -->
        <test-method is-config="true" signature="Quit()[pri:0, instance:Admin_Configuration_CreateFlow.Create_DIDNumber@534a5a98]" started-at="2024-01-31T14:26:25 IST" name="Quit" finished-at="2024-01-31T14:26:26 IST" duration-ms="1252" status="PASS">
          <reporter-output>
          </reporter-output>
        </test-method> <!-- Quit -->
      </class> <!-- Admin_Configuration_CreateFlow.Create_DIDNumber -->
    </test> <!-- DID Number Creation -->
    <test started-at="2024-01-31T14:26:26 IST" name="Tags Creation" finished-at="2024-01-31T14:26:43 IST" duration-ms="16882">
      <class name="Admin_Configuration_CreateFlow.Create_Tags">
        <test-method is-config="true" signature="Login()[pri:0, instance:Admin_Configuration_CreateFlow.Create_Tags@6221a451]" started-at="2024-01-31T14:26:26 IST" name="Login" finished-at="2024-01-31T14:26:36 IST" duration-ms="10202" status="PASS">
          <reporter-output>
          </reporter-output>
        </test-method> <!-- Login -->
        <test-method is-config="true" signature="Setup()[pri:0, instance:Admin_Configuration_CreateFlow.Create_Tags@6221a451]" started-at="2024-01-31T14:26:36 IST" name="Setup" finished-at="2024-01-31T14:26:37 IST" duration-ms="1327" status="PASS">
          <reporter-output>
          </reporter-output>
        </test-method> <!-- Setup -->
        <test-method signature="Tags_Creation(java.lang.String,java.lang.String)[pri:0, instance:Admin_Configuration_CreateFlow.Create_Tags@6221a451]" started-at="2024-01-31T14:26:37 IST" name="Tags_Creation" finished-at="2024-01-31T14:26:41 IST" duration-ms="3800" status="PASS">
          <params>
            <param index="0">
              <value>
                <![CDATA[QA]]>
              </value>
            </param>
            <param index="1">
              <value>
                <![CDATA[Testing]]>
              </value>
            </param>
          </params>
          <reporter-output>
          </reporter-output>
        </test-method> <!-- Tags_Creation -->
        <test-method is-config="true" signature="Quit()[pri:0, instance:Admin_Configuration_CreateFlow.Create_Tags@6221a451]" started-at="2024-01-31T14:26:41 IST" name="Quit" finished-at="2024-01-31T14:26:43 IST" duration-ms="1550" status="PASS">
          <reporter-output>
          </reporter-output>
        </test-method> <!-- Quit -->
      </class> <!-- Admin_Configuration_CreateFlow.Create_Tags -->
    </test> <!-- Tags Creation -->
    <test started-at="2024-01-31T14:26:43 IST" name="Announcemet Creation" finished-at="2024-01-31T14:27:00 IST" duration-ms="17189">
      <class name="Admin_Configuration_CreateFlow.Create_Announcement">
        <test-method is-config="true" signature="Login()[pri:0, instance:Admin_Configuration_CreateFlow.Create_Announcement@537f60bf]" started-at="2024-01-31T14:26:43 IST" name="Login" finished-at="2024-01-31T14:26:52 IST" duration-ms="9312" status="PASS">
          <reporter-output>
          </reporter-output>
        </test-method> <!-- Login -->
        <test-method is-config="true" signature="Setup()[pri:0, instance:Admin_Configuration_CreateFlow.Create_Announcement@537f60bf]" started-at="2024-01-31T14:26:52 IST" name="Setup" finished-at="2024-01-31T14:26:53 IST" duration-ms="1416" status="PASS">
          <reporter-output>
          </reporter-output>
        </test-method> <!-- Setup -->
        <test-method signature="Create_Announcement(java.lang.String,java.lang.String,java.lang.String)[pri:0, instance:Admin_Configuration_CreateFlow.Create_Announcement@537f60bf]" started-at="2024-01-31T14:26:53 IST" name="Create_Announcement" finished-at="2024-01-31T14:26:59 IST" duration-ms="5154" status="PASS">
          <params>
            <param index="0">
              <value>
                <![CDATA[QA]]>
              </value>
            </param>
            <param index="1">
              <value>
                <![CDATA[Good Morning]]>
              </value>
            </param>
            <param index="2">
              <value>
                <![CDATA[Dialer]]>
              </value>
            </param>
          </params>
          <reporter-output>
          </reporter-output>
        </test-method> <!-- Create_Announcement -->
        <test-method is-config="true" signature="Quit()[pri:0, instance:Admin_Configuration_CreateFlow.Create_Announcement@537f60bf]" started-at="2024-01-31T14:26:59 IST" name="Quit" finished-at="2024-01-31T14:27:00 IST" duration-ms="1303" status="PASS">
          <reporter-output>
          </reporter-output>
        </test-method> <!-- Quit -->
      </class> <!-- Admin_Configuration_CreateFlow.Create_Announcement -->
    </test> <!-- Announcemet Creation -->
    <test started-at="2024-01-31T14:27:00 IST" name="Script Creation" finished-at="2024-01-31T14:27:17 IST" duration-ms="17412">
      <class name="Admin_Configuration_CreateFlow.Create_Script">
        <test-method is-config="true" signature="Login()[pri:0, instance:Admin_Configuration_CreateFlow.Create_Script@1e0b4072]" started-at="2024-01-31T14:27:00 IST" name="Login" finished-at="2024-01-31T14:27:10 IST" duration-ms="10255" status="PASS">
          <reporter-output>
          </reporter-output>
        </test-method> <!-- Login -->
        <test-method is-config="true" signature="Setup()[pri:0, instance:Admin_Configuration_CreateFlow.Create_Script@1e0b4072]" started-at="2024-01-31T14:27:10 IST" name="Setup" finished-at="2024-01-31T14:27:12 IST" duration-ms="1378" status="PASS">
          <reporter-output>
          </reporter-output>
        </test-method> <!-- Setup -->
        <test-method signature="Create_Script(java.lang.String,java.lang.String,java.lang.String,java.lang.String,java.lang.String)[pri:0, instance:Admin_Configuration_CreateFlow.Create_Script@1e0b4072]" started-at="2024-01-31T14:27:12 IST" name="Create_Script" finished-at="2024-01-31T14:27:16 IST" duration-ms="4440" status="PASS">
          <params>
            <param index="0">
              <value>
                <![CDATA[QA]]>
              </value>
            </param>
            <param index="1">
              <value>
                <![CDATA[Testing Purpose]]>
              </value>
            </param>
            <param index="2">
              <value>
                <![CDATA[URL]]>
              </value>
            </param>
            <param index="3">
              <value>
                <![CDATA[Hello Tevatel]]>
              </value>
            </param>
            <param index="4">
              <value>
                <![CDATA[https://tevatel.com/]]>
              </value>
            </param>
          </params>
          <reporter-output>
          </reporter-output>
        </test-method> <!-- Create_Script -->
        <test-method is-config="true" signature="Quit()[pri:0, instance:Admin_Configuration_CreateFlow.Create_Script@1e0b4072]" started-at="2024-01-31T14:27:16 IST" name="Quit" finished-at="2024-01-31T14:27:17 IST" duration-ms="1336" status="PASS">
          <reporter-output>
          </reporter-output>
        </test-method> <!-- Quit -->
      </class> <!-- Admin_Configuration_CreateFlow.Create_Script -->
    </test> <!-- Script Creation -->
    <test started-at="2024-01-31T14:27:17 IST" name="InboundRoute Creation" finished-at="2024-01-31T14:27:36 IST" duration-ms="18445">
      <class name="Admin_Configuration_CreateFlow.Create_InboundRoute">
        <test-method is-config="true" signature="Login()[pri:0, instance:Admin_Configuration_CreateFlow.Create_InboundRoute@2794eab6]" started-at="2024-01-31T14:27:17 IST" name="Login" finished-at="2024-01-31T14:27:27 IST" duration-ms="9361" status="PASS">
          <reporter-output>
          </reporter-output>
        </test-method> <!-- Login -->
        <test-method is-config="true" signature="Setup()[pri:0, instance:Admin_Configuration_CreateFlow.Create_InboundRoute@2794eab6]" started-at="2024-01-31T14:27:27 IST" name="Setup" finished-at="2024-01-31T14:27:28 IST" duration-ms="1415" status="PASS">
          <reporter-output>
          </reporter-output>
        </test-method> <!-- Setup -->
        <test-method signature="InboundRoute_Create(java.lang.String,java.lang.String,java.lang.String,java.lang.String,boolean)[pri:0, instance:Admin_Configuration_CreateFlow.Create_InboundRoute@2794eab6]" started-at="2024-01-31T14:27:28 IST" name="InboundRoute_Create" finished-at="2024-01-31T14:27:35 IST" duration-ms="6367" status="PASS">
          <params>
            <param index="0">
              <value>
                <![CDATA[9090909090]]>
              </value>
            </param>
            <param index="1">
              <value>
                <![CDATA[Test]]>
              </value>
            </param>
            <param index="2">
              <value>
                <![CDATA[queue]]>
              </value>
            </param>
            <param index="3">
              <value>
                <![CDATA[QA]]>
              </value>
            </param>
            <param index="4">
              <value>
                <![CDATA[true]]>
              </value>
            </param>
          </params>
          <reporter-output>
          </reporter-output>
        </test-method> <!-- InboundRoute_Create -->
        <test-method is-config="true" signature="Quit()[pri:0, instance:Admin_Configuration_CreateFlow.Create_InboundRoute@2794eab6]" started-at="2024-01-31T14:27:35 IST" name="Quit" finished-at="2024-01-31T14:27:36 IST" duration-ms="1300" status="PASS">
          <reporter-output>
          </reporter-output>
        </test-method> <!-- Quit -->
      </class> <!-- Admin_Configuration_CreateFlow.Create_InboundRoute -->
    </test> <!-- InboundRoute Creation -->
    <test started-at="2024-01-31T14:27:36 IST" name="TimeZone Creation" finished-at="2024-01-31T14:28:04 IST" duration-ms="27729">
      <class name="Admin_Configuration_CreateFlow.Create_TimeZone">
        <test-method is-config="true" signature="Login()[pri:0, instance:Admin_Configuration_CreateFlow.Create_TimeZone@1c7696c6]" started-at="2024-01-31T14:27:36 IST" name="Login" finished-at="2024-01-31T14:27:50 IST" duration-ms="14160" status="PASS">
          <reporter-output>
          </reporter-output>
        </test-method> <!-- Login -->
        <test-method is-config="true" signature="Setup()[pri:0, instance:Admin_Configuration_CreateFlow.Create_TimeZone@1c7696c6]" started-at="2024-01-31T14:27:50 IST" name="Setup" finished-at="2024-01-31T14:27:51 IST" duration-ms="1478" status="PASS">
          <reporter-output>
          </reporter-output>
        </test-method> <!-- Setup -->
        <test-method signature="TimeZone_Creation(java.lang.String,java.lang.String,int,int,int,int,java.lang.String)[pri:0, instance:Admin_Configuration_CreateFlow.Create_TimeZone@1c7696c6]" started-at="2024-01-31T14:27:51 IST" name="TimeZone_Creation" finished-at="2024-01-31T14:28:02 IST" duration-ms="10784" status="PASS">
          <params>
            <param index="0">
              <value>
                <![CDATA[QA]]>
              </value>
            </param>
            <param index="1">
              <value>
                <![CDATA[Testing Purpose]]>
              </value>
            </param>
            <param index="2">
              <value>
                <![CDATA[1]]>
              </value>
            </param>
            <param index="3">
              <value>
                <![CDATA[0]]>
              </value>
            </param>
            <param index="4">
              <value>
                <![CDATA[10]]>
              </value>
            </param>
            <param index="5">
              <value>
                <![CDATA[0]]>
              </value>
            </param>
            <param index="6">
              <value>
                <![CDATA[Active]]>
              </value>
            </param>
          </params>
          <reporter-output>
          </reporter-output>
        </test-method> <!-- TimeZone_Creation -->
        <test-method is-config="true" signature="Quit()[pri:0, instance:Admin_Configuration_CreateFlow.Create_TimeZone@1c7696c6]" started-at="2024-01-31T14:28:02 IST" name="Quit" finished-at="2024-01-31T14:28:04 IST" duration-ms="1305" status="PASS">
          <reporter-output>
          </reporter-output>
        </test-method> <!-- Quit -->
      </class> <!-- Admin_Configuration_CreateFlow.Create_TimeZone -->
    </test> <!-- TimeZone Creation -->
    <test started-at="2024-01-31T14:28:04 IST" name="MeetingTitle Creation" finished-at="2024-01-31T14:28:22 IST" duration-ms="17922">
      <class name="Admin_Configuration_CreateFlow.Create_MeetingTitle">
        <test-method is-config="true" signature="Login()[pri:0, instance:Admin_Configuration_CreateFlow.Create_MeetingTitle@55a147cc]" started-at="2024-01-31T14:28:04 IST" name="Login" finished-at="2024-01-31T14:28:15 IST" duration-ms="11072" status="PASS">
          <reporter-output>
          </reporter-output>
        </test-method> <!-- Login -->
        <test-method is-config="true" signature="Setup()[pri:0, instance:Admin_Configuration_CreateFlow.Create_MeetingTitle@55a147cc]" started-at="2024-01-31T14:28:15 IST" name="Setup" finished-at="2024-01-31T14:28:16 IST" duration-ms="1388" status="PASS">
          <reporter-output>
          </reporter-output>
        </test-method> <!-- Setup -->
        <test-method signature="MeetingTitle_Creation(java.lang.String,java.lang.String,java.lang.String)[pri:0, instance:Admin_Configuration_CreateFlow.Create_MeetingTitle@55a147cc]" started-at="2024-01-31T14:28:16 IST" name="MeetingTitle_Creation" finished-at="2024-01-31T14:28:20 IST" duration-ms="4122" status="PASS">
          <params>
            <param index="0">
              <value>
                <![CDATA[QA]]>
              </value>
            </param>
            <param index="1">
              <value>
                <![CDATA[Testing]]>
              </value>
            </param>
            <param index="2">
              <value>
                <![CDATA[Testing Purpose]]>
              </value>
            </param>
          </params>
          <reporter-output>
          </reporter-output>
        </test-method> <!-- MeetingTitle_Creation -->
        <test-method is-config="true" signature="Quit()[pri:0, instance:Admin_Configuration_CreateFlow.Create_MeetingTitle@55a147cc]" started-at="2024-01-31T14:28:20 IST" name="Quit" finished-at="2024-01-31T14:28:22 IST" duration-ms="1337" status="PASS">
          <reporter-output>
          </reporter-output>
        </test-method> <!-- Quit -->
      </class> <!-- Admin_Configuration_CreateFlow.Create_MeetingTitle -->
    </test> <!-- MeetingTitle Creation -->
    <test started-at="2024-01-31T14:28:22 IST" name="UserGroup Creation" finished-at="2024-01-31T14:29:39 IST" duration-ms="77290">
      <class name="Admin_UsersGroups_CreateFlow.Create_UserGroup">
        <test-method is-config="true" signature="Login()[pri:0, instance:Admin_UsersGroups_CreateFlow.Create_UserGroup@2892d68]" started-at="2024-01-31T14:28:22 IST" name="Login" finished-at="2024-01-31T14:28:31 IST" duration-ms="9017" status="PASS">
          <reporter-output>
          </reporter-output>
        </test-method> <!-- Login -->
        <test-method is-config="true" signature="Setup()[pri:0, instance:Admin_UsersGroups_CreateFlow.Create_UserGroup@2892d68]" started-at="2024-01-31T14:28:31 IST" name="Setup" finished-at="2024-01-31T14:28:32 IST" duration-ms="1326" status="PASS">
          <reporter-output>
          </reporter-output>
        </test-method> <!-- Setup -->
        <test-method signature="Create_UserGroup(java.lang.String)[pri:0, instance:Admin_UsersGroups_CreateFlow.Create_UserGroup@2892d68]" started-at="2024-01-31T14:28:32 IST" name="Create_UserGroup" finished-at="2024-01-31T14:29:38 IST" duration-ms="65683" status="PASS">
          <params>
            <param index="0">
              <value>
                <![CDATA[QA]]>
              </value>
            </param>
          </params>
          <reporter-output>
          </reporter-output>
        </test-method> <!-- Create_UserGroup -->
        <test-method is-config="true" signature="Quit()[pri:0, instance:Admin_UsersGroups_CreateFlow.Create_UserGroup@2892d68]" started-at="2024-01-31T14:29:38 IST" name="Quit" finished-at="2024-01-31T14:29:39 IST" duration-ms="1259" status="PASS">
          <reporter-output>
          </reporter-output>
        </test-method> <!-- Quit -->
      </class> <!-- Admin_UsersGroups_CreateFlow.Create_UserGroup -->
    </test> <!-- UserGroup Creation -->
    <test started-at="2024-01-31T14:29:39 IST" name="User Creation" finished-at="2024-01-31T14:30:03 IST" duration-ms="24493">
      <class name="Admin_UsersGroups_CreateFlow.Create_User">
        <test-method is-config="true" signature="Login()[pri:0, instance:Admin_UsersGroups_CreateFlow.Create_User@298a5e20]" started-at="2024-01-31T14:29:39 IST" name="Login" finished-at="2024-01-31T14:29:51 IST" duration-ms="11715" status="PASS">
          <reporter-output>
          </reporter-output>
        </test-method> <!-- Login -->
        <test-method is-config="true" signature="Setup()[pri:0, instance:Admin_UsersGroups_CreateFlow.Create_User@298a5e20]" started-at="2024-01-31T14:29:51 IST" name="Setup" finished-at="2024-01-31T14:29:52 IST" duration-ms="1190" status="PASS">
          <reporter-output>
          </reporter-output>
        </test-method> <!-- Setup -->
        <test-method signature="Create_User(java.lang.String,java.lang.String,int,java.lang.String,java.lang.String,java.lang.String,java.lang.String)[pri:0, instance:Admin_UsersGroups_CreateFlow.Create_User@298a5e20]" started-at="2024-01-31T14:29:52 IST" name="Create_User" finished-at="2024-01-31T14:30:02 IST" duration-ms="10161" status="PASS">
          <params>
            <param index="0">
              <value>
                <![CDATA[smibrahim_agent12]]>
              </value>
            </param>
            <param index="1">
              <value>
                <![CDATA[Testing]]>
              </value>
            </param>
            <param index="2">
              <value>
                <![CDATA[122344]]>
              </value>
            </param>
            <param index="3">
              <value>
                <![CDATA[smibrahim_agent12@doocti.com]]>
              </value>
            </param>
            <param index="4">
              <value>
                <![CDATA[Doocti@123]]>
              </value>
            </param>
            <param index="5">
              <value>
                <![CDATA[Agent]]>
              </value>
            </param>
            <param index="6">
              <value>
                <![CDATA[QA]]>
              </value>
            </param>
          </params>
          <reporter-output>
          </reporter-output>
        </test-method> <!-- Create_User -->
        <test-method is-config="true" signature="Quit()[pri:0, instance:Admin_UsersGroups_CreateFlow.Create_User@298a5e20]" started-at="2024-01-31T14:30:02 IST" name="Quit" finished-at="2024-01-31T14:30:03 IST" duration-ms="1424" status="PASS">
          <reporter-output>
          </reporter-output>
        </test-method> <!-- Quit -->
      </class> <!-- Admin_UsersGroups_CreateFlow.Create_User -->
    </test> <!-- User Creation -->
    <test started-at="2024-01-31T14:30:03 IST" name="Channel Creation" finished-at="2024-01-31T14:30:20 IST" duration-ms="16593">
      <class name="Admin_UsersGroups_CreateFlow.Create_Channel">
        <test-method is-config="true" signature="Login()[pri:0, instance:Admin_UsersGroups_CreateFlow.Create_Channel@7526515b]" started-at="2024-01-31T14:30:03 IST" name="Login" finished-at="2024-01-31T14:30:13 IST" duration-ms="10043" status="PASS">
          <reporter-output>
          </reporter-output>
        </test-method> <!-- Login -->
        <test-method is-config="true" signature="Setip()[pri:0, instance:Admin_UsersGroups_CreateFlow.Create_Channel@7526515b]" started-at="2024-01-31T14:30:13 IST" name="Setip" finished-at="2024-01-31T14:30:15 IST" duration-ms="1318" status="PASS">
          <reporter-output>
          </reporter-output>
        </test-method> <!-- Setip -->
        <test-method signature="Create_Channel(java.lang.String,java.lang.String)[pri:0, instance:Admin_UsersGroups_CreateFlow.Create_Channel@7526515b]" started-at="2024-01-31T14:30:15 IST" name="Create_Channel" finished-at="2024-01-31T14:30:18 IST" duration-ms="3695" status="PASS">
          <params>
            <param index="0">
              <value>
                <![CDATA[Channel]]>
              </value>
            </param>
            <param index="1">
              <value>
                <![CDATA[Testing]]>
              </value>
            </param>
          </params>
          <reporter-output>
          </reporter-output>
        </test-method> <!-- Create_Channel -->
        <test-method is-config="true" signature="Quit()[pri:0, instance:Admin_UsersGroups_CreateFlow.Create_Channel@7526515b]" started-at="2024-01-31T14:30:18 IST" name="Quit" finished-at="2024-01-31T14:30:20 IST" duration-ms="1531" status="PASS">
          <reporter-output>
          </reporter-output>
        </test-method> <!-- Quit -->
      </class> <!-- Admin_UsersGroups_CreateFlow.Create_Channel -->
    </test> <!-- Channel Creation -->
    <test started-at="2024-01-31T14:30:20 IST" name="Source Creation" finished-at="2024-01-31T14:30:36 IST" duration-ms="15596">
      <class name="Admin_UsersGroups_CreateFlow.Create_Source">
        <test-method is-config="true" signature="Login()[pri:0, instance:Admin_UsersGroups_CreateFlow.Create_Source@7674f035]" started-at="2024-01-31T14:30:20 IST" name="Login" finished-at="2024-01-31T14:30:30 IST" duration-ms="10095" status="PASS">
          <reporter-output>
          </reporter-output>
        </test-method> <!-- Login -->
        <test-method is-config="true" signature="Setup()[pri:0, instance:Admin_UsersGroups_CreateFlow.Create_Source@7674f035]" started-at="2024-01-31T14:30:30 IST" name="Setup" finished-at="2024-01-31T14:30:31 IST" depends-on-methods="Login.AdminLogin.Login" duration-ms="1410" status="PASS">
          <reporter-output>
          </reporter-output>
        </test-method> <!-- Setup -->
        <test-method signature="Create_Source(java.lang.String,java.lang.String)[pri:0, instance:Admin_UsersGroups_CreateFlow.Create_Source@7674f035]" started-at="2024-01-31T14:30:31 IST" name="Create_Source" finished-at="2024-01-31T14:30:34 IST" duration-ms="2677" status="PASS">
          <params>
            <param index="0">
              <value>
                <![CDATA[Source]]>
              </value>
            </param>
            <param index="1">
              <value>
                <![CDATA[Testing]]>
              </value>
            </param>
          </params>
          <reporter-output>
          </reporter-output>
        </test-method> <!-- Create_Source -->
        <test-method is-config="true" signature="Quit()[pri:0, instance:Admin_UsersGroups_CreateFlow.Create_Source@7674f035]" started-at="2024-01-31T14:30:34 IST" name="Quit" finished-at="2024-01-31T14:30:36 IST" duration-ms="1409" status="PASS">
          <reporter-output>
          </reporter-output>
        </test-method> <!-- Quit -->
      </class> <!-- Admin_UsersGroups_CreateFlow.Create_Source -->
    </test> <!-- Source Creation -->
    <test started-at="2024-01-31T14:30:36 IST" name="Team Creation" finished-at="2024-01-31T14:31:03 IST" duration-ms="27187">
      <class name="Admin_UsersGroups_CreateFlow.Create_Team">
        <test-method is-config="true" signature="Login()[pri:0, instance:Admin_UsersGroups_CreateFlow.Create_Team@248e319b]" started-at="2024-01-31T14:30:36 IST" name="Login" finished-at="2024-01-31T14:30:45 IST" duration-ms="9441" status="PASS">
          <reporter-output>
          </reporter-output>
        </test-method> <!-- Login -->
        <test-method is-config="true" signature="Setip()[pri:0, instance:Admin_UsersGroups_CreateFlow.Create_Team@248e319b]" started-at="2024-01-31T14:30:45 IST" name="Setip" finished-at="2024-01-31T14:30:46 IST" depends-on-methods="Login.AdminLogin.Login" duration-ms="1383" status="PASS">
          <reporter-output>
          </reporter-output>
        </test-method> <!-- Setip -->
        <test-method signature="Create_Team(java.lang.String,java.lang.String,java.lang.String,java.lang.String,java.lang.String,java.lang.String,java.lang.String)[pri:0, instance:Admin_UsersGroups_CreateFlow.Create_Team@248e319b]" started-at="2024-01-31T14:30:46 IST" name="Create_Team" finished-at="2024-01-31T14:31:01 IST" duration-ms="15066" status="PASS">
          <params>
            <param index="0">
              <value>
                <![CDATA[Quality]]>
              </value>
            </param>
            <param index="1">
              <value>
                <![CDATA[Testing]]>
              </value>
            </param>
            <param index="2">
              <value>
                <![CDATA[All]]>
              </value>
            </param>
            <param index="3">
              <value>
                <![CDATA[Dialer]]>
              </value>
            </param>
            <param index="4">
              <value>
                <![CDATA[Source]]>
              </value>
            </param>
            <param index="5">
              <value>
                <![CDATA[Channel]]>
              </value>
            </param>
            <param index="6">
              <value>
                <![CDATA[smibrahim_agent12@doocti.com]]>
              </value>
            </param>
          </params>
          <reporter-output>
          </reporter-output>
        </test-method> <!-- Create_Team -->
        <test-method is-config="true" signature="Quit()[pri:0, instance:Admin_UsersGroups_CreateFlow.Create_Team@248e319b]" started-at="2024-01-31T14:31:01 IST" name="Quit" finished-at="2024-01-31T14:31:03 IST" duration-ms="1294" status="PASS">
          <reporter-output>
          </reporter-output>
        </test-method> <!-- Quit -->
      </class> <!-- Admin_UsersGroups_CreateFlow.Create_Team -->
    </test> <!-- Team Creation -->
    <test started-at="2024-01-31T14:31:03 IST" name="Queue Updation" finished-at="2024-01-31T14:31:32 IST" duration-ms="29353">
      <class name="Admin_Configuration_UpdateFlow.Update_Queue">
        <test-method is-config="true" signature="Login()[pri:0, instance:Admin_Configuration_UpdateFlow.Update_Queue@3b0fe47a]" started-at="2024-01-31T14:31:03 IST" name="Login" finished-at="2024-01-31T14:31:13 IST" duration-ms="10052" status="PASS">
          <reporter-output>
          </reporter-output>
        </test-method> <!-- Login -->
        <test-method is-config="true" signature="Setup()[pri:0, instance:Admin_Configuration_UpdateFlow.Update_Queue@3b0fe47a]" started-at="2024-01-31T14:31:13 IST" name="Setup" finished-at="2024-01-31T14:31:15 IST" duration-ms="2448" status="PASS">
          <reporter-output>
          </reporter-output>
        </test-method> <!-- Setup -->
        <test-method signature="Update_QueueStrategy(java.lang.String,java.lang.String)[pri:0, instance:Admin_Configuration_UpdateFlow.Update_Queue@3b0fe47a]" started-at="2024-01-31T14:31:15 IST" name="Update_QueueStrategy" finished-at="2024-01-31T14:31:19 IST" duration-ms="3662" status="PASS">
          <params>
            <param index="0">
              <value>
                <![CDATA[QA]]>
              </value>
            </param>
            <param index="1">
              <value>
                <![CDATA[RingAll]]>
              </value>
            </param>
          </params>
          <reporter-output>
          </reporter-output>
        </test-method> <!-- Update_QueueStrategy -->
        <test-method is-config="true" signature="Setup()[pri:0, instance:Admin_Configuration_UpdateFlow.Update_Queue@3b0fe47a]" started-at="2024-01-31T14:31:19 IST" name="Setup" finished-at="2024-01-31T14:31:21 IST" duration-ms="2141" status="PASS">
          <reporter-output>
          </reporter-output>
        </test-method> <!-- Setup -->
        <test-method signature="Update_QueueWaitTime(java.lang.String,java.lang.String)[pri:0, instance:Admin_Configuration_UpdateFlow.Update_Queue@3b0fe47a]" started-at="2024-01-31T14:31:21 IST" name="Update_QueueWaitTime" finished-at="2024-01-31T14:31:24 IST" duration-ms="2719" status="PASS">
          <params>
            <param index="0">
              <value>
                <![CDATA[QA]]>
              </value>
            </param>
            <param index="1">
              <value>
                <![CDATA[20]]>
              </value>
            </param>
          </params>
          <reporter-output>
          </reporter-output>
        </test-method> <!-- Update_QueueWaitTime -->
        <test-method is-config="true" signature="Setup()[pri:0, instance:Admin_Configuration_UpdateFlow.Update_Queue@3b0fe47a]" started-at="2024-01-31T14:31:24 IST" name="Setup" finished-at="2024-01-31T14:31:26 IST" duration-ms="2158" status="PASS">
          <reporter-output>
          </reporter-output>
        </test-method> <!-- Setup -->
        <test-method signature="Update_QueueRestart(java.lang.String,java.lang.String)[pri:0, instance:Admin_Configuration_UpdateFlow.Update_Queue@3b0fe47a]" started-at="2024-01-31T14:31:26 IST" name="Update_QueueRestart" finished-at="2024-01-31T14:31:31 IST" duration-ms="4850" status="PASS">
          <params>
            <param index="0">
              <value>
                <![CDATA[QA]]>
              </value>
            </param>
            <param index="1">
              <value>
                <![CDATA[yes]]>
              </value>
            </param>
          </params>
          <reporter-output>
          </reporter-output>
        </test-method> <!-- Update_QueueRestart -->
        <test-method is-config="true" signature="Quit()[pri:0, instance:Admin_Configuration_UpdateFlow.Update_Queue@3b0fe47a]" started-at="2024-01-31T14:31:31 IST" name="Quit" finished-at="2024-01-31T14:31:32 IST" duration-ms="1315" status="PASS">
          <reporter-output>
          </reporter-output>
        </test-method> <!-- Quit -->
      </class> <!-- Admin_Configuration_UpdateFlow.Update_Queue -->
    </test> <!-- Queue Updation -->
    <test started-at="2024-01-31T14:31:32 IST" name="Disoposition Updation" finished-at="2024-01-31T14:31:49 IST" duration-ms="16958">
      <class name="Admin_Configuration_UpdateFlow.Update_Disposition">
        <test-method is-config="true" signature="Login()[pri:0, instance:Admin_Configuration_UpdateFlow.Update_Disposition@74d1dc36]" started-at="2024-01-31T14:31:32 IST" name="Login" finished-at="2024-01-31T14:31:42 IST" duration-ms="9654" status="PASS">
          <reporter-output>
          </reporter-output>
        </test-method> <!-- Login -->
        <test-method is-config="true" signature="Setup()[pri:0, instance:Admin_Configuration_UpdateFlow.Update_Disposition@74d1dc36]" started-at="2024-01-31T14:31:42 IST" name="Setup" finished-at="2024-01-31T14:31:44 IST" duration-ms="2383" status="PASS">
          <reporter-output>
          </reporter-output>
        </test-method> <!-- Setup -->
        <test-method signature="Update_DispoStatus(java.lang.String,java.lang.String)[pri:0, instance:Admin_Configuration_UpdateFlow.Update_Disposition@74d1dc36]" started-at="2024-01-31T14:31:44 IST" name="Update_DispoStatus" finished-at="2024-01-31T14:31:48 IST" duration-ms="3582" status="PASS">
          <params>
            <param index="0">
              <value>
                <![CDATA[QA]]>
              </value>
            </param>
            <param index="1">
              <value>
                <![CDATA[Inactive]]>
              </value>
            </param>
          </params>
          <reporter-output>
          </reporter-output>
        </test-method> <!-- Update_DispoStatus -->
        <test-method is-config="true" signature="Quit()[pri:0, instance:Admin_Configuration_UpdateFlow.Update_Disposition@74d1dc36]" started-at="2024-01-31T14:31:48 IST" name="Quit" finished-at="2024-01-31T14:31:49 IST" duration-ms="1336" status="PASS">
          <reporter-output>
          </reporter-output>
        </test-method> <!-- Quit -->
      </class> <!-- Admin_Configuration_UpdateFlow.Update_Disposition -->
    </test> <!-- Disoposition Updation -->
    <test started-at="2024-01-31T14:31:49 IST" name="Sub-Disoposition Updation" finished-at="2024-01-31T14:32:07 IST" duration-ms="17877">
      <class name="Admin_Configuration_UpdateFlow.Update_Sub_Disposition">
        <test-method is-config="true" signature="Login()[pri:0, instance:Admin_Configuration_UpdateFlow.Update_Sub_Disposition@53045c6c]" started-at="2024-01-31T14:31:49 IST" name="Login" finished-at="2024-01-31T14:32:00 IST" duration-ms="10589" status="PASS">
          <reporter-output>
          </reporter-output>
        </test-method> <!-- Login -->
        <test-method is-config="true" signature="Setup()[pri:0, instance:Admin_Configuration_UpdateFlow.Update_Sub_Disposition@53045c6c]" started-at="2024-01-31T14:32:00 IST" name="Setup" finished-at="2024-01-31T14:32:02 IST" duration-ms="2414" status="PASS">
          <reporter-output>
          </reporter-output>
        </test-method> <!-- Setup -->
        <test-method signature="Update_SubDispoStatus(java.lang.String,java.lang.String)[pri:0, instance:Admin_Configuration_UpdateFlow.Update_Sub_Disposition@53045c6c]" started-at="2024-01-31T14:32:02 IST" name="Update_SubDispoStatus" finished-at="2024-01-31T14:32:06 IST" duration-ms="3584" status="PASS">
          <params>
            <param index="0">
              <value>
                <![CDATA[Demo]]>
              </value>
            </param>
            <param index="1">
              <value>
                <![CDATA[Inactive]]>
              </value>
            </param>
          </params>
          <reporter-output>
          </reporter-output>
        </test-method> <!-- Update_SubDispoStatus -->
        <test-method is-config="true" signature="Quit()[pri:0, instance:Admin_Configuration_UpdateFlow.Update_Sub_Disposition@53045c6c]" started-at="2024-01-31T14:32:06 IST" name="Quit" finished-at="2024-01-31T14:32:07 IST" duration-ms="1288" status="PASS">
          <reporter-output>
          </reporter-output>
        </test-method> <!-- Quit -->
      </class> <!-- Admin_Configuration_UpdateFlow.Update_Sub_Disposition -->
    </test> <!-- Sub-Disoposition Updation -->
    <test started-at="2024-01-31T14:32:07 IST" name="Ticket Status Updation" finished-at="2024-01-31T14:32:25 IST" duration-ms="17533">
      <class name="Admin_Configuration_UpdateFlow.Update_TicketStatus">
        <test-method is-config="true" signature="Login()[pri:0, instance:Admin_Configuration_UpdateFlow.Update_TicketStatus@53fb3dab]" started-at="2024-01-31T14:32:07 IST" name="Login" finished-at="2024-01-31T14:32:17 IST" duration-ms="10309" status="PASS">
          <reporter-output>
          </reporter-output>
        </test-method> <!-- Login -->
        <test-method is-config="true" signature="Setup()[pri:0, instance:Admin_Configuration_UpdateFlow.Update_TicketStatus@53fb3dab]" started-at="2024-01-31T14:32:17 IST" name="Setup" finished-at="2024-01-31T14:32:20 IST" duration-ms="2385" status="PASS">
          <reporter-output>
          </reporter-output>
        </test-method> <!-- Setup -->
        <test-method signature="Update_TicketStatusStatus(java.lang.String,java.lang.String)[pri:0, instance:Admin_Configuration_UpdateFlow.Update_TicketStatus@53fb3dab]" started-at="2024-01-31T14:32:20 IST" name="Update_TicketStatusStatus" finished-at="2024-01-31T14:32:23 IST" duration-ms="3519" status="PASS">
          <params>
            <param index="0">
              <value>
                <![CDATA[QA]]>
              </value>
            </param>
            <param index="1">
              <value>
                <![CDATA[Inactive]]>
              </value>
            </param>
          </params>
          <reporter-output>
          </reporter-output>
        </test-method> <!-- Update_TicketStatusStatus -->
        <test-method is-config="true" signature="Quit()[pri:0, instance:Admin_Configuration_UpdateFlow.Update_TicketStatus@53fb3dab]" started-at="2024-01-31T14:32:23 IST" name="Quit" finished-at="2024-01-31T14:32:25 IST" duration-ms="1318" status="PASS">
          <reporter-output>
          </reporter-output>
        </test-method> <!-- Quit -->
      </class> <!-- Admin_Configuration_UpdateFlow.Update_TicketStatus -->
    </test> <!-- Ticket Status Updation -->
    <test started-at="2024-01-31T14:32:25 IST" name="PauseCode Updation" finished-at="2024-01-31T14:32:48 IST" duration-ms="23511">
      <class name="Admin_Configuration_UpdateFlow.Update_PauseCode">
        <test-method is-config="true" signature="Login()[pri:0, instance:Admin_Configuration_UpdateFlow.Update_PauseCode@1c5920df]" started-at="2024-01-31T14:32:25 IST" name="Login" finished-at="2024-01-31T14:32:35 IST" duration-ms="10395" status="PASS">
          <reporter-output>
          </reporter-output>
        </test-method> <!-- Login -->
        <test-method is-config="true" signature="Setup()[pri:0, instance:Admin_Configuration_UpdateFlow.Update_PauseCode@1c5920df]" started-at="2024-01-31T14:32:35 IST" name="Setup" finished-at="2024-01-31T14:32:37 IST" duration-ms="2372" status="PASS">
          <reporter-output>
          </reporter-output>
        </test-method> <!-- Setup -->
        <test-method signature="Update_PausecodeTime(java.lang.String,java.lang.String,java.lang.String,java.lang.String)[pri:0, instance:Admin_Configuration_UpdateFlow.Update_PauseCode@1c5920df]" started-at="2024-01-31T14:32:37 IST" name="Update_PausecodeTime" finished-at="2024-01-31T14:32:41 IST" duration-ms="3741" status="PASS">
          <params>
            <param index="0">
              <value>
                <![CDATA[QA]]>
              </value>
            </param>
            <param index="1">
              <value>
                <![CDATA[0]]>
              </value>
            </param>
            <param index="2">
              <value>
                <![CDATA[55]]>
              </value>
            </param>
            <param index="3">
              <value>
                <![CDATA[00:55:00]]>
              </value>
            </param>
          </params>
          <reporter-output>
          </reporter-output>
        </test-method> <!-- Update_PausecodeTime -->
        <test-method is-config="true" signature="Setup()[pri:0, instance:Admin_Configuration_UpdateFlow.Update_PauseCode@1c5920df]" started-at="2024-01-31T14:32:41 IST" name="Setup" finished-at="2024-01-31T14:32:43 IST" duration-ms="2136" status="PASS">
          <reporter-output>
          </reporter-output>
        </test-method> <!-- Setup -->
        <test-method signature="Update_PausecodeStatus(java.lang.String,java.lang.String)[pri:0, instance:Admin_Configuration_UpdateFlow.Update_PauseCode@1c5920df]" started-at="2024-01-31T14:32:43 IST" name="Update_PausecodeStatus" finished-at="2024-01-31T14:32:47 IST" duration-ms="3561" status="PASS">
          <params>
            <param index="0">
              <value>
                <![CDATA[QA]]>
              </value>
            </param>
            <param index="1">
              <value>
                <![CDATA[Inactive]]>
              </value>
            </param>
          </params>
          <reporter-output>
          </reporter-output>
        </test-method> <!-- Update_PausecodeStatus -->
        <test-method is-config="true" signature="Quit()[pri:0, instance:Admin_Configuration_UpdateFlow.Update_PauseCode@1c5920df]" started-at="2024-01-31T14:32:47 IST" name="Quit" finished-at="2024-01-31T14:32:48 IST" duration-ms="1304" status="PASS">
          <reporter-output>
          </reporter-output>
        </test-method> <!-- Quit -->
      </class> <!-- Admin_Configuration_UpdateFlow.Update_PauseCode -->
    </test> <!-- PauseCode Updation -->
    <test started-at="2024-01-31T14:32:48 IST" name="DID Number Updation" finished-at="2024-01-31T14:33:11 IST" duration-ms="22907">
      <class name="Admin_Configuration_UpdateFlow.Update_DIDNumber">
        <test-method is-config="true" signature="Login()[pri:0, instance:Admin_Configuration_UpdateFlow.Update_DIDNumber@4b29d1d2]" started-at="2024-01-31T14:32:48 IST" name="Login" finished-at="2024-01-31T14:32:57 IST" duration-ms="9057" status="PASS">
          <reporter-output>
          </reporter-output>
        </test-method> <!-- Login -->
        <test-method is-config="true" signature="Setup()[pri:0, instance:Admin_Configuration_UpdateFlow.Update_DIDNumber@4b29d1d2]" started-at="2024-01-31T14:32:57 IST" name="Setup" finished-at="2024-01-31T14:32:59 IST" duration-ms="2367" status="PASS">
          <reporter-output>
          </reporter-output>
        </test-method> <!-- Setup -->
        <test-method signature="Update_DIDNumberStatus(java.lang.String,java.lang.String)[pri:0, instance:Admin_Configuration_UpdateFlow.Update_DIDNumber@4b29d1d2]" started-at="2024-01-31T14:32:59 IST" name="Update_DIDNumberStatus" finished-at="2024-01-31T14:33:04 IST" duration-ms="4610" status="PASS">
          <params>
            <param index="0">
              <value>
                <![CDATA[9876543209]]>
              </value>
            </param>
            <param index="1">
              <value>
                <![CDATA[Inactive]]>
              </value>
            </param>
          </params>
          <reporter-output>
          </reporter-output>
        </test-method> <!-- Update_DIDNumberStatus -->
        <test-method is-config="true" signature="Setup()[pri:0, instance:Admin_Configuration_UpdateFlow.Update_DIDNumber@4b29d1d2]" started-at="2024-01-31T14:33:04 IST" name="Setup" finished-at="2024-01-31T14:33:06 IST" duration-ms="2139" status="PASS">
          <reporter-output>
          </reporter-output>
        </test-method> <!-- Setup -->
        <test-method signature="Update_DIDNumberLive(java.lang.String,java.lang.String)[pri:0, instance:Admin_Configuration_UpdateFlow.Update_DIDNumber@4b29d1d2]" started-at="2024-01-31T14:33:06 IST" name="Update_DIDNumberLive" finished-at="2024-01-31T14:33:10 IST" duration-ms="3471" status="PASS">
          <params>
            <param index="0">
              <value>
                <![CDATA[9876543209]]>
              </value>
            </param>
            <param index="1">
              <value>
                <![CDATA[No]]>
              </value>
            </param>
          </params>
          <reporter-output>
          </reporter-output>
        </test-method> <!-- Update_DIDNumberLive -->
        <test-method is-config="true" signature="Quit()[pri:0, instance:Admin_Configuration_UpdateFlow.Update_DIDNumber@4b29d1d2]" started-at="2024-01-31T14:33:10 IST" name="Quit" finished-at="2024-01-31T14:33:11 IST" duration-ms="1259" status="PASS">
          <reporter-output>
          </reporter-output>
        </test-method> <!-- Quit -->
      </class> <!-- Admin_Configuration_UpdateFlow.Update_DIDNumber -->
    </test> <!-- DID Number Updation -->
    <test started-at="2024-01-31T14:33:11 IST" name="Tag Updation" finished-at="2024-01-31T14:33:28 IST" duration-ms="17415">
      <class name="Admin_Configuration_UpdateFlow.Update_Tags">
        <test-method is-config="true" signature="Login()[pri:0, instance:Admin_Configuration_UpdateFlow.Update_Tags@3ba987b8]" started-at="2024-01-31T14:33:11 IST" name="Login" finished-at="2024-01-31T14:33:21 IST" duration-ms="9876" status="PASS">
          <reporter-output>
          </reporter-output>
        </test-method> <!-- Login -->
        <test-method is-config="true" signature="Setup()[pri:0, instance:Admin_Configuration_UpdateFlow.Update_Tags@3ba987b8]" started-at="2024-01-31T14:33:21 IST" name="Setup" finished-at="2024-01-31T14:33:23 IST" duration-ms="2345" status="PASS">
          <reporter-output>
          </reporter-output>
        </test-method> <!-- Setup -->
        <test-method signature="Update_TagStatus(java.lang.String,java.lang.String)[pri:0, instance:Admin_Configuration_UpdateFlow.Update_Tags@3ba987b8]" started-at="2024-01-31T14:33:23 IST" name="Update_TagStatus" finished-at="2024-01-31T14:33:27 IST" duration-ms="3851" status="PASS">
          <params>
            <param index="0">
              <value>
                <![CDATA[QA]]>
              </value>
            </param>
            <param index="1">
              <value>
                <![CDATA[inactive]]>
              </value>
            </param>
          </params>
          <reporter-output>
          </reporter-output>
        </test-method> <!-- Update_TagStatus -->
        <test-method is-config="true" signature="Quit()[pri:0, instance:Admin_Configuration_UpdateFlow.Update_Tags@3ba987b8]" started-at="2024-01-31T14:33:27 IST" name="Quit" finished-at="2024-01-31T14:33:28 IST" duration-ms="1341" status="PASS">
          <reporter-output>
          </reporter-output>
        </test-method> <!-- Quit -->
      </class> <!-- Admin_Configuration_UpdateFlow.Update_Tags -->
    </test> <!-- Tag Updation -->
    <test started-at="2024-01-31T14:33:28 IST" name="Announcement Updation" finished-at="2024-01-31T14:33:58 IST" duration-ms="29891">
      <class name="Admin_Configuration_UpdateFlow.Update_Announcement">
        <test-method is-config="true" signature="Login()[pri:0, instance:Admin_Configuration_UpdateFlow.Update_Announcement@8458f04]" started-at="2024-01-31T14:33:28 IST" name="Login" finished-at="2024-01-31T14:33:39 IST" duration-ms="10339" status="PASS">
          <reporter-output>
          </reporter-output>
        </test-method> <!-- Login -->
        <test-method is-config="true" signature="Setup()[pri:0, instance:Admin_Configuration_UpdateFlow.Update_Announcement@8458f04]" started-at="2024-01-31T14:33:39 IST" name="Setup" finished-at="2024-01-31T14:33:41 IST" duration-ms="2562" status="PASS">
          <reporter-output>
          </reporter-output>
        </test-method> <!-- Setup -->
        <test-method signature="Update_AnnouncementStatus(java.lang.String,java.lang.String)[pri:0, instance:Admin_Configuration_UpdateFlow.Update_Announcement@8458f04]" started-at="2024-01-31T14:33:41 IST" name="Update_AnnouncementStatus" finished-at="2024-01-31T14:33:44 IST" duration-ms="2606" status="PASS">
          <params>
            <param index="0">
              <value>
                <![CDATA[QA]]>
              </value>
            </param>
            <param index="1">
              <value>
                <![CDATA[Inactive]]>
              </value>
            </param>
          </params>
          <reporter-output>
          </reporter-output>
        </test-method> <!-- Update_AnnouncementStatus -->
        <test-method is-config="true" signature="Setup()[pri:0, instance:Admin_Configuration_UpdateFlow.Update_Announcement@8458f04]" started-at="2024-01-31T14:33:44 IST" name="Setup" finished-at="2024-01-31T14:33:46 IST" duration-ms="2172" status="PASS">
          <reporter-output>
          </reporter-output>
        </test-method> <!-- Setup -->
        <test-method signature="Update_AnnouncementMessage(java.lang.String,java.lang.String)[pri:0, instance:Admin_Configuration_UpdateFlow.Update_Announcement@8458f04]" started-at="2024-01-31T14:33:46 IST" name="Update_AnnouncementMessage" finished-at="2024-01-31T14:33:50 IST" duration-ms="4028" status="PASS">
          <params>
            <param index="0">
              <value>
                <![CDATA[QA]]>
              </value>
            </param>
            <param index="1">
              <value>
                <![CDATA[Good Vibes]]>
              </value>
            </param>
          </params>
          <reporter-output>
          </reporter-output>
        </test-method> <!-- Update_AnnouncementMessage -->
        <test-method is-config="true" signature="Setup()[pri:0, instance:Admin_Configuration_UpdateFlow.Update_Announcement@8458f04]" started-at="2024-01-31T14:33:50 IST" name="Setup" finished-at="2024-01-31T14:33:52 IST" duration-ms="2145" status="PASS">
          <reporter-output>
          </reporter-output>
        </test-method> <!-- Setup -->
        <test-method signature="Update_AnnouncementCampaign(java.lang.String,java.lang.String)[pri:0, instance:Admin_Configuration_UpdateFlow.Update_Announcement@8458f04]" started-at="2024-01-31T14:33:52 IST" name="Update_AnnouncementCampaign" finished-at="2024-01-31T14:33:57 IST" duration-ms="4755" status="PASS">
          <params>
            <param index="0">
              <value>
                <![CDATA[QA]]>
              </value>
            </param>
            <param index="1">
              <value>
                <![CDATA[Test]]>
              </value>
            </param>
          </params>
          <reporter-output>
          </reporter-output>
        </test-method> <!-- Update_AnnouncementCampaign -->
        <test-method is-config="true" signature="Quit()[pri:0, instance:Admin_Configuration_UpdateFlow.Update_Announcement@8458f04]" started-at="2024-01-31T14:33:57 IST" name="Quit" finished-at="2024-01-31T14:33:58 IST" duration-ms="1280" status="PASS">
          <reporter-output>
          </reporter-output>
        </test-method> <!-- Quit -->
      </class> <!-- Admin_Configuration_UpdateFlow.Update_Announcement -->
    </test> <!-- Announcement Updation -->
    <test started-at="2024-01-31T14:33:58 IST" name="Script Updation" finished-at="2024-01-31T14:34:23 IST" duration-ms="24996">
      <class name="Admin_Configuration_UpdateFlow.Update_Script">
        <test-method is-config="true" signature="Login()[pri:0, instance:Admin_Configuration_UpdateFlow.Update_Script@645aa696]" started-at="2024-01-31T14:33:58 IST" name="Login" finished-at="2024-01-31T14:34:08 IST" duration-ms="10184" status="PASS">
          <reporter-output>
          </reporter-output>
        </test-method> <!-- Login -->
        <test-method is-config="true" signature="Setup()[pri:0, instance:Admin_Configuration_UpdateFlow.Update_Script@645aa696]" started-at="2024-01-31T14:34:08 IST" name="Setup" finished-at="2024-01-31T14:34:11 IST" duration-ms="2371" status="PASS">
          <reporter-output>
          </reporter-output>
        </test-method> <!-- Setup -->
        <test-method signature="Update_ScriptStatus(java.lang.String,java.lang.String)[pri:0, instance:Admin_Configuration_UpdateFlow.Update_Script@645aa696]" started-at="2024-01-31T14:34:11 IST" name="Update_ScriptStatus" finished-at="2024-01-31T14:34:16 IST" duration-ms="4725" status="PASS">
          <params>
            <param index="0">
              <value>
                <![CDATA[QA]]>
              </value>
            </param>
            <param index="1">
              <value>
                <![CDATA[INACTIVE]]>
              </value>
            </param>
          </params>
          <reporter-output>
          </reporter-output>
        </test-method> <!-- Update_ScriptStatus -->
        <test-method is-config="true" signature="Setup()[pri:0, instance:Admin_Configuration_UpdateFlow.Update_Script@645aa696]" started-at="2024-01-31T14:34:16 IST" name="Setup" finished-at="2024-01-31T14:34:18 IST" duration-ms="2169" status="PASS">
          <reporter-output>
          </reporter-output>
        </test-method> <!-- Setup -->
        <test-method signature="Update_ScriptContent(java.lang.String,java.lang.String,java.lang.String)[pri:0, instance:Admin_Configuration_UpdateFlow.Update_Script@645aa696]" started-at="2024-01-31T14:34:18 IST" name="Update_ScriptContent" finished-at="2024-01-31T14:34:22 IST" duration-ms="4250" status="PASS">
          <params>
            <param index="0">
              <value>
                <![CDATA[QA]]>
              </value>
            </param>
            <param index="1">
              <value>
                <![CDATA[https://web-v2.doocti.com/v2.1.105/]]>
              </value>
            </param>
            <param index="2">
              <value>
                <![CDATA[Testingggg]]>
              </value>
            </param>
          </params>
          <reporter-output>
          </reporter-output>
        </test-method> <!-- Update_ScriptContent -->
        <test-method is-config="true" signature="Quit()[pri:0, instance:Admin_Configuration_UpdateFlow.Update_Script@645aa696]" started-at="2024-01-31T14:34:22 IST" name="Quit" finished-at="2024-01-31T14:34:23 IST" duration-ms="1296" status="PASS">
          <reporter-output>
          </reporter-output>
        </test-method> <!-- Quit -->
      </class> <!-- Admin_Configuration_UpdateFlow.Update_Script -->
    </test> <!-- Script Updation -->
    <test started-at="2024-01-31T14:34:23 IST" name="Timezone Updation" finished-at="2024-01-31T14:34:41 IST" duration-ms="17846">
      <class name="Admin_Configuration_UpdateFlow.Update_TimeZone">
        <test-method is-config="true" signature="Login()[pri:0, instance:Admin_Configuration_UpdateFlow.Update_TimeZone@5524cca1]" started-at="2024-01-31T14:34:23 IST" name="Login" finished-at="2024-01-31T14:34:34 IST" duration-ms="10224" status="PASS">
          <reporter-output>
          </reporter-output>
        </test-method> <!-- Login -->
        <test-method is-config="true" signature="Setup()[pri:0, instance:Admin_Configuration_UpdateFlow.Update_TimeZone@5524cca1]" started-at="2024-01-31T14:34:34 IST" name="Setup" finished-at="2024-01-31T14:34:36 IST" duration-ms="2446" status="PASS">
          <reporter-output>
          </reporter-output>
        </test-method> <!-- Setup -->
        <test-method signature="Update_TimezoneStatus(java.lang.String,java.lang.String)[pri:0, instance:Admin_Configuration_UpdateFlow.Update_TimeZone@5524cca1]" started-at="2024-01-31T14:34:36 IST" name="Update_TimezoneStatus" finished-at="2024-01-31T14:34:40 IST" duration-ms="3626" status="PASS">
          <params>
            <param index="0">
              <value>
                <![CDATA[QA]]>
              </value>
            </param>
            <param index="1">
              <value>
                <![CDATA[Inactive]]>
              </value>
            </param>
          </params>
          <reporter-output>
          </reporter-output>
        </test-method> <!-- Update_TimezoneStatus -->
        <test-method is-config="true" signature="Quit()[pri:0, instance:Admin_Configuration_UpdateFlow.Update_TimeZone@5524cca1]" started-at="2024-01-31T14:34:40 IST" name="Quit" finished-at="2024-01-31T14:34:41 IST" duration-ms="1547" status="PASS">
          <reporter-output>
          </reporter-output>
        </test-method> <!-- Quit -->
      </class> <!-- Admin_Configuration_UpdateFlow.Update_TimeZone -->
    </test> <!-- Timezone Updation -->
    <test started-at="2024-01-31T14:34:41 IST" name="Meeting Title Updation" finished-at="2024-01-31T14:34:59 IST" duration-ms="17374">
      <class name="Admin_Configuration_UpdateFlow.Update_MeetingTitle">
        <test-method is-config="true" signature="Login()[pri:0, instance:Admin_Configuration_UpdateFlow.Update_MeetingTitle@6fa51cd4]" started-at="2024-01-31T14:34:41 IST" name="Login" finished-at="2024-01-31T14:34:52 IST" duration-ms="10907" status="PASS">
          <reporter-output>
          </reporter-output>
        </test-method> <!-- Login -->
        <test-method is-config="true" signature="Setup()[pri:0, instance:Admin_Configuration_UpdateFlow.Update_MeetingTitle@6fa51cd4]" started-at="2024-01-31T14:34:52 IST" name="Setup" finished-at="2024-01-31T14:34:55 IST" duration-ms="2593" status="PASS">
          <reporter-output>
          </reporter-output>
        </test-method> <!-- Setup -->
        <test-method signature="Update_MeetingTitleStatus(java.lang.String,java.lang.String)[pri:0, instance:Admin_Configuration_UpdateFlow.Update_MeetingTitle@6fa51cd4]" started-at="2024-01-31T14:34:55 IST" name="Update_MeetingTitleStatus" finished-at="2024-01-31T14:34:57 IST" duration-ms="2597" status="PASS">
          <params>
            <param index="0">
              <value>
                <![CDATA[QA]]>
              </value>
            </param>
            <param index="1">
              <value>
                <![CDATA[Inactive]]>
              </value>
            </param>
          </params>
          <reporter-output>
          </reporter-output>
        </test-method> <!-- Update_MeetingTitleStatus -->
        <test-method is-config="true" signature="Quit()[pri:0, instance:Admin_Configuration_UpdateFlow.Update_MeetingTitle@6fa51cd4]" started-at="2024-01-31T14:34:57 IST" name="Quit" finished-at="2024-01-31T14:34:59 IST" duration-ms="1274" status="PASS">
          <reporter-output>
          </reporter-output>
        </test-method> <!-- Quit -->
      </class> <!-- Admin_Configuration_UpdateFlow.Update_MeetingTitle -->
    </test> <!-- Meeting Title Updation -->
    <test started-at="2024-01-31T14:34:59 IST" name="UserGroups Updation" finished-at="2024-01-31T14:35:18 IST" duration-ms="19868">
      <class name="Admin_UsersGroups_UpdateFlow.Update_UserGroups">
        <test-method is-config="true" signature="Login()[pri:0, instance:Admin_UsersGroups_UpdateFlow.Update_UserGroups@7ce69770]" started-at="2024-01-31T14:34:59 IST" name="Login" finished-at="2024-01-31T14:35:10 IST" duration-ms="11356" status="PASS">
          <reporter-output>
          </reporter-output>
        </test-method> <!-- Login -->
        <test-method is-config="true" signature="Setup()[pri:0, instance:Admin_UsersGroups_UpdateFlow.Update_UserGroups@7ce69770]" started-at="2024-01-31T14:35:10 IST" name="Setup" finished-at="2024-01-31T14:35:11 IST" duration-ms="1324" status="PASS">
          <reporter-output>
          </reporter-output>
        </test-method> <!-- Setup -->
        <test-method signature="Update_UserGroupName(java.lang.String,java.lang.String)[pri:0, instance:Admin_UsersGroups_UpdateFlow.Update_UserGroups@7ce69770]" started-at="2024-01-31T14:35:11 IST" name="Update_UserGroupName" finished-at="2024-01-31T14:35:17 IST" duration-ms="6078" status="FAIL">
          <params>
            <param index="0">
              <value>
                <![CDATA[QA]]>
              </value>
            </param>
            <param index="1">
              <value>
                <![CDATA[Quality]]>
              </value>
            </param>
          </params>
          <exception class="java.lang.AssertionError">
            <message>
              <![CDATA[Usergroup Name is Not Updated...! expected [Quality] but found [QA]]]>
            </message>
            <full-stacktrace>
              <![CDATA[java.lang.AssertionError: Usergroup Name is Not Updated...! expected [Quality] but found [QA]
at org.testng.Assert.fail(Assert.java:99)
at org.testng.Assert.failNotEquals(Assert.java:1037)
at org.testng.Assert.assertEqualsImpl(Assert.java:140)
at org.testng.Assert.assertEquals(Assert.java:122)
at org.testng.Assert.assertEquals(Assert.java:629)
at Admin_UsersGroups_UpdateFlow.Update_UserGroups.Update_UserGroupName(Update_UserGroups.java:80)
at java.base/jdk.internal.reflect.NativeMethodAccessorImpl.invoke0(Native Method)
at java.base/jdk.internal.reflect.NativeMethodAccessorImpl.invoke(NativeMethodAccessorImpl.java:77)
at java.base/jdk.internal.reflect.DelegatingMethodAccessorImpl.invoke(DelegatingMethodAccessorImpl.java:43)
at java.base/java.lang.reflect.Method.invoke(Method.java:568)
at org.testng.internal.MethodInvocationHelper.invokeMethod(MethodInvocationHelper.java:133)
at org.testng.internal.TestInvoker.invokeMethod(TestInvoker.java:598)
at org.testng.internal.TestInvoker.invokeTestMethod(TestInvoker.java:173)
at org.testng.internal.MethodRunner.runInSequence(MethodRunner.java:46)
at org.testng.internal.TestInvoker$MethodInvocationAgent.invoke(TestInvoker.java:824)
at org.testng.internal.TestInvoker.invokeTestMethods(TestInvoker.java:146)
at org.testng.internal.TestMethodWorker.invokeTestMethods(TestMethodWorker.java:146)
at org.testng.internal.TestMethodWorker.run(TestMethodWorker.java:128)
at java.base/java.util.ArrayList.forEach(ArrayList.java:1511)
at org.testng.TestRunner.privateRun(TestRunner.java:794)
at org.testng.TestRunner.run(TestRunner.java:596)
at org.testng.SuiteRunner.runTest(SuiteRunner.java:377)
at org.testng.SuiteRunner.runSequentially(SuiteRunner.java:371)
at org.testng.SuiteRunner.privateRun(SuiteRunner.java:332)
at org.testng.SuiteRunner.run(SuiteRunner.java:276)
at org.testng.SuiteRunnerWorker.runSuite(SuiteRunnerWorker.java:53)
at org.testng.SuiteRunnerWorker.run(SuiteRunnerWorker.java:96)
at org.testng.TestNG.runSuitesSequentially(TestNG.java:1212)
at org.testng.TestNG.runSuitesLocally(TestNG.java:1134)
at org.testng.TestNG.runSuites(TestNG.java:1063)
at org.testng.TestNG.run(TestNG.java:1031)
at org.testng.remote.AbstractRemoteTestNG.run(AbstractRemoteTestNG.java:115)
at org.testng.remote.RemoteTestNG.initAndRun(RemoteTestNG.java:251)
at org.testng.remote.RemoteTestNG.main(RemoteTestNG.java:77)
]]>
            </full-stacktrace>
          </exception> <!-- java.lang.AssertionError -->
          <reporter-output>
          </reporter-output>
        </test-method> <!-- Update_UserGroupName -->
        <test-method is-config="true" signature="Setup()[pri:0, instance:Admin_UsersGroups_UpdateFlow.Update_UserGroups@7ce69770]" started-at="2024-01-31T14:35:17 IST" name="Setup" finished-at="2024-01-31T14:35:18 IST" duration-ms="1093" status="FAIL">
          <exception class="org.openqa.selenium.ElementNotInteractableException">
            <message>
              <![CDATA[element not interactable
  (Session info: chrome=120.0.6099.227)
Build info: version: '4.16.1', revision: '9b4c83354e'
System info: os.name: 'Windows 10', os.arch: 'amd64', os.version: '10.0', java.version: '17.0.8.1'
Driver info: org.openqa.selenium.chrome.ChromeDriver
Command: [d54104a6df006d2d58be36d39cd76247, clickElement {id=C8DCE872C593F92D56BFFA2D7D4E3976_element_192}]
Capabilities {acceptInsecureCerts: false, browserName: chrome, browserVersion: 120.0.6099.227, chrome: {chromedriverVersion: 120.0.6099.109 (3419140ab66..., userDataDir: C:\Users\User\AppData\Local...}, fedcm:accounts: true, goog:chromeOptions: {debuggerAddress: localhost:59932}, networkConnectionEnabled: false, pageLoadStrategy: normal, platformName: windows, proxy: Proxy(), se:cdp: ws://localhost:59932/devtoo..., se:cdpVersion: 120.0.6099.227, setWindowRect: true, strictFileInteractability: false, timeouts: {implicit: 0, pageLoad: 300000, script: 30000}, unhandledPromptBehavior: dismiss and notify, webauthn:extension:credBlob: true, webauthn:extension:largeBlob: true, webauthn:extension:minPinLength: true, webauthn:extension:prf: true, webauthn:virtualAuthenticators: true}
Element: [[ChromeDriver: chrome on windows (d54104a6df006d2d58be36d39cd76247)] -> xpath: (//span[normalize-space()='User Group'])[1]]
Session ID: d54104a6df006d2d58be36d39cd76247]]>
            </message>
            <full-stacktrace>
              <![CDATA[org.openqa.selenium.ElementNotInteractableException: element not interactable
  (Session info: chrome=120.0.6099.227)
Build info: version: '4.16.1', revision: '9b4c83354e'
System info: os.name: 'Windows 10', os.arch: 'amd64', os.version: '10.0', java.version: '17.0.8.1'
Driver info: org.openqa.selenium.chrome.ChromeDriver
Command: [d54104a6df006d2d58be36d39cd76247, clickElement {id=C8DCE872C593F92D56BFFA2D7D4E3976_element_192}]
Capabilities {acceptInsecureCerts: false, browserName: chrome, browserVersion: 120.0.6099.227, chrome: {chromedriverVersion: 120.0.6099.109 (3419140ab66..., userDataDir: C:\Users\User\AppData\Local...}, fedcm:accounts: true, goog:chromeOptions: {debuggerAddress: localhost:59932}, networkConnectionEnabled: false, pageLoadStrategy: normal, platformName: windows, proxy: Proxy(), se:cdp: ws://localhost:59932/devtoo..., se:cdpVersion: 120.0.6099.227, setWindowRect: true, strictFileInteractability: false, timeouts: {implicit: 0, pageLoad: 300000, script: 30000}, unhandledPromptBehavior: dismiss and notify, webauthn:extension:credBlob: true, webauthn:extension:largeBlob: true, webauthn:extension:minPinLength: true, webauthn:extension:prf: true, webauthn:virtualAuthenticators: true}
Element: [[ChromeDriver: chrome on windows (d54104a6df006d2d58be36d39cd76247)] -> xpath: (//span[normalize-space()='User Group'])[1]]
Session ID: d54104a6df006d2d58be36d39cd76247
at java.base/jdk.internal.reflect.NativeConstructorAccessorImpl.newInstance0(Native Method)
at java.base/jdk.internal.reflect.NativeConstructorAccessorImpl.newInstance(NativeConstructorAccessorImpl.java:77)
at java.base/jdk.internal.reflect.DelegatingConstructorAccessorImpl.newInstance(DelegatingConstructorAccessorImpl.java:45)
at java.base/java.lang.reflect.Constructor.newInstanceWithCaller(Constructor.java:499)
at java.base/java.lang.reflect.Constructor.newInstance(Constructor.java:480)
[...]
          <params>
            <param index="0">
              <value>
                <![CDATA[QA]]>
              </value>
            </param>
          </params>
          <reporter-output>
          </reporter-output>
        </test-method> <!-- Delete_Tags -->
        <test-method is-config="true" signature="Quit()[pri:0, instance:Admin_Configuration_DeleteFlow.Delete_Tags@1a245833]" started-at="2024-01-31T14:39:13 IST" name="Quit" finished-at="2024-01-31T14:39:14 IST" duration-ms="1445" status="PASS">
          <reporter-output>
          </reporter-output>
        </test-method> <!-- Quit -->
      </class> <!-- Admin_Configuration_DeleteFlow.Delete_Tags -->
    </test> <!-- Tags Deletion -->
    <test started-at="2024-01-31T14:39:14 IST" name="Announcemet Deletion" finished-at="2024-01-31T14:39:32 IST" duration-ms="17829">
      <class name="Admin_Configuration_DeleteFlow.Delete_Announcement">
        <test-method is-config="true" signature="Login()[pri:0, instance:Admin_Configuration_DeleteFlow.Delete_Announcement@710636b0]" started-at="2024-01-31T14:39:14 IST" name="Login" finished-at="2024-01-31T14:39:25 IST" duration-ms="10485" status="PASS">
          <reporter-output>
          </reporter-output>
        </test-method> <!-- Login -->
        <test-method is-config="true" signature="Setup()[pri:0, instance:Admin_Configuration_DeleteFlow.Delete_Announcement@710636b0]" started-at="2024-01-31T14:39:25 IST" name="Setup" finished-at="2024-01-31T14:39:27 IST" duration-ms="2412" status="PASS">
          <reporter-output>
          </reporter-output>
        </test-method> <!-- Setup -->
        <test-method signature="Announcement_Delete(java.lang.String)[pri:0, instance:Admin_Configuration_DeleteFlow.Delete_Announcement@710636b0]" started-at="2024-01-31T14:39:27 IST" name="Announcement_Delete" finished-at="2024-01-31T14:39:31 IST" duration-ms="3482" status="PASS">
          <params>
            <param index="0">
              <value>
                <![CDATA[QA]]>
              </value>
            </param>
          </params>
          <reporter-output>
          </reporter-output>
        </test-method> <!-- Announcement_Delete -->
        <test-method is-config="true" signature="Quit()[pri:0, instance:Admin_Configuration_DeleteFlow.Delete_Announcement@710636b0]" started-at="2024-01-31T14:39:31 IST" name="Quit" finished-at="2024-01-31T14:39:32 IST" duration-ms="1450" status="PASS">
          <reporter-output>
          </reporter-output>
        </test-method> <!-- Quit -->
      </class> <!-- Admin_Configuration_DeleteFlow.Delete_Announcement -->
    </test> <!-- Announcemet Deletion -->
    <test started-at="2024-01-31T14:39:32 IST" name="Script Deletion" finished-at="2024-01-31T14:39:48 IST" duration-ms="16392">
      <class name="Admin_Configuration_DeleteFlow.Delete_Script">
        <test-method is-config="true" signature="Login()[pri:0, instance:Admin_Configuration_DeleteFlow.Delete_Script@43f02ef2]" started-at="2024-01-31T14:39:32 IST" name="Login" finished-at="2024-01-31T14:39:41 IST" duration-ms="9228" status="PASS">
          <reporter-output>
          </reporter-output>
        </test-method> <!-- Login -->
        <test-method is-config="true" signature="Setup()[pri:0, instance:Admin_Configuration_DeleteFlow.Delete_Script@43f02ef2]" started-at="2024-01-31T14:39:41 IST" name="Setup" finished-at="2024-01-31T14:39:44 IST" duration-ms="2339" status="PASS">
          <reporter-output>
          </reporter-output>
        </test-method> <!-- Setup -->
        <test-method signature="Delete_Script(java.lang.String)[pri:0, instance:Admin_Configuration_DeleteFlow.Delete_Script@43f02ef2]" started-at="2024-01-31T14:39:44 IST" name="Delete_Script" finished-at="2024-01-31T14:39:47 IST" duration-ms="3361" status="PASS">
          <params>
            <param index="0">
              <value>
                <![CDATA[QA]]>
              </value>
            </param>
          </params>
          <reporter-output>
          </reporter-output>
        </test-method> <!-- Delete_Script -->
        <test-method is-config="true" signature="Quit()[pri:0, instance:Admin_Configuration_DeleteFlow.Delete_Script@43f02ef2]" started-at="2024-01-31T14:39:47 IST" name="Quit" finished-at="2024-01-31T14:39:48 IST" duration-ms="1463" status="PASS">
          <reporter-output>
          </reporter-output>
        </test-method> <!-- Quit -->
      </class> <!-- Admin_Configuration_DeleteFlow.Delete_Script -->
    </test> <!-- Script Deletion -->
    <test started-at="2024-01-31T14:39:48 IST" name="InboundRoute Deletion" finished-at="2024-01-31T14:40:05 IST" duration-ms="16991">
      <class name="Admin_Configuration_DeleteFlow.Delete_InboundRouter">
        <test-method is-config="true" signature="Login()[pri:0, instance:Admin_Configuration_DeleteFlow.Delete_InboundRouter@3ad83a66]" started-at="2024-01-31T14:39:48 IST" name="Login" finished-at="2024-01-31T14:39:58 IST" duration-ms="9886" status="PASS">
          <reporter-output>
          </reporter-output>
        </test-method> <!-- Login -->
        <test-method is-config="true" signature="Setup()[pri:0, instance:Admin_Configuration_DeleteFlow.Delete_InboundRouter@3ad83a66]" started-at="2024-01-31T14:39:58 IST" name="Setup" finished-at="2024-01-31T14:40:01 IST" duration-ms="2410" status="PASS">
          <reporter-output>
          </reporter-output>
        </test-method> <!-- Setup -->
        <test-method signature="Delete_InboundRouter(java.lang.String)[pri:0, instance:Admin_Configuration_DeleteFlow.Delete_InboundRouter@3ad83a66]" started-at="2024-01-31T14:40:01 IST" name="Delete_InboundRouter" finished-at="2024-01-31T14:40:04 IST" duration-ms="3419" status="PASS">
          <params>
            <param index="0">
              <value>
                <![CDATA[9090909090]]>
              </value>
            </param>
          </params>
          <reporter-output>
          </reporter-output>
        </test-method> <!-- Delete_InboundRouter -->
        <test-method is-config="true" signature="Quit()[pri:0, instance:Admin_Configuration_DeleteFlow.Delete_InboundRouter@3ad83a66]" started-at="2024-01-31T14:40:04 IST" name="Quit" finished-at="2024-01-31T14:40:05 IST" duration-ms="1274" status="PASS">
          <reporter-output>
          </reporter-output>
        </test-method> <!-- Quit -->
      </class> <!-- Admin_Configuration_DeleteFlow.Delete_InboundRouter -->
    </test> <!-- InboundRoute Deletion -->
    <test started-at="2024-01-31T14:40:05 IST" name="TimeZone Deletion" finished-at="2024-01-31T14:40:24 IST" duration-ms="18173">
      <class name="Admin_Configuration_DeleteFlow.Delete_Timezone">
        <test-method is-config="true" signature="Login()[pri:0, instance:Admin_Configuration_DeleteFlow.Delete_Timezone@4722ef0c]" started-at="2024-01-31T14:40:05 IST" name="Login" finished-at="2024-01-31T14:40:17 IST" duration-ms="11138" status="PASS">
          <reporter-output>
          </reporter-output>
        </test-method> <!-- Login -->
        <test-method is-config="true" signature="Setup()[pri:0, instance:Admin_Configuration_DeleteFlow.Delete_Timezone@4722ef0c]" started-at="2024-01-31T14:40:17 IST" name="Setup" finished-at="2024-01-31T14:40:19 IST" duration-ms="2421" status="PASS">
          <reporter-output>
          </reporter-output>
        </test-method> <!-- Setup -->
        <test-method signature="Delete_Timezone(java.lang.String)[pri:0, instance:Admin_Configuration_DeleteFlow.Delete_Timezone@4722ef0c]" started-at="2024-01-31T14:40:19 IST" name="Delete_Timezone" finished-at="2024-01-31T14:40:22 IST" duration-ms="3346" status="PASS">
          <params>
            <param index="0">
              <value>
                <![CDATA[QA]]>
              </value>
            </param>
          </params>
          <reporter-output>
          </reporter-output>
        </test-method> <!-- Delete_Timezone -->
        <test-method is-config="true" signature="Quit()[pri:0, instance:Admin_Configuration_DeleteFlow.Delete_Timezone@4722ef0c]" started-at="2024-01-31T14:40:22 IST" name="Quit" finished-at="2024-01-31T14:40:24 IST" duration-ms="1266" status="PASS">
          <reporter-output>
          </reporter-output>
        </test-method> <!-- Quit -->
      </class> <!-- Admin_Configuration_DeleteFlow.Delete_Timezone -->
    </test> <!-- TimeZone Deletion -->
    <test started-at="2024-01-31T14:40:24 IST" name="MeetingTitle Deletion" finished-at="2024-01-31T14:40:40 IST" duration-ms="16206">
      <class name="Admin_Configuration_DeleteFlow.Delete_MeetingTitle">
        <test-method is-config="true" signature="Login()[pri:0, instance:Admin_Configuration_DeleteFlow.Delete_MeetingTitle@26abb146]" started-at="2024-01-31T14:40:24 IST" name="Login" finished-at="2024-01-31T14:40:33 IST" duration-ms="8992" status="PASS">
          <reporter-output>
          </reporter-output>
        </test-method> <!-- Login -->
        <test-method is-config="true" signature="Setup()[pri:0, instance:Admin_Configuration_DeleteFlow.Delete_MeetingTitle@26abb146]" started-at="2024-01-31T14:40:33 IST" name="Setup" finished-at="2024-01-31T14:40:35 IST" duration-ms="2387" status="PASS">
          <reporter-output>
          </reporter-output>
        </test-method> <!-- Setup -->
        <test-method signature="Delete_MeetingTitle(java.lang.String)[pri:0, instance:Admin_Configuration_DeleteFlow.Delete_MeetingTitle@26abb146]" started-at="2024-01-31T14:40:35 IST" name="Delete_MeetingTitle" finished-at="2024-01-31T14:40:38 IST" duration-ms="3409" status="PASS">
          <params>
            <param index="0">
              <value>
                <![CDATA[QA]]>
              </value>
            </param>
          </params>
          <reporter-output>
          </reporter-output>
        </test-method> <!-- Delete_MeetingTitle -->
        <test-method is-config="true" signature="Quit()[pri:0, instance:Admin_Configuration_DeleteFlow.Delete_MeetingTitle@26abb146]" started-at="2024-01-31T14:40:38 IST" name="Quit" finished-at="2024-01-31T14:40:40 IST" duration-ms="1417" status="PASS">
          <reporter-output>
          </reporter-output>
        </test-method> <!-- Quit -->
      </class> <!-- Admin_Configuration_DeleteFlow.Delete_MeetingTitle -->
    </test> <!-- MeetingTitle Deletion -->
    <test started-at="2024-01-31T14:40:40 IST" name="UserGroup Deletion" finished-at="2024-01-31T14:40:58 IST" duration-ms="18193">
      <class name="Admin_UsersGroups_DeleteFlow.Delete_UserGroups">
        <test-method is-config="true" signature="Login()[pri:0, instance:Admin_UsersGroups_DeleteFlow.Delete_UserGroups@5c7933ad]" started-at="2024-01-31T14:40:40 IST" name="Login" finished-at="2024-01-31T14:40:50 IST" duration-ms="9964" status="PASS">
          <reporter-output>
          </reporter-output>
        </test-method> <!-- Login -->
        <test-method is-config="true" signature="Setup()[pri:0, instance:Admin_UsersGroups_DeleteFlow.Delete_UserGroups@5c7933ad]" started-at="2024-01-31T14:40:50 IST" name="Setup" finished-at="2024-01-31T14:40:51 IST" duration-ms="1254" status="PASS">
          <reporter-output>
          </reporter-output>
        </test-method> <!-- Setup -->
        <test-method signature="Delete_UserGroups(java.lang.String)[pri:0, instance:Admin_UsersGroups_DeleteFlow.Delete_UserGroups@5c7933ad]" started-at="2024-01-31T14:40:51 IST" name="Delete_UserGroups" finished-at="2024-01-31T14:40:57 IST" duration-ms="5735" status="PASS">
          <params>
            <param index="0">
              <value>
                <![CDATA[Quality]]>
              </value>
            </param>
          </params>
          <reporter-output>
          </reporter-output>
        </test-method> <!-- Delete_UserGroups -->
        <test-method is-config="true" signature="Quit()[pri:0, instance:Admin_UsersGroups_DeleteFlow.Delete_UserGroups@5c7933ad]" started-at="2024-01-31T14:40:57 IST" name="Quit" finished-at="2024-01-31T14:40:58 IST" duration-ms="1239" status="PASS">
          <reporter-output>
          </reporter-output>
        </test-method> <!-- Quit -->
      </class> <!-- Admin_UsersGroups_DeleteFlow.Delete_UserGroups -->
    </test> <!-- UserGroup Deletion -->
    <test started-at="2024-01-31T14:40:58 IST" name="User Deletion" finished-at="2024-01-31T14:41:13 IST" duration-ms="15283">
      <class name="Admin_UsersGroups_DeleteFlow.Delete_User">
        <test-method is-config="true" signature="Login()[pri:0, instance:Admin_UsersGroups_DeleteFlow.Delete_User@2dfaea86]" started-at="2024-01-31T14:40:58 IST" name="Login" finished-at="2024-01-31T14:41:07 IST" duration-ms="9181" status="PASS">
          <reporter-output>
          </reporter-output>
        </test-method> <!-- Login -->
        <test-method is-config="true" signature="Setup()[pri:0, instance:Admin_UsersGroups_DeleteFlow.Delete_User@2dfaea86]" started-at="2024-01-31T14:41:07 IST" name="Setup" finished-at="2024-01-31T14:41:10 IST" duration-ms="2476" status="PASS">
          <reporter-output>
          </reporter-output>
        </test-method> <!-- Setup -->
        <test-method signature="Delete_User(java.lang.String)[pri:0, instance:Admin_UsersGroups_DeleteFlow.Delete_User@2dfaea86]" started-at="2024-01-31T14:41:10 IST" name="Delete_User" finished-at="2024-01-31T14:41:12 IST" duration-ms="2366" status="PASS">
          <params>
            <param index="0">
              <value>
                <![CDATA[smibrahim_agent12@doocti.com]]>
              </value>
            </param>
          </params>
          <reporter-output>
          </reporter-output>
        </test-method> <!-- Delete_User -->
        <test-method is-config="true" signature="Quit()[pri:0, instance:Admin_UsersGroups_DeleteFlow.Delete_User@2dfaea86]" started-at="2024-01-31T14:41:12 IST" name="Quit" finished-at="2024-01-31T14:41:13 IST" duration-ms="1259" status="PASS">
          <reporter-output>
          </reporter-output>
        </test-method> <!-- Quit -->
      </class> <!-- Admin_UsersGroups_DeleteFlow.Delete_User -->
    </test> <!-- User Deletion -->
    <test started-at="2024-01-31T14:41:13 IST" name="Team Deletion" finished-at="2024-01-31T14:41:30 IST" duration-ms="16298">
      <class name="Admin_UsersGroups_DeleteFlow.Delete_Team">
        <test-method is-config="true" signature="Login()[pri:0, instance:Admin_UsersGroups_DeleteFlow.Delete_Team@1c742ed4]" started-at="2024-01-31T14:41:13 IST" name="Login" finished-at="2024-01-31T14:41:24 IST" duration-ms="10294" status="PASS">
          <reporter-output>
          </reporter-output>
        </test-method> <!-- Login -->
        <test-method is-config="true" signature="Setip()[pri:0, instance:Admin_UsersGroups_DeleteFlow.Delete_Team@1c742ed4]" started-at="2024-01-31T14:41:24 IST" name="Setip" finished-at="2024-01-31T14:41:26 IST" depends-on-methods="Login.AdminLogin.Login" duration-ms="2396" status="PASS">
          <reporter-output>
          </reporter-output>
        </test-method> <!-- Setip -->
        <test-method signature="Delete_Team(java.lang.String)[pri:0, instance:Admin_UsersGroups_DeleteFlow.Delete_Team@1c742ed4]" started-at="2024-01-31T14:41:26 IST" name="Delete_Team" finished-at="2024-01-31T14:41:28 IST" duration-ms="2351" status="PASS">
          <params>
            <param index="0">
              <value>
                <![CDATA[Quality]]>
              </value>
            </param>
          </params>
          <reporter-output>
          </reporter-output>
        </test-method> <!-- Delete_Team -->
        <test-method is-config="true" signature="Quit()[pri:0, instance:Admin_UsersGroups_DeleteFlow.Delete_Team@1c742ed4]" started-at="2024-01-31T14:41:28 IST" name="Quit" finished-at="2024-01-31T14:41:30 IST" duration-ms="1255" status="PASS">
          <reporter-output>
          </reporter-output>
        </test-method> <!-- Quit -->
      </class> <!-- Admin_UsersGroups_DeleteFlow.Delete_Team -->
    </test> <!-- Team Deletion -->
    <test started-at="2024-01-31T14:41:30 IST" name="Channel Deletion" finished-at="2024-01-31T14:41:46 IST" duration-ms="16083">
      <class name="Admin_UsersGroups_DeleteFlow.Delete_Channel">
        <test-method is-config="true" signature="Login()[pri:0, instance:Admin_UsersGroups_DeleteFlow.Delete_Channel@c05fddc]" started-at="2024-01-31T14:41:30 IST" name="Login" finished-at="2024-01-31T14:41:39 IST" duration-ms="9196" status="PASS">
          <reporter-output>
          </reporter-output>
        </test-method> <!-- Login -->
        <test-method is-config="true" signature="Setip()[pri:0, instance:Admin_UsersGroups_DeleteFlow.Delete_Channel@c05fddc]" started-at="2024-01-31T14:41:39 IST" name="Setip" finished-at="2024-01-31T14:41:40 IST" duration-ms="1279" status="PASS">
          <reporter-output>
          </reporter-output>
        </test-method> <!-- Setip -->
        <test-method signature="Delete_Channel(java.lang.String)[pri:0, instance:Admin_UsersGroups_DeleteFlow.Delete_Channel@c05fddc]" started-at="2024-01-31T14:41:40 IST" name="Delete_Channel" finished-at="2024-01-31T14:41:45 IST" duration-ms="4341" status="PASS">
          <params>
            <param index="0">
              <value>
                <![CDATA[Channel]]>
              </value>
            </param>
          </params>
          <reporter-output>
          </reporter-output>
        </test-method> <!-- Delete_Channel -->
        <test-method is-config="true" signature="Quit()[pri:0, instance:Admin_UsersGroups_DeleteFlow.Delete_Channel@c05fddc]" started-at="2024-01-31T14:41:45 IST" name="Quit" finished-at="2024-01-31T14:41:46 IST" duration-ms="1266" status="PASS">
          <reporter-output>
          </reporter-output>
        </test-method> <!-- Quit -->
      </class> <!-- Admin_UsersGroups_DeleteFlow.Delete_Channel -->
    </test> <!-- Channel Deletion -->
    <test started-at="2024-01-31T14:41:46 IST" name="Source Deletion" finished-at="2024-01-31T14:42:03 IST" duration-ms="17008">
      <class name="Admin_UsersGroups_DeleteFlow.Delete_Source">
        <test-method is-config="true" signature="Login()[pri:0, instance:Admin_UsersGroups_DeleteFlow.Delete_Source@491b9b8]" started-at="2024-01-31T14:41:46 IST" name="Login" finished-at="2024-01-31T14:41:56 IST" duration-ms="9898" status="PASS">
          <reporter-output>
          </reporter-output>
        </test-method> <!-- Login -->
        <test-method is-config="true" signature="Setup()[pri:0, instance:Admin_UsersGroups_DeleteFlow.Delete_Source@491b9b8]" started-at="2024-01-31T14:41:56 IST" name="Setup" finished-at="2024-01-31T14:41:57 IST" depends-on-methods="Login.AdminLogin.Login" duration-ms="1326" status="PASS">
          <reporter-output>
          </reporter-output>
        </test-method> <!-- Setup -->
        <test-method signature="Delete_Source(java.lang.String)[pri:0, instance:Admin_UsersGroups_DeleteFlow.Delete_Source@491b9b8]" started-at="2024-01-31T14:41:57 IST" name="Delete_Source" finished-at="2024-01-31T14:42:01 IST" duration-ms="4299" status="PASS">
          <params>
            <param index="0">
              <value>
                <![CDATA[Source]]>
              </value>
            </param>
          </params>
          <reporter-output>
          </reporter-output>
        </test-method> <!-- Delete_Source -->
        <test-method is-config="true" signature="Quit()[pri:0, instance:Admin_UsersGroups_DeleteFlow.Delete_Source@491b9b8]" started-at="2024-01-31T14:42:01 IST" name="Quit" finished-at="2024-01-31T14:42:03 IST" duration-ms="1484" status="PASS">
          <reporter-output>
          </reporter-output>
        </test-method> <!-- Quit -->
      </class> <!-- Admin_UsersGroups_DeleteFlow.Delete_Source -->
    </test> <!-- Source Deletion -->
  </suite> <!-- Admin Smoke Test -->
</testng-results>
