<?xml version="1.0" encoding="UTF-8"?>
<testng-results ignored="0" total="44" passed="44" failed="0" skipped="0">
  <reporter-output>
  </reporter-output>
  <suite started-at="2024-01-30T23:02:54 IST" name="Configuration FLow Testing" finished-at="2024-01-30T23:20:43 IST" duration-ms="1069545">
    <groups>
    </groups>
    <test started-at="2024-01-30T23:02:54 IST" name="Queue Creation" finished-at="2024-01-30T23:03:19 IST" duration-ms="25327">
      <class name="Admin_Configuration_CreateFlow.Create_Queue">
        <test-method is-config="true" signature="Login()[pri:0, instance:Admin_Configuration_CreateFlow.Create_Queue@7bd4937b]" started-at="2024-01-30T23:02:54 IST" name="Login" finished-at="2024-01-30T23:03:11 IST" duration-ms="17149" status="PASS">
          <reporter-output>
          </reporter-output>
        </test-method> <!-- Login -->
        <test-method is-config="true" signature="Setup()[pri:0, instance:Admin_Configuration_CreateFlow.Create_Queue@7bd4937b]" started-at="2024-01-30T23:03:11 IST" name="Setup" finished-at="2024-01-30T23:03:13 IST" duration-ms="1471" status="PASS">
          <reporter-output>
          </reporter-output>
        </test-method> <!-- Setup -->
        <test-method signature="Create_Queue(java.lang.String,java.lang.String,java.lang.String)[pri:0, instance:Admin_Configuration_CreateFlow.Create_Queue@7bd4937b]" started-at="2024-01-30T23:03:13 IST" name="Create_Queue" finished-at="2024-01-30T23:03:18 IST" duration-ms="5262" status="PASS">
          <params>
            <param index="0">
              <value>
                <![CDATA[QA]]>
              </value>
            </param>
            <param index="1">
              <value>
                <![CDATA[20]]>
              </value>
            </param>
            <param index="2">
              <value>
                <![CDATA[Leastrecent]]>
              </value>
            </param>
          </params>
          <reporter-output>
          </reporter-output>
        </test-method> <!-- Create_Queue -->
        <test-method is-config="true" signature="Quit()[pri:0, instance:Admin_Configuration_CreateFlow.Create_Queue@7bd4937b]" started-at="2024-01-30T23:03:18 IST" name="Quit" finished-at="2024-01-30T23:03:19 IST" duration-ms="1317" status="PASS">
          <reporter-output>
          </reporter-output>
        </test-method> <!-- Quit -->
      </class> <!-- Admin_Configuration_CreateFlow.Create_Queue -->
    </test> <!-- Queue Creation -->
    <test started-at="2024-01-30T23:03:19 IST" name="Disposition Creation" finished-at="2024-01-30T23:03:46 IST" duration-ms="26588">
      <class name="Admin_Configuration_CreateFlow.Create_Dispo">
        <test-method is-config="true" signature="Login()[pri:0, instance:Admin_Configuration_CreateFlow.Create_Dispo@1151e434]" started-at="2024-01-30T23:03:19 IST" name="Login" finished-at="2024-01-30T23:03:38 IST" duration-ms="18534" status="PASS">
          <reporter-output>
          </reporter-output>
        </test-method> <!-- Login -->
        <test-method is-config="true" signature="Setup()[pri:0, instance:Admin_Configuration_CreateFlow.Create_Dispo@1151e434]" started-at="2024-01-30T23:03:38 IST" name="Setup" finished-at="2024-01-30T23:03:39 IST" duration-ms="1450" status="PASS">
          <reporter-output>
          </reporter-output>
        </test-method> <!-- Setup -->
        <test-method signature="Create_Disposition(java.lang.String,java.lang.String,java.lang.String)[pri:0, instance:Admin_Configuration_CreateFlow.Create_Dispo@1151e434]" started-at="2024-01-30T23:03:39 IST" name="Create_Disposition" finished-at="2024-01-30T23:03:44 IST" duration-ms="5248" status="PASS">
          <params>
            <param index="0">
              <value>
                <![CDATA[QA]]>
              </value>
            </param>
            <param index="1">
              <value>
                <![CDATA[Testing Purpose]]>
              </value>
            </param>
            <param index="2">
              <value>
                <![CDATA[No Action]]>
              </value>
            </param>
          </params>
          <reporter-output>
          </reporter-output>
        </test-method> <!-- Create_Disposition -->
        <test-method is-config="true" signature="Quit()[pri:0, instance:Admin_Configuration_CreateFlow.Create_Dispo@1151e434]" started-at="2024-01-30T23:03:44 IST" name="Quit" finished-at="2024-01-30T23:03:46 IST" duration-ms="1347" status="PASS">
          <reporter-output>
          </reporter-output>
        </test-method> <!-- Quit -->
      </class> <!-- Admin_Configuration_CreateFlow.Create_Dispo -->
    </test> <!-- Disposition Creation -->
    <test started-at="2024-01-30T23:03:46 IST" name="SubDisposition Creation" finished-at="2024-01-30T23:04:11 IST" duration-ms="24921">
      <class name="Admin_Configuration_CreateFlow.Create_SubDisposition">
        <test-method is-config="true" signature="Login()[pri:0, instance:Admin_Configuration_CreateFlow.Create_SubDisposition@d9345cd]" started-at="2024-01-30T23:03:46 IST" name="Login" finished-at="2024-01-30T23:04:03 IST" duration-ms="17020" status="PASS">
          <reporter-output>
          </reporter-output>
        </test-method> <!-- Login -->
        <test-method is-config="true" signature="Setup()[pri:0, instance:Admin_Configuration_CreateFlow.Create_SubDisposition@d9345cd]" started-at="2024-01-30T23:04:03 IST" name="Setup" finished-at="2024-01-30T23:04:04 IST" duration-ms="1473" status="PASS">
          <reporter-output>
          </reporter-output>
        </test-method> <!-- Setup -->
        <test-method signature="Create_SubDisposition(java.lang.String,java.lang.String,java.lang.String)[pri:0, instance:Admin_Configuration_CreateFlow.Create_SubDisposition@d9345cd]" started-at="2024-01-30T23:04:04 IST" name="Create_SubDisposition" finished-at="2024-01-30T23:04:09 IST" duration-ms="5159" status="PASS">
          <params>
            <param index="0">
              <value>
                <![CDATA[QA]]>
              </value>
            </param>
            <param index="1">
              <value>
                <![CDATA[Demo]]>
              </value>
            </param>
            <param index="2">
              <value>
                <![CDATA[Testing Purpose]]>
              </value>
            </param>
          </params>
          <reporter-output>
          </reporter-output>
        </test-method> <!-- Create_SubDisposition -->
        <test-method is-config="true" signature="Quit()[pri:0, instance:Admin_Configuration_CreateFlow.Create_SubDisposition@d9345cd]" started-at="2024-01-30T23:04:09 IST" name="Quit" finished-at="2024-01-30T23:04:11 IST" duration-ms="1265" status="PASS">
          <reporter-output>
          </reporter-output>
        </test-method> <!-- Quit -->
      </class> <!-- Admin_Configuration_CreateFlow.Create_SubDisposition -->
    </test> <!-- SubDisposition Creation -->
    <test started-at="2024-01-30T23:04:11 IST" name="TicketStatus Creation" finished-at="2024-01-30T23:04:34 IST" duration-ms="23631">
      <class name="Admin_Configuration_CreateFlow.Create_TicketStatus">
        <test-method is-config="true" signature="Login()[pri:0, instance:Admin_Configuration_CreateFlow.Create_TicketStatus@13fd2ccd]" started-at="2024-01-30T23:04:11 IST" name="Login" finished-at="2024-01-30T23:04:28 IST" duration-ms="16910" status="PASS">
          <reporter-output>
          </reporter-output>
        </test-method> <!-- Login -->
        <test-method is-config="true" signature="Setup()[pri:0, instance:Admin_Configuration_CreateFlow.Create_TicketStatus@13fd2ccd]" started-at="2024-01-30T23:04:28 IST" name="Setup" finished-at="2024-01-30T23:04:29 IST" duration-ms="1452" status="PASS">
          <reporter-output>
          </reporter-output>
        </test-method> <!-- Setup -->
        <test-method signature="Create_TicketStatus(java.lang.String,java.lang.String)[pri:0, instance:Admin_Configuration_CreateFlow.Create_TicketStatus@13fd2ccd]" started-at="2024-01-30T23:04:29 IST" name="Create_TicketStatus" finished-at="2024-01-30T23:04:33 IST" duration-ms="3992" status="PASS">
          <params>
            <param index="0">
              <value>
                <![CDATA[QA]]>
              </value>
            </param>
            <param index="1">
              <value>
                <![CDATA[Testing Purpose]]>
              </value>
            </param>
          </params>
          <reporter-output>
          </reporter-output>
        </test-method> <!-- Create_TicketStatus -->
        <test-method is-config="true" signature="Quit()[pri:0, instance:Admin_Configuration_CreateFlow.Create_TicketStatus@13fd2ccd]" started-at="2024-01-30T23:04:33 IST" name="Quit" finished-at="2024-01-30T23:04:34 IST" duration-ms="1272" status="PASS">
          <reporter-output>
          </reporter-output>
        </test-method> <!-- Quit -->
      </class> <!-- Admin_Configuration_CreateFlow.Create_TicketStatus -->
    </test> <!-- TicketStatus Creation -->
    <test started-at="2024-01-30T23:04:34 IST" name="PauseCode Creation" finished-at="2024-01-30T23:05:05 IST" duration-ms="30904">
      <class name="Admin_Configuration_CreateFlow.Create_PauseCode">
        <test-method is-config="true" signature="Login()[pri:0, instance:Admin_Configuration_CreateFlow.Create_PauseCode@52b1beb6]" started-at="2024-01-30T23:04:34 IST" name="Login" finished-at="2024-01-30T23:04:56 IST" duration-ms="21764" status="PASS">
          <reporter-output>
          </reporter-output>
        </test-method> <!-- Login -->
        <test-method is-config="true" signature="Setup()[pri:0, instance:Admin_Configuration_CreateFlow.Create_PauseCode@52b1beb6]" started-at="2024-01-30T23:04:56 IST" name="Setup" finished-at="2024-01-30T23:04:58 IST" duration-ms="1501" status="PASS">
          <reporter-output>
          </reporter-output>
        </test-method> <!-- Setup -->
        <test-method signature="Create_PauseCode(java.lang.String,java.lang.String,int,int)[pri:0, instance:Admin_Configuration_CreateFlow.Create_PauseCode@52b1beb6]" started-at="2024-01-30T23:04:58 IST" name="Create_PauseCode" finished-at="2024-01-30T23:05:04 IST" duration-ms="6281" status="PASS">
          <params>
            <param index="0">
              <value>
                <![CDATA[QA]]>
              </value>
            </param>
            <param index="1">
              <value>
                <![CDATA[Testing Purpose]]>
              </value>
            </param>
            <param index="2">
              <value>
                <![CDATA[1]]>
              </value>
            </param>
            <param index="3">
              <value>
                <![CDATA[30]]>
              </value>
            </param>
          </params>
          <reporter-output>
          </reporter-output>
        </test-method> <!-- Create_PauseCode -->
        <test-method is-config="true" signature="Quit()[pri:0, instance:Admin_Configuration_CreateFlow.Create_PauseCode@52b1beb6]" started-at="2024-01-30T23:05:04 IST" name="Quit" finished-at="2024-01-30T23:05:05 IST" duration-ms="1355" status="PASS">
          <reporter-output>
          </reporter-output>
        </test-method> <!-- Quit -->
      </class> <!-- Admin_Configuration_CreateFlow.Create_PauseCode -->
    </test> <!-- PauseCode Creation -->
    <test started-at="2024-01-30T23:05:05 IST" name="BlockList Upload" finished-at="2024-01-30T23:05:30 IST" duration-ms="24906">
      <class name="Admin_Configuration_CreateFlow.Upload_BlockList">
        <test-method is-config="true" signature="Login()[pri:0, instance:Admin_Configuration_CreateFlow.Upload_BlockList@2d52216b]" started-at="2024-01-30T23:05:05 IST" name="Login" finished-at="2024-01-30T23:05:23 IST" duration-ms="17598" status="PASS">
          <reporter-output>
          </reporter-output>
        </test-method> <!-- Login -->
        <test-method is-config="true" signature="Setup()[pri:0, instance:Admin_Configuration_CreateFlow.Upload_BlockList@2d52216b]" started-at="2024-01-30T23:05:23 IST" name="Setup" finished-at="2024-01-30T23:05:24 IST" duration-ms="1390" status="PASS">
          <reporter-output>
          </reporter-output>
        </test-method> <!-- Setup -->
        <test-method signature="Uplode_BlockList(java.lang.String,java.lang.String)[pri:0, instance:Admin_Configuration_CreateFlow.Upload_BlockList@2d52216b]" started-at="2024-01-30T23:05:24 IST" name="Uplode_BlockList" finished-at="2024-01-30T23:05:29 IST" duration-ms="4529" status="PASS">
          <params>
            <param index="0">
              <value>
                <![CDATA[D:\Testing File\sample_blocklist.csv]]>
              </value>
            </param>
            <param index="1">
              <value>
                <![CDATA[9090909092]]>
              </value>
            </param>
          </params>
          <reporter-output>
          </reporter-output>
        </test-method> <!-- Uplode_BlockList -->
        <test-method is-config="true" signature="Quit()[pri:0, instance:Admin_Configuration_CreateFlow.Upload_BlockList@2d52216b]" started-at="2024-01-30T23:05:29 IST" name="Quit" finished-at="2024-01-30T23:05:30 IST" duration-ms="1386" status="PASS">
          <reporter-output>
          </reporter-output>
        </test-method> <!-- Quit -->
      </class> <!-- Admin_Configuration_CreateFlow.Upload_BlockList -->
    </test> <!-- BlockList Upload -->
    <test started-at="2024-01-30T23:05:30 IST" name="DID Number Creation" finished-at="2024-01-30T23:05:55 IST" duration-ms="25056">
      <class name="Admin_Configuration_CreateFlow.Create_DIDNumber">
        <test-method is-config="true" signature="Login()[pri:0, instance:Admin_Configuration_CreateFlow.Create_DIDNumber@534a5a98]" started-at="2024-01-30T23:05:30 IST" name="Login" finished-at="2024-01-30T23:05:49 IST" duration-ms="18476" status="PASS">
          <reporter-output>
          </reporter-output>
        </test-method> <!-- Login -->
        <test-method is-config="true" signature="Setup()[pri:0, instance:Admin_Configuration_CreateFlow.Create_DIDNumber@534a5a98]" started-at="2024-01-30T23:05:49 IST" name="Setup" finished-at="2024-01-30T23:05:50 IST" duration-ms="1458" status="PASS">
          <reporter-output>
          </reporter-output>
        </test-method> <!-- Setup -->
        <test-method signature="Manual_DID_Creation(java.lang.String,java.lang.String)[pri:0, instance:Admin_Configuration_CreateFlow.Create_DIDNumber@534a5a98]" started-at="2024-01-30T23:05:50 IST" name="Manual_DID_Creation" finished-at="2024-01-30T23:05:54 IST" duration-ms="3749" status="PASS">
          <params>
            <param index="0">
              <value>
                <![CDATA[9876543209]]>
              </value>
            </param>
            <param index="1">
              <value>
                <![CDATA[QA]]>
              </value>
            </param>
          </params>
          <reporter-output>
          </reporter-output>
        </test-method> <!-- Manual_DID_Creation -->
        <test-method is-config="true" signature="Quit()[pri:0, instance:Admin_Configuration_CreateFlow.Create_DIDNumber@534a5a98]" started-at="2024-01-30T23:05:54 IST" name="Quit" finished-at="2024-01-30T23:05:55 IST" duration-ms="1366" status="PASS">
          <reporter-output>
          </reporter-output>
        </test-method> <!-- Quit -->
      </class> <!-- Admin_Configuration_CreateFlow.Create_DIDNumber -->
    </test> <!-- DID Number Creation -->
    <test started-at="2024-01-30T23:05:55 IST" name="Tags Creation" finished-at="2024-01-30T23:06:19 IST" duration-ms="23471">
      <class name="Admin_Configuration_CreateFlow.Create_Tags">
        <test-method is-config="true" signature="Login()[pri:0, instance:Admin_Configuration_CreateFlow.Create_Tags@6221a451]" started-at="2024-01-30T23:05:55 IST" name="Login" finished-at="2024-01-30T23:06:12 IST" duration-ms="16995" status="PASS">
          <reporter-output>
          </reporter-output>
        </test-method> <!-- Login -->
        <test-method is-config="true" signature="Setup()[pri:0, instance:Admin_Configuration_CreateFlow.Create_Tags@6221a451]" started-at="2024-01-30T23:06:12 IST" name="Setup" finished-at="2024-01-30T23:06:14 IST" duration-ms="1410" status="PASS">
          <reporter-output>
          </reporter-output>
        </test-method> <!-- Setup -->
        <test-method signature="Tags_Creation(java.lang.String,java.lang.String)[pri:0, instance:Admin_Configuration_CreateFlow.Create_Tags@6221a451]" started-at="2024-01-30T23:06:14 IST" name="Tags_Creation" finished-at="2024-01-30T23:06:17 IST" duration-ms="3772" status="PASS">
          <params>
            <param index="0">
              <value>
                <![CDATA[QA]]>
              </value>
            </param>
            <param index="1">
              <value>
                <![CDATA[Testing]]>
              </value>
            </param>
          </params>
          <reporter-output>
          </reporter-output>
        </test-method> <!-- Tags_Creation -->
        <test-method is-config="true" signature="Quit()[pri:0, instance:Admin_Configuration_CreateFlow.Create_Tags@6221a451]" started-at="2024-01-30T23:06:17 IST" name="Quit" finished-at="2024-01-30T23:06:19 IST" duration-ms="1292" status="PASS">
          <reporter-output>
          </reporter-output>
        </test-method> <!-- Quit -->
      </class> <!-- Admin_Configuration_CreateFlow.Create_Tags -->
    </test> <!-- Tags Creation -->
    <test started-at="2024-01-30T23:06:19 IST" name="Announcemet Creation" finished-at="2024-01-30T23:06:46 IST" duration-ms="27481">
      <class name="Admin_Configuration_CreateFlow.Create_Announcement">
        <test-method is-config="true" signature="Login()[pri:0, instance:Admin_Configuration_CreateFlow.Create_Announcement@537f60bf]" started-at="2024-01-30T23:06:19 IST" name="Login" finished-at="2024-01-30T23:06:38 IST" duration-ms="19354" status="PASS">
          <reporter-output>
          </reporter-output>
        </test-method> <!-- Login -->
        <test-method is-config="true" signature="Setup()[pri:0, instance:Admin_Configuration_CreateFlow.Create_Announcement@537f60bf]" started-at="2024-01-30T23:06:38 IST" name="Setup" finished-at="2024-01-30T23:06:40 IST" duration-ms="1519" status="PASS">
          <reporter-output>
          </reporter-output>
        </test-method> <!-- Setup -->
        <test-method signature="Create_Announcement(java.lang.String,java.lang.String,java.lang.String)[pri:0, instance:Admin_Configuration_CreateFlow.Create_Announcement@537f60bf]" started-at="2024-01-30T23:06:40 IST" name="Create_Announcement" finished-at="2024-01-30T23:06:45 IST" duration-ms="5307" status="PASS">
          <params>
            <param index="0">
              <value>
                <![CDATA[QA]]>
              </value>
            </param>
            <param index="1">
              <value>
                <![CDATA[Good Morning]]>
              </value>
            </param>
            <param index="2">
              <value>
                <![CDATA[Dialer]]>
              </value>
            </param>
          </params>
          <reporter-output>
          </reporter-output>
        </test-method> <!-- Create_Announcement -->
        <test-method is-config="true" signature="Quit()[pri:0, instance:Admin_Configuration_CreateFlow.Create_Announcement@537f60bf]" started-at="2024-01-30T23:06:45 IST" name="Quit" finished-at="2024-01-30T23:06:46 IST" duration-ms="1297" status="PASS">
          <reporter-output>
          </reporter-output>
        </test-method> <!-- Quit -->
      </class> <!-- Admin_Configuration_CreateFlow.Create_Announcement -->
    </test> <!-- Announcemet Creation -->
    <test started-at="2024-01-30T23:06:46 IST" name="Script Creation" finished-at="2024-01-30T23:07:09 IST" duration-ms="23178">
      <class name="Admin_Configuration_CreateFlow.Create_Script">
        <test-method is-config="true" signature="Login()[pri:0, instance:Admin_Configuration_CreateFlow.Create_Script@1e0b4072]" started-at="2024-01-30T23:06:46 IST" name="Login" finished-at="2024-01-30T23:07:02 IST" duration-ms="15970" status="PASS">
          <reporter-output>
          </reporter-output>
        </test-method> <!-- Login -->
        <test-method is-config="true" signature="Setup()[pri:0, instance:Admin_Configuration_CreateFlow.Create_Script@1e0b4072]" started-at="2024-01-30T23:07:02 IST" name="Setup" finished-at="2024-01-30T23:07:04 IST" duration-ms="1463" status="PASS">
          <reporter-output>
          </reporter-output>
        </test-method> <!-- Setup -->
        <test-method signature="Create_Script(java.lang.String,java.lang.String,java.lang.String,java.lang.String,java.lang.String)[pri:0, instance:Admin_Configuration_CreateFlow.Create_Script@1e0b4072]" started-at="2024-01-30T23:07:04 IST" name="Create_Script" finished-at="2024-01-30T23:07:08 IST" duration-ms="4407" status="PASS">
          <params>
            <param index="0">
              <value>
                <![CDATA[QA]]>
              </value>
            </param>
            <param index="1">
              <value>
                <![CDATA[Testing Purpose]]>
              </value>
            </param>
            <param index="2">
              <value>
                <![CDATA[URL]]>
              </value>
            </param>
            <param index="3">
              <value>
                <![CDATA[Hello Tevatel]]>
              </value>
            </param>
            <param index="4">
              <value>
                <![CDATA[https://tevatel.com/]]>
              </value>
            </param>
          </params>
          <reporter-output>
          </reporter-output>
        </test-method> <!-- Create_Script -->
        <test-method is-config="true" signature="Quit()[pri:0, instance:Admin_Configuration_CreateFlow.Create_Script@1e0b4072]" started-at="2024-01-30T23:07:08 IST" name="Quit" finished-at="2024-01-30T23:07:09 IST" duration-ms="1334" status="PASS">
          <reporter-output>
          </reporter-output>
        </test-method> <!-- Quit -->
      </class> <!-- Admin_Configuration_CreateFlow.Create_Script -->
    </test> <!-- Script Creation -->
    <test started-at="2024-01-30T23:07:09 IST" name="InboundRoute Creation" finished-at="2024-01-30T23:07:36 IST" duration-ms="26847">
      <class name="Admin_Configuration_CreateFlow.Create_InboundRoute">
        <test-method is-config="true" signature="Login()[pri:0, instance:Admin_Configuration_CreateFlow.Create_InboundRoute@2794eab6]" started-at="2024-01-30T23:07:09 IST" name="Login" finished-at="2024-01-30T23:07:27 IST" duration-ms="17624" status="PASS">
          <reporter-output>
          </reporter-output>
        </test-method> <!-- Login -->
        <test-method is-config="true" signature="Setup()[pri:0, instance:Admin_Configuration_CreateFlow.Create_InboundRoute@2794eab6]" started-at="2024-01-30T23:07:27 IST" name="Setup" finished-at="2024-01-30T23:07:29 IST" duration-ms="1509" status="PASS">
          <reporter-output>
          </reporter-output>
        </test-method> <!-- Setup -->
        <test-method signature="InboundRoute_Create(java.lang.String,java.lang.String,java.lang.String,java.lang.String,boolean)[pri:0, instance:Admin_Configuration_CreateFlow.Create_InboundRoute@2794eab6]" started-at="2024-01-30T23:07:29 IST" name="InboundRoute_Create" finished-at="2024-01-30T23:07:35 IST" duration-ms="6438" status="PASS">
          <params>
            <param index="0">
              <value>
                <![CDATA[9090909090]]>
              </value>
            </param>
            <param index="1">
              <value>
                <![CDATA[Test]]>
              </value>
            </param>
            <param index="2">
              <value>
                <![CDATA[queue]]>
              </value>
            </param>
            <param index="3">
              <value>
                <![CDATA[QA]]>
              </value>
            </param>
            <param index="4">
              <value>
                <![CDATA[true]]>
              </value>
            </param>
          </params>
          <reporter-output>
          </reporter-output>
        </test-method> <!-- InboundRoute_Create -->
        <test-method is-config="true" signature="Quit()[pri:0, instance:Admin_Configuration_CreateFlow.Create_InboundRoute@2794eab6]" started-at="2024-01-30T23:07:35 IST" name="Quit" finished-at="2024-01-30T23:07:36 IST" duration-ms="1273" status="PASS">
          <reporter-output>
          </reporter-output>
        </test-method> <!-- Quit -->
      </class> <!-- Admin_Configuration_CreateFlow.Create_InboundRoute -->
    </test> <!-- InboundRoute Creation -->
    <test started-at="2024-01-30T23:07:36 IST" name="TimeZone Creation" finished-at="2024-01-30T23:08:08 IST" duration-ms="31600">
      <class name="Admin_Configuration_CreateFlow.Create_TimeZone">
        <test-method is-config="true" signature="Login()[pri:0, instance:Admin_Configuration_CreateFlow.Create_TimeZone@1c7696c6]" started-at="2024-01-30T23:07:36 IST" name="Login" finished-at="2024-01-30T23:07:54 IST" duration-ms="18070" status="PASS">
          <reporter-output>
          </reporter-output>
        </test-method> <!-- Login -->
        <test-method is-config="true" signature="Setup()[pri:0, instance:Admin_Configuration_CreateFlow.Create_TimeZone@1c7696c6]" started-at="2024-01-30T23:07:54 IST" name="Setup" finished-at="2024-01-30T23:07:56 IST" duration-ms="1407" status="PASS">
          <reporter-output>
          </reporter-output>
        </test-method> <!-- Setup -->
        <test-method signature="TimeZone_Creation(java.lang.String,java.lang.String,int,int,int,int,java.lang.String)[pri:0, instance:Admin_Configuration_CreateFlow.Create_TimeZone@1c7696c6]" started-at="2024-01-30T23:07:56 IST" name="TimeZone_Creation" finished-at="2024-01-30T23:08:07 IST" duration-ms="10846" status="PASS">
          <params>
            <param index="0">
              <value>
                <![CDATA[QA]]>
              </value>
            </param>
            <param index="1">
              <value>
                <![CDATA[Testing Purpose]]>
              </value>
            </param>
            <param index="2">
              <value>
                <![CDATA[1]]>
              </value>
            </param>
            <param index="3">
              <value>
                <![CDATA[0]]>
              </value>
            </param>
            <param index="4">
              <value>
                <![CDATA[10]]>
              </value>
            </param>
            <param index="5">
              <value>
                <![CDATA[0]]>
              </value>
            </param>
            <param index="6">
              <value>
                <![CDATA[Active]]>
              </value>
            </param>
          </params>
          <reporter-output>
          </reporter-output>
        </test-method> <!-- TimeZone_Creation -->
        <test-method is-config="true" signature="Quit()[pri:0, instance:Admin_Configuration_CreateFlow.Create_TimeZone@1c7696c6]" started-at="2024-01-30T23:08:07 IST" name="Quit" finished-at="2024-01-30T23:08:08 IST" duration-ms="1275" status="PASS">
          <reporter-output>
          </reporter-output>
        </test-method> <!-- Quit -->
      </class> <!-- Admin_Configuration_CreateFlow.Create_TimeZone -->
    </test> <!-- TimeZone Creation -->
    <test started-at="2024-01-30T23:08:08 IST" name="MeetingTitle Creation" finished-at="2024-01-30T23:08:42 IST" duration-ms="34661">
      <class name="Admin_Configuration_CreateFlow.Create_MeetingTitle">
        <test-method is-config="true" signature="Login()[pri:0, instance:Admin_Configuration_CreateFlow.Create_MeetingTitle@55a147cc]" started-at="2024-01-30T23:08:08 IST" name="Login" finished-at="2024-01-30T23:08:36 IST" duration-ms="27862" status="PASS">
          <reporter-output>
          </reporter-output>
        </test-method> <!-- Login -->
        <test-method is-config="true" signature="Setup()[pri:0, instance:Admin_Configuration_CreateFlow.Create_MeetingTitle@55a147cc]" started-at="2024-01-30T23:08:36 IST" name="Setup" finished-at="2024-01-30T23:08:37 IST" duration-ms="1499" status="PASS">
          <reporter-output>
          </reporter-output>
        </test-method> <!-- Setup -->
        <test-method signature="MeetingTitle_Creation(java.lang.String,java.lang.String,java.lang.String)[pri:0, instance:Admin_Configuration_CreateFlow.Create_MeetingTitle@55a147cc]" started-at="2024-01-30T23:08:37 IST" name="MeetingTitle_Creation" finished-at="2024-01-30T23:08:41 IST" duration-ms="4023" status="PASS">
          <params>
            <param index="0">
              <value>
                <![CDATA[QA]]>
              </value>
            </param>
            <param index="1">
              <value>
                <![CDATA[Testing]]>
              </value>
            </param>
            <param index="2">
              <value>
                <![CDATA[Testing Purpose]]>
              </value>
            </param>
          </params>
          <reporter-output>
          </reporter-output>
        </test-method> <!-- MeetingTitle_Creation -->
        <test-method is-config="true" signature="Quit()[pri:0, instance:Admin_Configuration_CreateFlow.Create_MeetingTitle@55a147cc]" started-at="2024-01-30T23:08:41 IST" name="Quit" finished-at="2024-01-30T23:08:42 IST" duration-ms="1274" status="PASS">
          <reporter-output>
          </reporter-output>
        </test-method> <!-- Quit -->
      </class> <!-- Admin_Configuration_CreateFlow.Create_MeetingTitle -->
    </test> <!-- MeetingTitle Creation -->
    <test started-at="2024-01-30T23:08:42 IST" name="Queue Updation" finished-at="2024-01-30T23:09:19 IST" duration-ms="36142">
      <class name="Admin_Configuration_UpdateFlow.Update_Queue">
        <test-method is-config="true" signature="Login()[pri:0, instance:Admin_Configuration_UpdateFlow.Update_Queue@3646a422]" started-at="2024-01-30T23:08:42 IST" name="Login" finished-at="2024-01-30T23:08:59 IST" duration-ms="16870" status="PASS">
          <reporter-output>
          </reporter-output>
        </test-method> <!-- Login -->
        <test-method is-config="true" signature="Setup()[pri:0, instance:Admin_Configuration_UpdateFlow.Update_Queue@3646a422]" started-at="2024-01-30T23:08:59 IST" name="Setup" finished-at="2024-01-30T23:09:02 IST" duration-ms="2540" status="PASS">
          <reporter-output>
          </reporter-output>
        </test-method> <!-- Setup -->
        <test-method signature="Update_QueueStrategy(java.lang.String,java.lang.String)[pri:0, instance:Admin_Configuration_UpdateFlow.Update_Queue@3646a422]" started-at="2024-01-30T23:09:02 IST" name="Update_QueueStrategy" finished-at="2024-01-30T23:09:06 IST" duration-ms="3622" status="PASS">
          <params>
            <param index="0">
              <value>
                <![CDATA[QA]]>
              </value>
            </param>
            <param index="1">
              <value>
                <![CDATA[RingAll]]>
              </value>
            </param>
          </params>
          <reporter-output>
          </reporter-output>
        </test-method> <!-- Update_QueueStrategy -->
        <test-method is-config="true" signature="Setup()[pri:0, instance:Admin_Configuration_UpdateFlow.Update_Queue@3646a422]" started-at="2024-01-30T23:09:06 IST" name="Setup" finished-at="2024-01-30T23:09:08 IST" duration-ms="2171" status="PASS">
          <reporter-output>
          </reporter-output>
        </test-method> <!-- Setup -->
        <test-method signature="Update_QueueWaitTime(java.lang.String,java.lang.String)[pri:0, instance:Admin_Configuration_UpdateFlow.Update_Queue@3646a422]" started-at="2024-01-30T23:09:08 IST" name="Update_QueueWaitTime" finished-at="2024-01-30T23:09:10 IST" duration-ms="2692" status="PASS">
          <params>
            <param index="0">
              <value>
                <![CDATA[QA]]>
              </value>
            </param>
            <param index="1">
              <value>
                <![CDATA[20]]>
              </value>
            </param>
          </params>
          <reporter-output>
          </reporter-output>
        </test-method> <!-- Update_QueueWaitTime -->
        <test-method is-config="true" signature="Setup()[pri:0, instance:Admin_Configuration_UpdateFlow.Update_Queue@3646a422]" started-at="2024-01-30T23:09:10 IST" name="Setup" finished-at="2024-01-30T23:09:13 IST" duration-ms="2181" status="PASS">
          <reporter-output>
          </reporter-output>
        </test-method> <!-- Setup -->
        <test-method signature="Update_QueueRestart(java.lang.String,java.lang.String)[pri:0, instance:Admin_Configuration_UpdateFlow.Update_Queue@3646a422]" started-at="2024-01-30T23:09:13 IST" name="Update_QueueRestart" finished-at="2024-01-30T23:09:17 IST" duration-ms="4748" status="PASS">
          <params>
            <param index="0">
              <value>
                <![CDATA[QA]]>
              </value>
            </param>
            <param index="1">
              <value>
                <![CDATA[yes]]>
              </value>
            </param>
          </params>
          <reporter-output>
          </reporter-output>
        </test-method> <!-- Update_QueueRestart -->
        <test-method is-config="true" signature="Quit()[pri:0, instance:Admin_Configuration_UpdateFlow.Update_Queue@3646a422]" started-at="2024-01-30T23:09:17 IST" name="Quit" finished-at="2024-01-30T23:09:19 IST" duration-ms="1313" status="PASS">
          <reporter-output>
          </reporter-output>
        </test-method> <!-- Quit -->
      </class> <!-- Admin_Configuration_UpdateFlow.Update_Queue -->
    </test> <!-- Queue Updation -->
    <test started-at="2024-01-30T23:09:19 IST" name="Disoposition Updation" finished-at="2024-01-30T23:09:48 IST" duration-ms="29012">
      <class name="Admin_Configuration_UpdateFlow.Update_Disposition">
        <test-method is-config="true" signature="Login()[pri:0, instance:Admin_Configuration_UpdateFlow.Update_Disposition@1ed4ae0f]" started-at="2024-01-30T23:09:19 IST" name="Login" finished-at="2024-01-30T23:09:40 IST" duration-ms="21678" status="PASS">
          <reporter-output>
          </reporter-output>
        </test-method> <!-- Login -->
        <test-method is-config="true" signature="Setup()[pri:0, instance:Admin_Configuration_UpdateFlow.Update_Disposition@1ed4ae0f]" started-at="2024-01-30T23:09:40 IST" name="Setup" finished-at="2024-01-30T23:09:43 IST" duration-ms="2473" status="PASS">
          <reporter-output>
          </reporter-output>
        </test-method> <!-- Setup -->
        <test-method signature="Update_DispoStatus(java.lang.String,java.lang.String)[pri:0, instance:Admin_Configuration_UpdateFlow.Update_Disposition@1ed4ae0f]" started-at="2024-01-30T23:09:43 IST" name="Update_DispoStatus" finished-at="2024-01-30T23:09:46 IST" duration-ms="3594" status="PASS">
          <params>
            <param index="0">
              <value>
                <![CDATA[QA]]>
              </value>
            </param>
            <param index="1">
              <value>
                <![CDATA[Inactive]]>
              </value>
            </param>
          </params>
          <reporter-output>
          </reporter-output>
        </test-method> <!-- Update_DispoStatus -->
        <test-method is-config="true" signature="Quit()[pri:0, instance:Admin_Configuration_UpdateFlow.Update_Disposition@1ed4ae0f]" started-at="2024-01-30T23:09:46 IST" name="Quit" finished-at="2024-01-30T23:09:48 IST" duration-ms="1264" status="PASS">
          <reporter-output>
          </reporter-output>
        </test-method> <!-- Quit -->
      </class> <!-- Admin_Configuration_UpdateFlow.Update_Disposition -->
    </test> <!-- Disoposition Updation -->
    <test started-at="2024-01-30T23:09:48 IST" name="Sub-Disoposition Updation" finished-at="2024-01-30T23:10:15 IST" duration-ms="27516">
      <class name="Admin_Configuration_UpdateFlow.Update_Sub_Disposition">
        <test-method is-config="true" signature="Login()[pri:0, instance:Admin_Configuration_UpdateFlow.Update_Sub_Disposition@76a4ebf2]" started-at="2024-01-30T23:09:48 IST" name="Login" finished-at="2024-01-30T23:10:08 IST" duration-ms="20168" status="PASS">
          <reporter-output>
          </reporter-output>
        </test-method> <!-- Login -->
        <test-method is-config="true" signature="Setup()[pri:0, instance:Admin_Configuration_UpdateFlow.Update_Sub_Disposition@76a4ebf2]" started-at="2024-01-30T23:10:08 IST" name="Setup" finished-at="2024-01-30T23:10:10 IST" duration-ms="2513" status="PASS">
          <reporter-output>
          </reporter-output>
        </test-method> <!-- Setup -->
        <test-method signature="Update_SubDispoStatus(java.lang.String,java.lang.String)[pri:0, instance:Admin_Configuration_UpdateFlow.Update_Sub_Disposition@76a4ebf2]" started-at="2024-01-30T23:10:10 IST" name="Update_SubDispoStatus" finished-at="2024-01-30T23:10:14 IST" duration-ms="3575" status="PASS">
          <params>
            <param index="0">
              <value>
                <![CDATA[Demo]]>
              </value>
            </param>
            <param index="1">
              <value>
                <![CDATA[Inactive]]>
              </value>
            </param>
          </params>
          <reporter-output>
          </reporter-output>
        </test-method> <!-- Update_SubDispoStatus -->
        <test-method is-config="true" signature="Quit()[pri:0, instance:Admin_Configuration_UpdateFlow.Update_Sub_Disposition@76a4ebf2]" started-at="2024-01-30T23:10:14 IST" name="Quit" finished-at="2024-01-30T23:10:15 IST" duration-ms="1258" status="PASS">
          <reporter-output>
          </reporter-output>
        </test-method> <!-- Quit -->
      </class> <!-- Admin_Configuration_UpdateFlow.Update_Sub_Disposition -->
    </test> <!-- Sub-Disoposition Updation -->
    <test started-at="2024-01-30T23:10:15 IST" name="Ticket Status Updation" finished-at="2024-01-30T23:10:39 IST" duration-ms="23477">
      <class name="Admin_Configuration_UpdateFlow.Update_TicketStatus">
        <test-method is-config="true" signature="Login()[pri:0, instance:Admin_Configuration_UpdateFlow.Update_TicketStatus@15bb5034]" started-at="2024-01-30T23:10:15 IST" name="Login" finished-at="2024-01-30T23:10:31 IST" duration-ms="16158" status="PASS">
          <reporter-output>
          </reporter-output>
        </test-method> <!-- Login -->
        <test-method is-config="true" signature="Setup()[pri:0, instance:Admin_Configuration_UpdateFlow.Update_TicketStatus@15bb5034]" started-at="2024-01-30T23:10:31 IST" name="Setup" finished-at="2024-01-30T23:10:34 IST" duration-ms="2479" status="PASS">
          <reporter-output>
          </reporter-output>
        </test-method> <!-- Setup -->
        <test-method signature="Update_TicketStatusStatus(java.lang.String,java.lang.String)[pri:0, instance:Admin_Configuration_UpdateFlow.Update_TicketStatus@15bb5034]" started-at="2024-01-30T23:10:34 IST" name="Update_TicketStatusStatus" finished-at="2024-01-30T23:10:37 IST" duration-ms="3581" status="PASS">
          <params>
            <param index="0">
              <value>
                <![CDATA[QA]]>
              </value>
            </param>
            <param index="1">
              <value>
                <![CDATA[Inactive]]>
              </value>
            </param>
          </params>
          <reporter-output>
          </reporter-output>
        </test-method> <!-- Update_TicketStatusStatus -->
        <test-method is-config="true" signature="Quit()[pri:0, instance:Admin_Configuration_UpdateFlow.Update_TicketStatus@15bb5034]" started-at="2024-01-30T23:10:37 IST" name="Quit" finished-at="2024-01-30T23:10:39 IST" duration-ms="1258" status="PASS">
          <reporter-output>
          </reporter-output>
        </test-method> <!-- Quit -->
      </class> <!-- Admin_Configuration_UpdateFlow.Update_TicketStatus -->
    </test> <!-- Ticket Status Updation -->
    <test started-at="2024-01-30T23:10:39 IST" name="PauseCode Updation" finished-at="2024-01-30T23:11:25 IST" duration-ms="46680">
      <class name="Admin_Configuration_UpdateFlow.Update_PauseCode">
        <test-method is-config="true" signature="Login()[pri:0, instance:Admin_Configuration_UpdateFlow.Update_PauseCode@173ed316]" started-at="2024-01-30T23:10:39 IST" name="Login" finished-at="2024-01-30T23:11:12 IST" duration-ms="33496" status="PASS">
          <reporter-output>
          </reporter-output>
        </test-method> <!-- Login -->
        <test-method is-config="true" signature="Setup()[pri:0, instance:Admin_Configuration_UpdateFlow.Update_PauseCode@173ed316]" started-at="2024-01-30T23:11:12 IST" name="Setup" finished-at="2024-01-30T23:11:15 IST" duration-ms="2478" status="PASS">
          <reporter-output>
          </reporter-output>
        </test-method> <!-- Setup -->
        <test-method signature="Update_PausecodeTime(java.lang.String,java.lang.String,java.lang.String,java.lang.String)[pri:0, instance:Admin_Configuration_UpdateFlow.Update_PauseCode@173ed316]" started-at="2024-01-30T23:11:15 IST" name="Update_PausecodeTime" finished-at="2024-01-30T23:11:18 IST" duration-ms="3796" status="PASS">
          <params>
            <param index="0">
              <value>
                <![CDATA[QA]]>
              </value>
            </param>
            <param index="1">
              <value>
                <![CDATA[0]]>
              </value>
            </param>
            <param index="2">
              <value>
                <![CDATA[55]]>
              </value>
            </param>
            <param index="3">
              <value>
                <![CDATA[00:55:00]]>
              </value>
            </param>
          </params>
          <reporter-output>
          </reporter-output>
        </test-method> <!-- Update_PausecodeTime -->
        <test-method is-config="true" signature="Setup()[pri:0, instance:Admin_Configuration_UpdateFlow.Update_PauseCode@173ed316]" started-at="2024-01-30T23:11:18 IST" name="Setup" finished-at="2024-01-30T23:11:21 IST" duration-ms="2160" status="PASS">
          <reporter-output>
          </reporter-output>
        </test-method> <!-- Setup -->
        <test-method signature="Update_PausecodeStatus(java.lang.String,java.lang.String)[pri:0, instance:Admin_Configuration_UpdateFlow.Update_PauseCode@173ed316]" started-at="2024-01-30T23:11:21 IST" name="Update_PausecodeStatus" finished-at="2024-01-30T23:11:24 IST" duration-ms="3473" status="PASS">
          <params>
            <param index="0">
              <value>
                <![CDATA[QA]]>
              </value>
            </param>
            <param index="1">
              <value>
                <![CDATA[Inactive]]>
              </value>
            </param>
          </params>
          <reporter-output>
          </reporter-output>
        </test-method> <!-- Update_PausecodeStatus -->
        <test-method is-config="true" signature="Quit()[pri:0, instance:Admin_Configuration_UpdateFlow.Update_PauseCode@173ed316]" started-at="2024-01-30T23:11:24 IST" name="Quit" finished-at="2024-01-30T23:11:25 IST" duration-ms="1275" status="PASS">
          <reporter-output>
          </reporter-output>
        </test-method> <!-- Quit -->
      </class> <!-- Admin_Configuration_UpdateFlow.Update_PauseCode -->
    </test> <!-- PauseCode Updation -->
    <test started-at="2024-01-30T23:11:25 IST" name="DID Number Updation" finished-at="2024-01-30T23:12:06 IST" duration-ms="40438">
      <class name="Admin_Configuration_UpdateFlow.Update_DIDNumber">
        <test-method is-config="true" signature="Login()[pri:0, instance:Admin_Configuration_UpdateFlow.Update_DIDNumber@793f29ff]" started-at="2024-01-30T23:11:25 IST" name="Login" finished-at="2024-01-30T23:11:52 IST" duration-ms="26479" status="PASS">
          <reporter-output>
          </reporter-output>
        </test-method> <!-- Login -->
        <test-method is-config="true" signature="Setup()[pri:0, instance:Admin_Configuration_UpdateFlow.Update_DIDNumber@793f29ff]" started-at="2024-01-30T23:11:52 IST" name="Setup" finished-at="2024-01-30T23:11:54 IST" duration-ms="2449" status="PASS">
          <reporter-output>
          </reporter-output>
        </test-method> <!-- Setup -->
        <test-method signature="Update_DIDNumberStatus(java.lang.String,java.lang.String)[pri:0, instance:Admin_Configuration_UpdateFlow.Update_DIDNumber@793f29ff]" started-at="2024-01-30T23:11:54 IST" name="Update_DIDNumberStatus" finished-at="2024-01-30T23:11:59 IST" duration-ms="4559" status="PASS">
          <params>
            <param index="0">
              <value>
                <![CDATA[9876543209]]>
              </value>
            </param>
            <param index="1">
              <value>
                <![CDATA[Inactive]]>
              </value>
            </param>
          </params>
          <reporter-output>
          </reporter-output>
        </test-method> <!-- Update_DIDNumberStatus -->
        <test-method is-config="true" signature="Setup()[pri:0, instance:Admin_Configuration_UpdateFlow.Update_DIDNumber@793f29ff]" started-at="2024-01-30T23:11:59 IST" name="Setup" finished-at="2024-01-30T23:12:01 IST" duration-ms="2153" status="PASS">
          <reporter-output>
          </reporter-output>
        </test-method> <!-- Setup -->
        <test-method signature="Update_DIDNumberLive(java.lang.String,java.lang.String)[pri:0, instance:Admin_Configuration_UpdateFlow.Update_DIDNumber@793f29ff]" started-at="2024-01-30T23:12:01 IST" name="Update_DIDNumberLive" finished-at="2024-01-30T23:12:04 IST" duration-ms="3519" status="PASS">
          <params>
            <param index="0">
              <value>
                <![CDATA[9876543209]]>
              </value>
            </param>
            <param index="1">
              <value>
                <![CDATA[No]]>
              </value>
            </param>
          </params>
          <reporter-output>
          </reporter-output>
        </test-method> <!-- Update_DIDNumberLive -->
        <test-method is-config="true" signature="Quit()[pri:0, instance:Admin_Configuration_UpdateFlow.Update_DIDNumber@793f29ff]" started-at="2024-01-30T23:12:04 IST" name="Quit" finished-at="2024-01-30T23:12:06 IST" duration-ms="1277" status="PASS">
          <reporter-output>
          </reporter-output>
        </test-method> <!-- Quit -->
      </class> <!-- Admin_Configuration_UpdateFlow.Update_DIDNumber -->
    </test> <!-- DID Number Updation -->
    <test started-at="2024-01-30T23:12:06 IST" name="Tag Updation" finished-at="2024-01-30T23:12:37 IST" duration-ms="31048">
      <class name="Admin_Configuration_UpdateFlow.Update_Tags">
        <test-method is-config="true" signature="Login()[pri:0, instance:Admin_Configuration_UpdateFlow.Update_Tags@7ef82753]" started-at="2024-01-30T23:12:06 IST" name="Login" finished-at="2024-01-30T23:12:29 IST" duration-ms="23553" status="PASS">
          <reporter-output>
          </reporter-output>
        </test-method> <!-- Login -->
        <test-method is-config="true" signature="Setup()[pri:0, instance:Admin_Configuration_UpdateFlow.Update_Tags@7ef82753]" started-at="2024-01-30T23:12:29 IST" name="Setup" finished-at="2024-01-30T23:12:32 IST" duration-ms="2445" status="PASS">
          <reporter-output>
          </reporter-output>
        </test-method> <!-- Setup -->
        <test-method signature="Update_TagStatus(java.lang.String,java.lang.String)[pri:0, instance:Admin_Configuration_UpdateFlow.Update_Tags@7ef82753]" started-at="2024-01-30T23:12:32 IST" name="Update_TagStatus" finished-at="2024-01-30T23:12:36 IST" duration-ms="3775" status="PASS">
          <params>
            <param index="0">
              <value>
                <![CDATA[QA]]>
              </value>
            </param>
            <param index="1">
              <value>
                <![CDATA[inactive]]>
              </value>
            </param>
          </params>
          <reporter-output>
          </reporter-output>
        </test-method> <!-- Update_TagStatus -->
        <test-method is-config="true" signature="Quit()[pri:0, instance:Admin_Configuration_UpdateFlow.Update_Tags@7ef82753]" started-at="2024-01-30T23:12:36 IST" name="Quit" finished-at="2024-01-30T23:12:37 IST" duration-ms="1271" status="PASS">
          <reporter-output>
          </reporter-output>
        </test-method> <!-- Quit -->
      </class> <!-- Admin_Configuration_UpdateFlow.Update_Tags -->
    </test> <!-- Tag Updation -->
    <test started-at="2024-01-30T23:12:37 IST" name="Announcement Updation" finished-at="2024-01-30T23:13:29 IST" duration-ms="51721">
      <class name="Admin_Configuration_UpdateFlow.Update_Announcement">
        <test-method is-config="true" signature="Login()[pri:0, instance:Admin_Configuration_UpdateFlow.Update_Announcement@7161d8d1]" started-at="2024-01-30T23:12:37 IST" name="Login" finished-at="2024-01-30T23:13:09 IST" duration-ms="32159" status="PASS">
          <reporter-output>
          </reporter-output>
        </test-method> <!-- Login -->
        <test-method is-config="true" signature="Setup()[pri:0, instance:Admin_Configuration_UpdateFlow.Update_Announcement@7161d8d1]" started-at="2024-01-30T23:13:09 IST" name="Setup" finished-at="2024-01-30T23:13:12 IST" duration-ms="2523" status="PASS">
          <reporter-output>
          </reporter-output>
        </test-method> <!-- Setup -->
        <test-method signature="Update_AnnouncementStatus(java.lang.String,java.lang.String)[pri:0, instance:Admin_Configuration_UpdateFlow.Update_Announcement@7161d8d1]" started-at="2024-01-30T23:13:12 IST" name="Update_AnnouncementStatus" finished-at="2024-01-30T23:13:14 IST" duration-ms="2606" status="PASS">
          <params>
            <param index="0">
              <value>
                <![CDATA[QA]]>
              </value>
            </param>
            <param index="1">
              <value>
                <![CDATA[Inactive]]>
              </value>
            </param>
          </params>
          <reporter-output>
          </reporter-output>
        </test-method> <!-- Update_AnnouncementStatus -->
        <test-method is-config="true" signature="Setup()[pri:0, instance:Admin_Configuration_UpdateFlow.Update_Announcement@7161d8d1]" started-at="2024-01-30T23:13:14 IST" name="Setup" finished-at="2024-01-30T23:13:16 IST" duration-ms="2169" status="PASS">
          <reporter-output>
          </reporter-output>
        </test-method> <!-- Setup -->
        <test-method signature="Update_AnnouncementMessage(java.lang.String,java.lang.String)[pri:0, instance:Admin_Configuration_UpdateFlow.Update_Announcement@7161d8d1]" started-at="2024-01-30T23:13:16 IST" name="Update_AnnouncementMessage" finished-at="2024-01-30T23:13:20 IST" duration-ms="4024" status="PASS">
          <params>
            <param index="0">
              <value>
                <![CDATA[QA]]>
              </value>
            </param>
            <param index="1">
              <value>
                <![CDATA[Good Vibes]]>
              </value>
            </param>
          </params>
          <reporter-output>
          </reporter-output>
        </test-method> <!-- Update_AnnouncementMessage -->
        <test-method is-config="true" signature="Setup()[pri:0, instance:Admin_Configuration_UpdateFlow.Update_Announcement@7161d8d1]" started-at="2024-01-30T23:13:20 IST" name="Setup" finished-at="2024-01-30T23:13:22 IST" duration-ms="2141" status="PASS">
          <reporter-output>
          </reporter-output>
        </test-method> <!-- Setup -->
        <test-method signature="Update_AnnouncementCampaign(java.lang.String,java.lang.String)[pri:0, instance:Admin_Configuration_UpdateFlow.Update_Announcement@7161d8d1]" started-at="2024-01-30T23:13:22 IST" name="Update_AnnouncementCampaign" finished-at="2024-01-30T23:13:27 IST" duration-ms="4799" status="PASS">
          <params>
            <param index="0">
              <value>
                <![CDATA[QA]]>
              </value>
            </param>
            <param index="1">
              <value>
                <![CDATA[Test]]>
              </value>
            </param>
          </params>
          <reporter-output>
          </reporter-output>
        </test-method> <!-- Update_AnnouncementCampaign -->
        <test-method is-config="true" signature="Quit()[pri:0, instance:Admin_Configuration_UpdateFlow.Update_Announcement@7161d8d1]" started-at="2024-01-30T23:13:27 IST" name="Quit" finished-at="2024-01-30T23:13:29 IST" duration-ms="1291" status="PASS">
          <reporter-output>
          </reporter-output>
        </test-method> <!-- Quit -->
      </class> <!-- Admin_Configuration_UpdateFlow.Update_Announcement -->
    </test> <!-- Announcement Updation -->
    <test started-at="2024-01-30T23:13:29 IST" name="Script Updation" finished-at="2024-01-30T23:14:01 IST" duration-ms="32466">
      <class name="Admin_Configuration_UpdateFlow.Update_Script">
        <test-method is-config="true" signature="Login()[pri:0, instance:Admin_Configuration_UpdateFlow.Update_Script@6bbe85a8]" started-at="2024-01-30T23:13:29 IST" name="Login" finished-at="2024-01-30T23:13:46 IST" duration-ms="17474" status="PASS">
          <reporter-output>
          </reporter-output>
        </test-method> <!-- Login -->
        <test-method is-config="true" signature="Setup()[pri:0, instance:Admin_Configuration_UpdateFlow.Update_Script@6bbe85a8]" started-at="2024-01-30T23:13:46 IST" name="Setup" finished-at="2024-01-30T23:13:48 IST" duration-ms="2448" status="PASS">
          <reporter-output>
          </reporter-output>
        </test-method> <!-- Setup -->
        <test-method signature="Update_ScriptStatus(java.lang.String,java.lang.String)[pri:0, instance:Admin_Configuration_UpdateFlow.Update_Script@6bbe85a8]" started-at="2024-01-30T23:13:48 IST" name="Update_ScriptStatus" finished-at="2024-01-30T23:13:53 IST" duration-ms="4763" status="PASS">
          <params>
            <param index="0">
              <value>
                <![CDATA[QA]]>
              </value>
            </param>
            <param index="1">
              <value>
                <![CDATA[INACTIVE]]>
              </value>
            </param>
          </params>
          <reporter-output>
          </reporter-output>
        </test-method> <!-- Update_ScriptStatus -->
        <test-method is-config="true" signature="Setup()[pri:0, instance:Admin_Configuration_UpdateFlow.Update_Script@6bbe85a8]" started-at="2024-01-30T23:13:53 IST" name="Setup" finished-at="2024-01-30T23:13:55 IST" duration-ms="2163" status="PASS">
          <reporter-output>
          </reporter-output>
        </test-method> <!-- Setup -->
        <test-method signature="Update_ScriptContent(java.lang.String,java.lang.String,java.lang.String)[pri:0, instance:Admin_Configuration_UpdateFlow.Update_Script@6bbe85a8]" started-at="2024-01-30T23:13:55 IST" name="Update_ScriptContent" finished-at="2024-01-30T23:14:00 IST" duration-ms="4319" status="PASS">
          <params>
            <param index="0">
              <value>
                <![CDATA[QA]]>
              </value>
            </param>
            <param index="1">
              <value>
                <![CDATA[https://web-v2.doocti.com/v2.1.105/]]>
              </value>
            </param>
            <param index="2">
              <value>
                <![CDATA[Testingggg]]>
              </value>
            </param>
          </params>
          <reporter-output>
          </reporter-output>
        </test-method> <!-- Update_ScriptContent -->
        <test-method is-config="true" signature="Quit()[pri:0, instance:Admin_Configuration_UpdateFlow.Update_Script@6bbe85a8]" started-at="2024-01-30T23:14:00 IST" name="Quit" finished-at="2024-01-30T23:14:01 IST" duration-ms="1297" status="PASS">
          <reporter-output>
          </reporter-output>
        </test-method> <!-- Quit -->
      </class> <!-- Admin_Configuration_UpdateFlow.Update_Script -->
    </test> <!-- Script Updation -->
    <test started-at="2024-01-30T23:14:01 IST" name="Timezone Updation" finished-at="2024-01-30T23:14:29 IST" duration-ms="27932">
      <class name="Admin_Configuration_UpdateFlow.Update_TimeZone">
        <test-method is-config="true" signature="Login()[pri:0, instance:Admin_Configuration_UpdateFlow.Update_TimeZone@33065d67]" started-at="2024-01-30T23:14:01 IST" name="Login" finished-at="2024-01-30T23:14:21 IST" duration-ms="20443" status="PASS">
          <reporter-output>
          </reporter-output>
        </test-method> <!-- Login -->
        <test-method is-config="true" signature="Setup()[pri:0, instance:Admin_Configuration_UpdateFlow.Update_TimeZone@33065d67]" started-at="2024-01-30T23:14:21 IST" name="Setup" finished-at="2024-01-30T23:14:24 IST" duration-ms="2530" status="PASS">
          <reporter-output>
          </reporter-output>
        </test-method> <!-- Setup -->
        <test-method signature="Update_TimezoneStatus(java.lang.String,java.lang.String)[pri:0, instance:Admin_Configuration_UpdateFlow.Update_TimeZone@33065d67]" started-at="2024-01-30T23:14:24 IST" name="Update_TimezoneStatus" finished-at="2024-01-30T23:14:28 IST" duration-ms="3694" status="PASS">
          <params>
            <param index="0">
              <value>
                <![CDATA[QA]]>
              </value>
            </param>
            <param index="1">
              <value>
                <![CDATA[Inactive]]>
              </value>
            </param>
          </params>
          <reporter-output>
          </reporter-output>
        </test-method> <!-- Update_TimezoneStatus -->
        <test-method is-config="true" signature="Quit()[pri:0, instance:Admin_Configuration_UpdateFlow.Update_TimeZone@33065d67]" started-at="2024-01-30T23:14:28 IST" name="Quit" finished-at="2024-01-30T23:14:29 IST" duration-ms="1264" status="PASS">
          <reporter-output>
          </reporter-output>
        </test-method> <!-- Quit -->
      </class> <!-- Admin_Configuration_UpdateFlow.Update_TimeZone -->
    </test> <!-- Timezone Updation -->
    <test started-at="2024-01-30T23:14:29 IST" name="Meeting Title Updation" finished-at="2024-01-30T23:14:53 IST" duration-ms="23565">
      <class name="Admin_Configuration_UpdateFlow.Update_MeetingTitle">
        <test-method is-config="true" signature="Login()[pri:0, instance:Admin_Configuration_UpdateFlow.Update_MeetingTitle@17f9d882]" started-at="2024-01-30T23:14:29 IST" name="Login" finished-at="2024-01-30T23:14:46 IST" duration-ms="17264" status="PASS">
          <reporter-output>
          </reporter-output>
        </test-method> <!-- Login -->
        <test-method is-config="true" signature="Setup()[pri:0, instance:Admin_Configuration_UpdateFlow.Update_MeetingTitle@17f9d882]" started-at="2024-01-30T23:14:46 IST" name="Setup" finished-at="2024-01-30T23:14:49 IST" duration-ms="2475" status="PASS">
          <reporter-output>
          </reporter-output>
        </test-method> <!-- Setup -->
        <test-method signature="Update_MeetingTitleStatus(java.lang.String,java.lang.String)[pri:0, instance:Admin_Configuration_UpdateFlow.Update_MeetingTitle@17f9d882]" started-at="2024-01-30T23:14:49 IST" name="Update_MeetingTitleStatus" finished-at="2024-01-30T23:14:51 IST" duration-ms="2591" status="PASS">
          <params>
            <param index="0">
              <value>
                <![CDATA[QA]]>
              </value>
            </param>
            <param index="1">
              <value>
                <![CDATA[Inactive]]>
              </value>
            </param>
          </params>
          <reporter-output>
          </reporter-output>
        </test-method> <!-- Update_MeetingTitleStatus -->
        <test-method is-config="true" signature="Quit()[pri:0, instance:Admin_Configuration_UpdateFlow.Update_MeetingTitle@17f9d882]" started-at="2024-01-30T23:14:51 IST" name="Quit" finished-at="2024-01-30T23:14:53 IST" duration-ms="1232" status="PASS">
          <reporter-output>
          </reporter-output>
        </test-method> <!-- Quit -->
      </class> <!-- Admin_Configuration_UpdateFlow.Update_MeetingTitle -->
    </test> <!-- Meeting Title Updation -->
    <test started-at="2024-01-30T23:14:53 IST" name="Queue Deletion" finished-at="2024-01-30T23:15:17 IST" duration-ms="24875">
      <class name="Admin_Configuration_DeleteFlow.Delete_Queue">
        <test-method is-config="true" signature="Login()[pri:0, instance:Admin_Configuration_DeleteFlow.Delete_Queue@4b29d1d2]" started-at="2024-01-30T23:14:53 IST" name="Login" finished-at="2024-01-30T23:15:10 IST" duration-ms="17728" status="PASS">
          <reporter-output>
          </reporter-output>
        </test-method> <!-- Login -->
        <test-method is-config="true" signature="Setup()[pri:0, instance:Admin_Configuration_DeleteFlow.Delete_Queue@4b29d1d2]" started-at="2024-01-30T23:15:10 IST" name="Setup" finished-at="2024-01-30T23:15:13 IST" duration-ms="2521" status="PASS">
          <reporter-output>
          </reporter-output>
        </test-method> <!-- Setup -->
        <test-method signature="Queue_Deletion(java.lang.String)[pri:0, instance:Admin_Configuration_DeleteFlow.Delete_Queue@4b29d1d2]" started-at="2024-01-30T23:15:13 IST" name="Queue_Deletion" finished-at="2024-01-30T23:15:16 IST" duration-ms="3359" status="PASS">
          <params>
            <param index="0">
              <value>
                <![CDATA[QA]]>
              </value>
            </param>
          </params>
          <reporter-output>
          </reporter-output>
        </test-method> <!-- Queue_Deletion -->
        <test-method is-config="true" signature="Quit()[pri:0, instance:Admin_Configuration_DeleteFlow.Delete_Queue@4b29d1d2]" started-at="2024-01-30T23:15:16 IST" name="Quit" finished-at="2024-01-30T23:15:17 IST" duration-ms="1264" status="PASS">
          <reporter-output>
          </reporter-output>
        </test-method> <!-- Quit -->
      </class> <!-- Admin_Configuration_DeleteFlow.Delete_Queue -->
    </test> <!-- Queue Deletion -->
    <test started-at="2024-01-30T23:15:17 IST" name="Disposition Deletion" finished-at="2024-01-30T23:15:46 IST" duration-ms="28619">
      <class name="Admin_Configuration_DeleteFlow.Delete_Disposition">
        <test-method is-config="true" signature="Login()[pri:0, instance:Admin_Configuration_DeleteFlow.Delete_Disposition@3ba987b8]" started-at="2024-01-30T23:15:17 IST" name="Login" finished-at="2024-01-30T23:15:39 IST" duration-ms="21282" status="PASS">
          <reporter-output>
          </reporter-output>
        </test-method> <!-- Login -->
        <test-method is-config="true" signature="Setup()[pri:0, instance:Admin_Configuration_DeleteFlow.Delete_Disposition@3ba987b8]" started-at="2024-01-30T23:15:39 IST" name="Setup" finished-at="2024-01-30T23:15:41 IST" duration-ms="2437" status="PASS">
          <reporter-output>
          </reporter-output>
        </test-method> <!-- Setup -->
        <test-method signature="Dispo_Delete(java.lang.String)[pri:0, instance:Admin_Configuration_DeleteFlow.Delete_Disposition@3ba987b8]" started-at="2024-01-30T23:15:41 IST" name="Dispo_Delete" finished-at="2024-01-30T23:15:45 IST" duration-ms="3446" status="PASS">
          <params>
            <param index="0">
              <value>
                <![CDATA[QA]]>
              </value>
            </param>
          </params>
          <reporter-output>
          </reporter-output>
        </test-method> <!-- Dispo_Delete -->
        <test-method is-config="true" signature="Quit()[pri:0, instance:Admin_Configuration_DeleteFlow.Delete_Disposition@3ba987b8]" started-at="2024-01-30T23:15:45 IST" name="Quit" finished-at="2024-01-30T23:15:46 IST" duration-ms="1453" status="PASS">
          <reporter-output>
          </reporter-output>
        </test-method> <!-- Quit -->
      </class> <!-- Admin_Configuration_DeleteFlow.Delete_Disposition -->
    </test> <!-- Disposition Deletion -->
    <test started-at="2024-01-30T23:15:46 IST" name="SubDisposition Deletion" finished-at="2024-01-30T23:16:22 IST" duration-ms="35780">
      <class name="Admin_Configuration_DeleteFlow.Delete_SubDisposition">
        <test-method is-config="true" signature="Login()[pri:0, instance:Admin_Configuration_DeleteFlow.Delete_SubDisposition@18271936]" started-at="2024-01-30T23:15:46 IST" name="Login" finished-at="2024-01-30T23:16:15 IST" duration-ms="28634" status="PASS">
          <reporter-output>
          </reporter-output>
        </test-method> <!-- Login -->
        <test-method is-config="true" signature="Setup()[pri:0, instance:Admin_Configuration_DeleteFlow.Delete_SubDisposition@18271936]" started-at="2024-01-30T23:16:15 IST" name="Setup" finished-at="2024-01-30T23:16:17 IST" duration-ms="2422" status="PASS">
          <reporter-output>
          </reporter-output>
        </test-method> <!-- Setup -->
        <test-method signature="Delete_SubDisposition(java.lang.String)[pri:0, instance:Admin_Configuration_DeleteFlow.Delete_SubDisposition@18271936]" started-at="2024-01-30T23:16:17 IST" name="Delete_SubDisposition" finished-at="2024-01-30T23:16:20 IST" duration-ms="3366" status="PASS">
          <params>
            <param index="0">
              <value>
                <![CDATA[Demo]]>
              </value>
            </param>
          </params>
          <reporter-output>
          </reporter-output>
        </test-method> <!-- Delete_SubDisposition -->
        <test-method is-config="true" signature="Quit()[pri:0, instance:Admin_Configuration_DeleteFlow.Delete_SubDisposition@18271936]" started-at="2024-01-30T23:16:20 IST" name="Quit" finished-at="2024-01-30T23:16:22 IST" duration-ms="1355" status="PASS">
          <reporter-output>
          </reporter-output>
        </test-method> <!-- Quit -->
      </class> <!-- Admin_Configuration_DeleteFlow.Delete_SubDisposition -->
    </test> <!-- SubDisposition Deletion -->
    <test started-at="2024-01-30T23:16:22 IST" name="TicketStatus Deletion" finished-at="2024-01-30T23:16:48 IST" duration-ms="26081">
      <class name="Admin_Configuration_DeleteFlow.Delete_TicketStatus">
        <test-method is-config="true" signature="Login()[pri:0, instance:Admin_Configuration_DeleteFlow.Delete_TicketStatus@2cb4893b]" started-at="2024-01-30T23:16:22 IST" name="Login" finished-at="2024-01-30T23:16:41 IST" duration-ms="18882" status="PASS">
          <reporter-output>
          </reporter-output>
        </test-method> <!-- Login -->
        <test-method is-config="true" signature="Setup()[pri:0, instance:Admin_Configuration_DeleteFlow.Delete_TicketStatus@2cb4893b]" started-at="2024-01-30T23:16:41 IST" name="Setup" finished-at="2024-01-30T23:16:43 IST" duration-ms="2469" status="PASS">
          <reporter-output>
          </reporter-output>
        </test-method> <!-- Setup -->
        <test-method signature="TicketStatus_Deletion(java.lang.String)[pri:0, instance:Admin_Configuration_DeleteFlow.Delete_TicketStatus@2cb4893b]" started-at="2024-01-30T23:16:43 IST" name="TicketStatus_Deletion" finished-at="2024-01-30T23:16:47 IST" duration-ms="3415" status="PASS">
          <params>
            <param index="0">
              <value>
                <![CDATA[QA]]>
              </value>
            </param>
          </params>
          <reporter-output>
          </reporter-output>
        </test-method> <!-- TicketStatus_Deletion -->
        <test-method is-config="true" signature="Quit()[pri:0, instance:Admin_Configuration_DeleteFlow.Delete_TicketStatus@2cb4893b]" started-at="2024-01-30T23:16:47 IST" name="Quit" finished-at="2024-01-30T23:16:48 IST" duration-ms="1314" status="PASS">
          <reporter-output>
          </reporter-output>
        </test-method> <!-- Quit -->
      </class> <!-- Admin_Configuration_DeleteFlow.Delete_TicketStatus -->
    </test> <!-- TicketStatus Deletion -->
    <test started-at="2024-01-30T23:16:48 IST" name="PauseCode Deletion" finished-at="2024-01-30T23:17:30 IST" duration-ms="41951">
      <class name="Admin_Configuration_DeleteFlow.Delete_PauseCode">
        <test-method is-config="true" signature="Login()[pri:0, instance:Admin_Configuration_DeleteFlow.Delete_PauseCode@273444fe]" started-at="2024-01-30T23:16:48 IST" name="Login" finished-at="2024-01-30T23:17:23 IST" duration-ms="34778" status="PASS">
          <reporter-output>
          </reporter-output>
        </test-method> <!-- Login -->
        <test-method is-config="true" signature="Setup()[pri:0, instance:Admin_Configuration_DeleteFlow.Delete_PauseCode@273444fe]" started-at="2024-01-30T23:17:23 IST" name="Setup" finished-at="2024-01-30T23:17:25 IST" duration-ms="2447" status="PASS">
          <reporter-output>
          </reporter-output>
        </test-method> <!-- Setup -->
        <test-method signature="Delete_PauseCode(java.lang.String)[pri:0, instance:Admin_Configuration_DeleteFlow.Delete_PauseCode@273444fe]" started-at="2024-01-30T23:17:25 IST" name="Delete_PauseCode" finished-at="2024-01-30T23:17:29 IST" duration-ms="3408" status="PASS">
          <params>
            <param index="0">
              <value>
                <![CDATA[QA]]>
              </value>
            </param>
          </params>
          <reporter-output>
          </reporter-output>
        </test-method> <!-- Delete_PauseCode -->
        <test-method is-config="true" signature="Quit()[pri:0, instance:Admin_Configuration_DeleteFlow.Delete_PauseCode@273444fe]" started-at="2024-01-30T23:17:29 IST" name="Quit" finished-at="2024-01-30T23:17:30 IST" duration-ms="1312" status="PASS">
          <reporter-output>
          </reporter-output>
        </test-method> <!-- Quit -->
      </class> <!-- Admin_Configuration_DeleteFlow.Delete_PauseCode -->
    </test> <!-- PauseCode Deletion -->
    <test started-at="2024-01-30T23:17:30 IST" name="BlockList Deletion" finished-at="2024-01-30T23:17:55 IST" duration-ms="25187">
      <class name="Admin_Configuration_DeleteFlow.Delete_BlockList">
        <test-method is-config="true" signature="Login()[pri:0, instance:Admin_Configuration_DeleteFlow.Delete_BlockList@4681c175]" started-at="2024-01-30T23:17:30 IST" name="Login" finished-at="2024-01-30T23:17:48 IST" duration-ms="18213" status="PASS">
          <reporter-output>
          </reporter-output>
        </test-method> <!-- Login -->
        <test-method is-config="true" signature="Setup()[pri:0, instance:Admin_Configuration_DeleteFlow.Delete_BlockList@4681c175]" started-at="2024-01-30T23:17:48 IST" name="Setup" finished-at="2024-01-30T23:17:51 IST" duration-ms="2443" status="PASS">
          <reporter-output>
          </reporter-output>
        </test-method> <!-- Setup -->
        <test-method signature="BlockList_Delete(java.lang.String)[pri:0, instance:Admin_Configuration_DeleteFlow.Delete_BlockList@4681c175]" started-at="2024-01-30T23:17:51 IST" name="BlockList_Delete" finished-at="2024-01-30T23:17:54 IST" duration-ms="3293" status="PASS">
          <params>
            <param index="0">
              <value>
                <![CDATA[9090909091]]>
              </value>
            </param>
          </params>
          <reporter-output>
          </reporter-output>
        </test-method> <!-- BlockList_Delete -->
        <test-method is-config="true" signature="Quit()[pri:0, instance:Admin_Configuration_DeleteFlow.Delete_BlockList@4681c175]" started-at="2024-01-30T23:17:54 IST" name="Quit" finished-at="2024-01-30T23:17:55 IST" duration-ms="1237" status="PASS">
          <reporter-output>
          </reporter-output>
        </test-method> <!-- Quit -->
      </class> <!-- Admin_Configuration_DeleteFlow.Delete_BlockList -->
    </test> <!-- BlockList Deletion -->
    <test started-at="2024-01-30T23:17:55 IST" name="DID Number Deletion" finished-at="2024-01-30T23:18:20 IST" duration-ms="25339">
      <class name="Admin_Configuration_DeleteFlow.Delete_DIDNumber">
        <test-method is-config="true" signature="Login()[pri:0, instance:Admin_Configuration_DeleteFlow.Delete_DIDNumber@14028087]" started-at="2024-01-30T23:17:55 IST" name="Login" finished-at="2024-01-30T23:18:13 IST" duration-ms="18365" status="PASS">
          <reporter-output>
          </reporter-output>
        </test-method> <!-- Login -->
        <test-method is-config="true" signature="Setup()[pri:0, instance:Admin_Configuration_DeleteFlow.Delete_DIDNumber@14028087]" started-at="2024-01-30T23:18:13 IST" name="Setup" finished-at="2024-01-30T23:18:16 IST" duration-ms="2415" status="PASS">
          <reporter-output>
          </reporter-output>
        </test-method> <!-- Setup -->
        <test-method signature="Delete_DIDNumber(java.lang.String)[pri:0, instance:Admin_Configuration_DeleteFlow.Delete_DIDNumber@14028087]" started-at="2024-01-30T23:18:16 IST" name="Delete_DIDNumber" finished-at="2024-01-30T23:18:19 IST" duration-ms="3317" status="PASS">
          <params>
            <param index="0">
              <value>
                <![CDATA[9876543209]]>
              </value>
            </param>
          </params>
          <reporter-output>
          </reporter-output>
        </test-method> <!-- Delete_DIDNumber -->
        <test-method is-config="true" signature="Quit()[pri:0, instance:Admin_Configuration_DeleteFlow.Delete_DIDNumber@14028087]" started-at="2024-01-30T23:18:19 IST" name="Quit" finished-at="2024-01-30T23:18:20 IST" duration-ms="1240" status="PASS">
          <reporter-output>
          </reporter-output>
        </test-method> <!-- Quit -->
      </class> <!-- Admin_Configuration_DeleteFlow.Delete_DIDNumber -->
    </test> <!-- DID Number Deletion -->
    <test started-at="2024-01-30T23:18:20 IST" name="Tags Deletion" finished-at="2024-01-30T23:18:42 IST" duration-ms="21986">
      <class name="Admin_Configuration_DeleteFlow.Delete_Tags">
        <test-method is-config="true" signature="Login()[pri:0, instance:Admin_Configuration_DeleteFlow.Delete_Tags@268f106e]" started-at="2024-01-30T23:18:20 IST" name="Login" finished-at="2024-01-30T23:18:35 IST" duration-ms="15044" status="PASS">
          <reporter-output>
          </reporter-output>
        </test-method> <!-- Login -->
        <test-method is-config="true" signature="Setup()[pri:0, instance:Admin_Configuration_DeleteFlow.Delete_Tags@268f106e]" started-at="2024-01-30T23:18:35 IST" name="Setup" finished-at="2024-01-30T23:18:38 IST" duration-ms="2290" status="PASS">
          <reporter-output>
          </reporter-output>
        </test-method> <!-- Setup -->
        <test-method signature="Delete_Tags(java.lang.String)[pri:0, instance:Admin_Configuration_DeleteFlow.Delete_Tags@268f106e]" started-at="2024-01-30T23:18:38 IST" name="Delete_Tags" finished-at="2024-01-30T23:18:41 IST" duration-ms="3360" status="PASS">
          <params>
            <param index="0">
              <value>
                <![CDATA[QA]]>
              </value>
            </param>
          </params>
          <reporter-output>
          </reporter-output>
        </test-method> <!-- Delete_Tags -->
        <test-method is-config="true" signature="Quit()[pri:0, instance:Admin_Configuration_DeleteFlow.Delete_Tags@268f106e]" started-at="2024-01-30T23:18:41 IST" name="Quit" finished-at="2024-01-30T23:18:42 IST" duration-ms="1290" status="PASS">
          <reporter-output>
          </reporter-output>
        </test-method> <!-- Quit -->
      </class> <!-- Admin_Configuration_DeleteFlow.Delete_Tags -->
    </test> <!-- Tags Deletion -->
    <test started-at="2024-01-30T23:18:42 IST" name="Announcemet Deletion" finished-at="2024-01-30T23:19:03 IST" duration-ms="21118">
      <class name="Admin_Configuration_DeleteFlow.Delete_Announcement">
        <test-method is-config="true" signature="Login()[pri:0, instance:Admin_Configuration_DeleteFlow.Delete_Announcement@231f98ef]" started-at="2024-01-30T23:18:42 IST" name="Login" finished-at="2024-01-30T23:18:56 IST" duration-ms="13893" status="PASS">
          <reporter-output>
          </reporter-output>
        </test-method> <!-- Login -->
        <test-method is-config="true" signature="Setup()[pri:0, instance:Admin_Configuration_DeleteFlow.Delete_Announcement@231f98ef]" started-at="2024-01-30T23:18:56 IST" name="Setup" finished-at="2024-01-30T23:18:59 IST" duration-ms="2503" status="PASS">
          <reporter-output>
          </reporter-output>
        </test-method> <!-- Setup -->
        <test-method signature="Announcement_Delete(java.lang.String)[pri:0, instance:Admin_Configuration_DeleteFlow.Delete_Announcement@231f98ef]" started-at="2024-01-30T23:18:59 IST" name="Announcement_Delete" finished-at="2024-01-30T23:19:02 IST" duration-ms="3480" status="PASS">
          <params>
            <param index="0">
              <value>
                <![CDATA[QA]]>
              </value>
            </param>
          </params>
          <reporter-output>
          </reporter-output>
        </test-method> <!-- Announcement_Delete -->
        <test-method is-config="true" signature="Quit()[pri:0, instance:Admin_Configuration_DeleteFlow.Delete_Announcement@231f98ef]" started-at="2024-01-30T23:19:02 IST" name="Quit" finished-at="2024-01-30T23:19:03 IST" duration-ms="1235" status="PASS">
          <reporter-output>
          </reporter-output>
        </test-method> <!-- Quit -->
      </class> <!-- Admin_Configuration_DeleteFlow.Delete_Announcement -->
    </test> <!-- Announcemet Deletion -->
    <test started-at="2024-01-30T23:19:03 IST" name="Script Deletion" finished-at="2024-01-30T23:19:26 IST" duration-ms="22223">
      <class name="Admin_Configuration_DeleteFlow.Delete_Script">
        <test-method is-config="true" signature="Login()[pri:0, instance:Admin_Configuration_DeleteFlow.Delete_Script@3e08ff24]" started-at="2024-01-30T23:19:03 IST" name="Login" finished-at="2024-01-30T23:19:19 IST" duration-ms="15197" status="PASS">
          <reporter-output>
          </reporter-output>
        </test-method> <!-- Login -->
        <test-method is-config="true" signature="Setup()[pri:0, instance:Admin_Configuration_DeleteFlow.Delete_Script@3e08ff24]" started-at="2024-01-30T23:19:19 IST" name="Setup" finished-at="2024-01-30T23:19:21 IST" duration-ms="2421" status="PASS">
          <reporter-output>
          </reporter-output>
        </test-method> <!-- Setup -->
        <test-method signature="Delete_Script(java.lang.String)[pri:0, instance:Admin_Configuration_DeleteFlow.Delete_Script@3e08ff24]" started-at="2024-01-30T23:19:21 IST" name="Delete_Script" finished-at="2024-01-30T23:19:24 IST" duration-ms="3349" status="PASS">
          <params>
            <param index="0">
              <value>
                <![CDATA[QA]]>
              </value>
            </param>
          </params>
          <reporter-output>
          </reporter-output>
        </test-method> <!-- Delete_Script -->
        <test-method is-config="true" signature="Quit()[pri:0, instance:Admin_Configuration_DeleteFlow.Delete_Script@3e08ff24]" started-at="2024-01-30T23:19:24 IST" name="Quit" finished-at="2024-01-30T23:19:26 IST" duration-ms="1255" status="PASS">
          <reporter-output>
          </reporter-output>
        </test-method> <!-- Quit -->
      </class> <!-- Admin_Configuration_DeleteFlow.Delete_Script -->
    </test> <!-- Script Deletion -->
    <test started-at="2024-01-30T23:19:26 IST" name="InboundRoute Deletion" finished-at="2024-01-30T23:19:52 IST" duration-ms="26320">
      <class name="Admin_Configuration_DeleteFlow.Delete_InboundRouter">
        <test-method is-config="true" signature="Login()[pri:0, instance:Admin_Configuration_DeleteFlow.Delete_InboundRouter@59402b8f]" started-at="2024-01-30T23:19:26 IST" name="Login" finished-at="2024-01-30T23:19:45 IST" duration-ms="19194" status="PASS">
          <reporter-output>
          </reporter-output>
        </test-method> <!-- Login -->
        <test-method is-config="true" signature="Setup()[pri:0, instance:Admin_Configuration_DeleteFlow.Delete_InboundRouter@59402b8f]" started-at="2024-01-30T23:19:45 IST" name="Setup" finished-at="2024-01-30T23:19:47 IST" duration-ms="2496" status="PASS">
          <reporter-output>
          </reporter-output>
        </test-method> <!-- Setup -->
        <test-method signature="Delete_InboundRouter(java.lang.String)[pri:0, instance:Admin_Configuration_DeleteFlow.Delete_InboundRouter@59402b8f]" started-at="2024-01-30T23:19:47 IST" name="Delete_InboundRouter" finished-at="2024-01-30T23:19:51 IST" duration-ms="3367" status="PASS">
          <params>
            <param index="0">
              <value>
                <![CDATA[9090909090]]>
              </value>
            </param>
          </params>
          <reporter-output>
          </reporter-output>
        </test-method> <!-- Delete_InboundRouter -->
        <test-method is-config="true" signature="Quit()[pri:0, instance:Admin_Configuration_DeleteFlow.Delete_InboundRouter@59402b8f]" started-at="2024-01-30T23:19:51 IST" name="Quit" finished-at="2024-01-30T23:19:52 IST" duration-ms="1260" status="PASS">
          <reporter-output>
          </reporter-output>
        </test-method> <!-- Quit -->
      </class> <!-- Admin_Configuration_DeleteFlow.Delete_InboundRouter -->
    </test> <!-- InboundRoute Deletion -->
    <test started-at="2024-01-30T23:19:52 IST" name="TimeZone Deletion" finished-at="2024-01-30T23:20:18 IST" duration-ms="26145">
      <class name="Admin_Configuration_DeleteFlow.Delete_Timezone">
        <test-method is-config="true" signature="Login()[pri:0, instance:Admin_Configuration_DeleteFlow.Delete_Timezone@76494737]" started-at="2024-01-30T23:19:52 IST" name="Login" finished-at="2024-01-30T23:20:11 IST" duration-ms="18979" status="PASS">
          <reporter-output>
          </reporter-output>
        </test-method> <!-- Login -->
        <test-method is-config="true" signature="Setup()[pri:0, instance:Admin_Configuration_DeleteFlow.Delete_Timezone@76494737]" started-at="2024-01-30T23:20:11 IST" name="Setup" finished-at="2024-01-30T23:20:14 IST" duration-ms="2536" status="PASS">
          <reporter-output>
          </reporter-output>
        </test-method> <!-- Setup -->
        <test-method signature="Delete_Timezone(java.lang.String)[pri:0, instance:Admin_Configuration_DeleteFlow.Delete_Timezone@76494737]" started-at="2024-01-30T23:20:14 IST" name="Delete_Timezone" finished-at="2024-01-30T23:20:17 IST" duration-ms="3386" status="PASS">
          <params>
            <param index="0">
              <value>
                <![CDATA[QA]]>
              </value>
            </param>
          </params>
          <reporter-output>
          </reporter-output>
        </test-method> <!-- Delete_Timezone -->
        <test-method is-config="true" signature="Quit()[pri:0, instance:Admin_Configuration_DeleteFlow.Delete_Timezone@76494737]" started-at="2024-01-30T23:20:17 IST" name="Quit" finished-at="2024-01-30T23:20:18 IST" duration-ms="1242" status="PASS">
          <reporter-output>
          </reporter-output>
        </test-method> <!-- Quit -->
      </class> <!-- Admin_Configuration_DeleteFlow.Delete_Timezone -->
    </test> <!-- TimeZone Deletion -->
    <test started-at="2024-01-30T23:20:18 IST" name="MeetingTitle Deletion" finished-at="2024-01-30T23:20:43 IST" duration-ms="25205">
      <class name="Admin_Configuration_DeleteFlow.Delete_MeetingTitle">
        <test-method is-config="true" signature="Login()[pri:0, instance:Admin_Configuration_DeleteFlow.Delete_MeetingTitle@43df23d3]" started-at="2024-01-30T23:20:18 IST" name="Login" finished-at="2024-01-30T23:20:36 IST" duration-ms="18059" status="PASS">
          <reporter-output>
          </reporter-output>
        </test-method> <!-- Login -->
        <test-method is-config="true" signature="Setup()[pri:0, instance:Admin_Configuration_DeleteFlow.Delete_MeetingTitle@43df23d3]" started-at="2024-01-30T23:20:36 IST" name="Setup" finished-at="2024-01-30T23:20:39 IST" duration-ms="2503" status="PASS">
          <reporter-output>
          </reporter-output>
        </test-method> <!-- Setup -->
        <test-method signature="Delete_MeetingTitle(java.lang.String)[pri:0, instance:Admin_Configuration_DeleteFlow.Delete_MeetingTitle@43df23d3]" started-at="2024-01-30T23:20:39 IST" name="Delete_MeetingTitle" finished-at="2024-01-30T23:20:42 IST" duration-ms="3389" status="PASS">
          <params>
            <param index="0">
              <value>
                <![CDATA[QA]]>
              </value>
            </param>
          </params>
          <reporter-output>
          </reporter-output>
        </test-method> <!-- Delete_MeetingTitle -->
        <test-method is-config="true" signature="Quit()[pri:0, instance:Admin_Configuration_DeleteFlow.Delete_MeetingTitle@43df23d3]" started-at="2024-01-30T23:20:42 IST" name="Quit" finished-at="2024-01-30T23:20:43 IST" duration-ms="1252" status="PASS">
          <reporter-output>
          </reporter-output>
        </test-method> <!-- Quit -->
      </class> <!-- Admin_Configuration_DeleteFlow.Delete_MeetingTitle -->
    </test> <!-- MeetingTitle Deletion -->
  </suite> <!-- Configuration FLow Testing -->
</testng-results>
