<?xml version="1.0" encoding="UTF-8"?>
<!-- Generated by org.testng.reporters.JUnitXMLReporter -->
<testsuite ignored="0" hostname="DESKTOP-AJNVIH5" failures="1" tests="1" name="BlockList Upload" time="19.601" errors="0" timestamp="2024-02-08T18:25:29 IST">
  <testcase classname="Admin_Configuration_CreateFlow.Upload_BlockList" name="Uplode_BlockList" time="3.591">
    <failure type="java.lang.AssertionError" message=" BlockList is Not Created...! expected [true] but found [false]">
      <![CDATA[java.lang.AssertionError:  BlockList is Not Created...! expected [true] but found [false]
at Admin_Configuration_CreateFlow.Upload_BlockList.Uplode_BlockList(Upload_BlockList.java:107)
at java.base/java.util.ArrayList.forEach(ArrayList.java:1511)
... Removed 30 stack frames]]>
    </failure>
  </testcase> <!-- Uplode_BlockList -->
</testsuite> <!-- BlockList Upload -->
