<?xml version="1.0" encoding="UTF-8"?>
<!-- Generated by org.testng.reporters.JUnitXMLReporter -->
<testsuite ignored="0" hostname="DESKTOP-AJNVIH5" failures="0" tests="2" name="DID Number Updation" time="40.438" errors="0" timestamp="2024-01-30T23:12:06 IST">
  <testcase classname="Admin_Configuration_UpdateFlow.Update_DIDNumber" name="Update_DIDNumberStatus" time="4.559"/>
  <testcase classname="Admin_Configuration_UpdateFlow.Update_DIDNumber" name="Update_DIDNumberLive" time="3.519"/>
</testsuite> <!-- DID Number Updation -->
