<?xml version="1.0" encoding="UTF-8"?>
<!-- Generated by org.testng.reporters.JUnitXMLReporter -->
<testsuite ignored="0" hostname="DESKTOP-AJNVIH5" failures="0" tests="2" name="DID Number Updation" time="26.045" errors="0" timestamp="2024-02-08T18:30:22 IST">
  <testcase classname="Admin_Configuration_UpdateFlow.Update_DIDNumber" name="Update_DIDNumberStatus" time="4.591"/>
  <testcase classname="Admin_Configuration_UpdateFlow.Update_DIDNumber" name="Update_DIDNumberLive" time="3.561"/>
</testsuite> <!-- DID Number Updation -->
