<?xml version="1.0" encoding="UTF-8"?>
<!-- Generated by org.testng.reporters.JUnitXMLReporter -->
<testsuite ignored="0" hostname="DESKTOP-AJNVIH5" failures="0" tests="2" name="PauseCode Updation" time="46.68" errors="0" timestamp="2024-01-30T23:11:25 IST">
  <testcase classname="Admin_Configuration_UpdateFlow.Update_PauseCode" name="Update_PausecodeTime" time="3.796"/>
  <testcase classname="Admin_Configuration_UpdateFlow.Update_PauseCode" name="Update_PausecodeStatus" time="3.473"/>
</testsuite> <!-- PauseCode Updation -->
