<?xml version="1.0" encoding="UTF-8"?>
<!-- Generated by org.testng.reporters.JUnitXMLReporter -->
<testsuite ignored="0" hostname="DESKTOP-AJNVIH5" failures="0" tests="2" name="Script Updation" time="27.028" errors="0" timestamp="2024-02-08T18:31:39 IST">
  <testcase classname="Admin_Configuration_UpdateFlow.Update_Script" name="Update_ScriptStatus" time="4.793"/>
  <testcase classname="Admin_Configuration_UpdateFlow.Update_Script" name="Update_ScriptContent" time="4.358"/>
</testsuite> <!-- Script Updation -->
