<?xml version="1.0" encoding="UTF-8"?>
<!-- Generated by org.testng.reporters.JUnitXMLReporter -->
<testsuite ignored="2" hostname="DESKTOP-AJNVIH5" failures="0" tests="1" name="Default test" time="17.228" errors="0" timestamp="2024-02-14T11:47:02 IST">
  <testcase classname="AgentLogin.OutBound_Call" name="Meeting_Call" time="2.314"/>
  <testcase classname="AgentLogin.OutBound_Call" name="Contact_Call" time="0.0">
    <ignored/>
  </testcase> <!-- Contact_Call -->
  <testcase classname="AgentLogin.OutBound_Call" name="Outbound_Call" time="0.0">
    <ignored/>
  </testcase> <!-- Outbound_Call -->
</testsuite> <!-- Default test -->
