<?xml version="1.0" encoding="UTF-8"?>
<!-- Generated by org.testng.reporters.JUnitXMLReporter -->
<testsuite ignored="0" hostname="DESKTOP-AJNVIH5" failures="0" tests="3" name="Announcement Updation" time="31.397" errors="0" timestamp="2024-02-01T13:31:27 IST">
  <testcase classname="Admin_Configuration_UpdateFlow.Update_Announcement" name="Update_AnnouncementStatus" time="2.585"/>
  <testcase classname="Admin_Configuration_UpdateFlow.Update_Announcement" name="Update_AnnouncementMessage" time="4.032"/>
  <testcase classname="Admin_Configuration_UpdateFlow.Update_Announcement" name="Update_AnnouncementCampaign" time="4.794"/>
</testsuite> <!-- Announcement Updation -->
