<?xml version="1.0" encoding="UTF-8"?>
<!-- Generated by org.testng.reporters.JUnitXMLReporter -->
<testsuite ignored="0" hostname="DESKTOP-AJNVIH5" failures="1" tests="1" name="InboundRoute Deletion" time="20.419" errors="0" timestamp="2024-02-01T13:38:57 IST">
  <testcase classname="Admin_Configuration_DeleteFlow.Delete_InboundRouter" name="Delete_InboundRouter" time="3.373">
    <failure type="java.lang.AssertionError" message="Inbound Route is Not Deleted..! expected [false] but found [true]">
      <![CDATA[java.lang.AssertionError: Inbound Route is Not Deleted..! expected [false] but found [true]
at Admin_Configuration_DeleteFlow.Delete_InboundRouter.Delete_InboundRouter(Delete_InboundRouter.java:70)
at java.base/java.util.ArrayList.forEach(ArrayList.java:1511)
... Removed 30 stack frames]]>
    </failure>
  </testcase> <!-- Delete_InboundRouter -->
</testsuite> <!-- InboundRoute Deletion -->
