<?xml version="1.0" encoding="UTF-8"?>
<!-- Generated by org.testng.reporters.JUnitXMLReporter -->
<testsuite ignored="0" hostname="DESKTOP-AJNVIH5" failures="0" tests="2" name="PauseCode Updation" time="25.843" errors="0" timestamp="2024-02-01T09:48:22 IST">
  <testcase classname="Admin_Configuration_UpdateFlow.Update_PauseCode" name="Update_PausecodeTime" time="3.743"/>
  <testcase classname="Admin_Configuration_UpdateFlow.Update_PauseCode" name="Update_PausecodeStatus" time="3.711"/>
</testsuite> <!-- PauseCode Updation -->
