<?xml version="1.0" encoding="UTF-8"?>
<!-- Generated by org.testng.reporters.JUnitXMLReporter -->
<testsuite ignored="0" hostname="DESKTOP-AJNVIH5" failures="0" tests="2" name="PauseCode Updation" time="26.269" errors="0" timestamp="2024-02-01T13:30:07 IST">
  <testcase classname="Admin_Configuration_UpdateFlow.Update_PauseCode" name="Update_PausecodeTime" time="3.711"/>
  <testcase classname="Admin_Configuration_UpdateFlow.Update_PauseCode" name="Update_PausecodeStatus" time="3.563"/>
</testsuite> <!-- PauseCode Updation -->
