<?xml version="1.0" encoding="UTF-8"?>
<!-- Generated by org.testng.reporters.JUnitXMLReporter -->
<testsuite ignored="0" hostname="DESKTOP-AJNVIH5" failures="0" tests="3" name="Queue Updation" time="29.353" errors="0" timestamp="2024-01-31T14:31:32 IST">
  <testcase classname="Admin_Configuration_UpdateFlow.Update_Queue" name="Update_QueueStrategy" time="3.662"/>
  <testcase classname="Admin_Configuration_UpdateFlow.Update_Queue" name="Update_QueueWaitTime" time="2.719"/>
  <testcase classname="Admin_Configuration_UpdateFlow.Update_Queue" name="Update_QueueRestart" time="4.85"/>
</testsuite> <!-- Queue Updation -->
