<?xml version="1.0" encoding="UTF-8"?>
<!-- Generated by org.testng.reporters.JUnitXMLReporter -->
<testsuite ignored="0" hostname="DESKTOP-AJNVIH5" failures="1" tests="1" name="Tags Deletion" time="18.506" errors="0" timestamp="2024-02-01T13:37:58 IST">
  <testcase classname="Admin_Configuration_DeleteFlow.Delete_Tags" name="Delete_Tags" time="3.363">
    <failure type="java.lang.AssertionError" message="Tag is Not Deleted..! expected [false] but found [true]">
      <![CDATA[java.lang.AssertionError: Tag is Not Deleted..! expected [false] but found [true]
at Admin_Configuration_DeleteFlow.Delete_Tags.Delete_Tags(Delete_Tags.java:73)
at java.base/java.util.ArrayList.forEach(ArrayList.java:1511)
... Removed 30 stack frames]]>
    </failure>
  </testcase> <!-- Delete_Tags -->
</testsuite> <!-- Tags Deletion -->
