<?xml version="1.0" encoding="UTF-8"?>
<!-- Generated by org.testng.reporters.JUnitXMLReporter -->
<testsuite ignored="0" hostname="DESKTOP-AJNVIH5" failures="0" tests="1" name="Creation" time="0.2" errors="0" timestamp="2024-01-13T14:26:47 IST">
  <testcase classname="Disposition.Dispo_Creation" name="@BeforeMethod Setup" time="-1.705136207793E9">
    <skipped/>
  </testcase> <!-- @BeforeMethod Setup -->
  <testcase classname="Disposition.Dispo_Creation" name="Create_Disposition" time="0.0">
    <skipped/>
  </testcase> <!-- Create_Disposition -->
</testsuite> <!-- Creation -->
