<?xml version="1.0" encoding="UTF-8"?>
<!-- Generated by org.testng.reporters.JUnitXMLReporter -->
<testsuite ignored="1" hostname="DESKTOP-AJNVIH5" failures="0" tests="1" name="Contact Uplode" time="22.403" errors="0" timestamp="2024-02-08T17:14:27 IST">
  <testcase classname="Contact.CreatingContact" name="UplodeContact" time="5.572"/>
  <testcase classname="Contact.CreatingContact" name="CreateContact" time="0.0">
    <ignored/>
  </testcase> <!-- CreateContact -->
</testsuite> <!-- Contact Uplode -->
