<?xml version="1.0" encoding="UTF-8"?>
<!-- Generated by org.testng.reporters.JUnitXMLReporter -->
<testsuite ignored="0" hostname="DESKTOP-AJNVIH5" failures="0" tests="2" name="UserGroups Updation" time="53.762" errors="0" timestamp="2024-02-13T17:04:52 IST">
  <testcase classname="Admin_UsersGroups_UpdateFlow.Update_UserGroups" name="Update_UserGroupName" time="5.157"/>
  <testcase classname="Admin_UsersGroups_UpdateFlow.Update_UserGroups" name="Update_Permission" time="30.836"/>
</testsuite> <!-- UserGroups Updation -->
