<?xml version="1.0" encoding="UTF-8"?>
<!-- Generated by org.testng.reporters.JUnitXMLReporter -->
<testsuite ignored="0" hostname="DESKTOP-AJNVIH5" failures="0" tests="15" name="Navbar Testing" time="17.607" errors="0" timestamp="2024-02-12T18:03:04 IST">
  <testcase classname="AgentLogin.Navbar_Testing" name="lead_Page" time="0.523"/>
  <testcase classname="AgentLogin.Navbar_Testing" name="contact_Page" time="0.467"/>
  <testcase classname="AgentLogin.Navbar_Testing" name="meeting_Page" time="0.628"/>
  <testcase classname="AgentLogin.Navbar_Testing" name="ticket_Page" time="0.3"/>
  <testcase classname="AgentLogin.Navbar_Testing" name="script_Page" time="0.27"/>
  <testcase classname="AgentLogin.Navbar_Testing" name="menu_List" time="0.26"/>
  <testcase classname="AgentLogin.Navbar_Testing" name="menu_ListLead" time="0.411"/>
  <testcase classname="AgentLogin.Navbar_Testing" name="menu_ListMeeting" time="0.572"/>
  <testcase classname="AgentLogin.Navbar_Testing" name="menu_ListTicket" time="0.351"/>
  <testcase classname="AgentLogin.Navbar_Testing" name="menu_ListContact" time="0.415"/>
  <testcase classname="AgentLogin.Navbar_Testing" name="menu_ListVoiceMail" time="0.353"/>
  <testcase classname="AgentLogin.Navbar_Testing" name="menu_ListScript" time="0.327"/>
  <testcase classname="AgentLogin.Navbar_Testing" name="Noti_tab" time="0.73"/>
  <testcase classname="AgentLogin.Navbar_Testing" name="Profile_tab" time="1.065"/>
  <testcase classname="AgentLogin.Navbar_Testing" name="Agent_Logout" time="0.432"/>
</testsuite> <!-- Navbar Testing -->
