<?xml version="1.0" encoding="UTF-8"?>
<!-- Generated by org.testng.reporters.JUnitXMLReporter -->
<testsuite ignored="0" hostname="DESKTOP-AJNVIH5" failures="0" tests="1" name="User Group Creation" time="0.068" errors="0" timestamp="2024-01-11T10:01:14 IST">
  <testcase classname="User_Groups.User_Groups" name="@BeforeMethod Setup" time="0.002">
    <failure type="java.lang.NullPointerException" message="Cannot invoke &amp;quot;org.openqa.selenium.WebDriver.findElement(org.openqa.selenium.By)&amp;quot; because &amp;quot;this.driver&amp;quot; is null">
      <![CDATA[java.lang.NullPointerException: Cannot invoke "org.openqa.selenium.WebDriver.findElement(org.openqa.selenium.By)" because "this.driver" is null
at User_Groups.User_Groups.Setup(User_Groups.java:18)
at java.base/java.util.ArrayList.forEach(ArrayList.java:1511)
... Removed 31 stack frames]]>
    </failure>
  </testcase> <!-- @BeforeMethod Setup -->
  <testcase classname="User_Groups.User_Groups" name="Create_UserGroup" time="0.0">
    <skipped/>
  </testcase> <!-- Create_UserGroup -->
</testsuite> <!-- User Group Creation -->
